{"/home/tikaya/innovevents-manager/src/config/cloudinary.js": {"path":"/home/tikaya/innovevents-manager/src/config/cloudinary.js","statementMap":{"0":{"start":{"line":6,"column":19},"end":{"line":6,"column":43}},"1":{"start":{"line":8,"column":0},"end":{"line":12,"column":3}},"2":{"start":{"line":14,"column":0},"end":{"line":14,"column":28}}},"fnMap":{},"branchMap":{},"s":{"0":0,"1":0,"2":0},"f":{},"b":{}}
,"/home/tikaya/innovevents-manager/src/config/database.js": {"path":"/home/tikaya/innovevents-manager/src/config/database.js","statementMap":{"0":{"start":{"line":6,"column":17},"end":{"line":6,"column":30}},"1":{"start":{"line":8,"column":13},"end":{"line":17,"column":2}},"2":{"start":{"line":20,"column":0},"end":{"line":24,"column":3}},"3":{"start":{"line":21,"column":4},"end":{"line":23,"column":5}},"4":{"start":{"line":22,"column":8},"end":{"line":22,"column":56}},"5":{"start":{"line":26,"column":0},"end":{"line":28,"column":3}},"6":{"start":{"line":27,"column":4},"end":{"line":27,"column":55}},"7":{"start":{"line":33,"column":14},"end":{"line":43,"column":1}},"8":{"start":{"line":34,"column":18},"end":{"line":34,"column":28}},"9":{"start":{"line":35,"column":19},"end":{"line":35,"column":49}},"10":{"start":{"line":36,"column":21},"end":{"line":36,"column":39}},"11":{"start":{"line":38,"column":4},"end":{"line":40,"column":5}},"12":{"start":{"line":39,"column":8},"end":{"line":39,"column":116}},"13":{"start":{"line":42,"column":4},"end":{"line":42,"column":18}},"14":{"start":{"line":48,"column":18},"end":{"line":58,"column":1}},"15":{"start":{"line":49,"column":19},"end":{"line":49,"column":39}},"16":{"start":{"line":50,"column":28},"end":{"line":50,"column":55}},"17":{"start":{"line":52,"column":4},"end":{"line":55,"column":6}},"18":{"start":{"line":53,"column":8},"end":{"line":53,"column":41}},"19":{"start":{"line":54,"column":8},"end":{"line":54,"column":33}},"20":{"start":{"line":57,"column":4},"end":{"line":57,"column":18}},"21":{"start":{"line":63,"column":24},"end":{"line":70,"column":1}},"22":{"start":{"line":64,"column":4},"end":{"line":69,"column":5}},"23":{"start":{"line":65,"column":23},"end":{"line":65,"column":55}},"24":{"start":{"line":66,"column":8},"end":{"line":66,"column":30}},"25":{"start":{"line":68,"column":8},"end":{"line":68,"column":74}},"26":{"start":{"line":72,"column":0},"end":{"line":77,"column":2}}},"fnMap":{"0":{"name":"(anonymous_0)","decl":{"start":{"line":20,"column":19},"end":{"line":20,"column":20}},"loc":{"start":{"line":20,"column":25},"end":{"line":24,"column":1}},"line":20},"1":{"name":"(anonymous_1)","decl":{"start":{"line":26,"column":17},"end":{"line":26,"column":18}},"loc":{"start":{"line":26,"column":26},"end":{"line":28,"column":1}},"line":26},"2":{"name":"(anonymous_2)","decl":{"start":{"line":33,"column":14},"end":{"line":33,"column":15}},"loc":{"start":{"line":33,"column":38},"end":{"line":43,"column":1}},"line":33},"3":{"name":"(anonymous_3)","decl":{"start":{"line":48,"column":18},"end":{"line":48,"column":19}},"loc":{"start":{"line":48,"column":30},"end":{"line":58,"column":1}},"line":48},"4":{"name":"(anonymous_4)","decl":{"start":{"line":52,"column":21},"end":{"line":52,"column":22}},"loc":{"start":{"line":52,"column":27},"end":{"line":55,"column":5}},"line":52},"5":{"name":"(anonymous_5)","decl":{"start":{"line":63,"column":24},"end":{"line":63,"column":25}},"loc":{"start":{"line":63,"column":36},"end":{"line":70,"column":1}},"line":63}},"branchMap":{"0":{"loc":{"start":{"line":9,"column":10},"end":{"line":9,"column":50}},"type":"binary-expr","locations":[{"start":{"line":9,"column":10},"end":{"line":9,"column":35}},{"start":{"line":9,"column":39},"end":{"line":9,"column":50}}],"line":9},"1":{"loc":{"start":{"line":10,"column":10},"end":{"line":10,"column":43}},"type":"binary-expr","locations":[{"start":{"line":10,"column":10},"end":{"line":10,"column":35}},{"start":{"line":10,"column":39},"end":{"line":10,"column":43}}],"line":10},"2":{"loc":{"start":{"line":11,"column":14},"end":{"line":11,"column":58}},"type":"binary-expr","locations":[{"start":{"line":11,"column":14},"end":{"line":11,"column":37}},{"start":{"line":11,"column":41},"end":{"line":11,"column":58}}],"line":11},"3":{"loc":{"start":{"line":12,"column":10},"end":{"line":12,"column":49}},"type":"binary-expr","locations":[{"start":{"line":12,"column":10},"end":{"line":12,"column":35}},{"start":{"line":12,"column":39},"end":{"line":12,"column":49}}],"line":12},"4":{"loc":{"start":{"line":13,"column":14},"end":{"line":13,"column":49}},"type":"binary-expr","locations":[{"start":{"line":13,"column":14},"end":{"line":13,"column":43}},{"start":{"line":13,"column":47},"end":{"line":13,"column":49}}],"line":13},"5":{"loc":{"start":{"line":21,"column":4},"end":{"line":23,"column":5}},"type":"if","locations":[{"start":{"line":21,"column":4},"end":{"line":23,"column":5}},{"start":{},"end":{}}],"line":21},"6":{"loc":{"start":{"line":38,"column":4},"end":{"line":40,"column":5}},"type":"if","locations":[{"start":{"line":38,"column":4},"end":{"line":40,"column":5}},{"start":{},"end":{}}],"line":38}},"s":{"0":0,"1":0,"2":0,"3":0,"4":0,"5":0,"6":0,"7":0,"8":0,"9":0,"10":0,"11":0,"12":0,"13":0,"14":0,"15":0,"16":0,"17":0,"18":0,"19":0,"20":0,"21":0,"22":0,"23":0,"24":0,"25":0,"26":0},"f":{"0":0,"1":0,"2":0,"3":0,"4":0,"5":0},"b":{"0":[0,0],"1":[0,0],"2":[0,0],"3":[0,0],"4":[0,0],"5":[0,0],"6":[0,0]}}
,"/home/tikaya/innovevents-manager/src/config/mongodb.js": {"path":"/home/tikaya/innovevents-manager/src/config/mongodb.js","statementMap":{"0":{"start":{"line":6,"column":24},"end":{"line":6,"column":42}},"1":{"start":{"line":8,"column":13},"end":{"line":8,"column":17}},"2":{"start":{"line":9,"column":9},"end":{"line":9,"column":13}},"3":{"start":{"line":11,"column":23},"end":{"line":35,"column":1}},"4":{"start":{"line":12,"column":4},"end":{"line":34,"column":5}},"5":{"start":{"line":13,"column":20},"end":{"line":14,"column":172}},"6":{"start":{"line":16,"column":8},"end":{"line":16,"column":49}},"7":{"start":{"line":18,"column":8},"end":{"line":18,"column":38}},"8":{"start":{"line":19,"column":8},"end":{"line":19,"column":31}},"9":{"start":{"line":21,"column":8},"end":{"line":21,"column":65}},"10":{"start":{"line":24,"column":8},"end":{"line":24,"column":38}},"11":{"start":{"line":25,"column":8},"end":{"line":25,"column":42}},"12":{"start":{"line":28,"column":8},"end":{"line":28,"column":30}},"13":{"start":{"line":30,"column":8},"end":{"line":30,"column":18}},"14":{"start":{"line":32,"column":8},"end":{"line":32,"column":68}},"15":{"start":{"line":33,"column":8},"end":{"line":33,"column":20}},"16":{"start":{"line":37,"column":22},"end":{"line":57,"column":1}},"17":{"start":{"line":38,"column":4},"end":{"line":56,"column":5}},"18":{"start":{"line":39,"column":31},"end":{"line":39,"column":52}},"19":{"start":{"line":42,"column":8},"end":{"line":42,"column":61}},"20":{"start":{"line":45,"column":8},"end":{"line":45,"column":61}},"21":{"start":{"line":48,"column":8},"end":{"line":48,"column":64}},"22":{"start":{"line":51,"column":8},"end":{"line":51,"column":77}},"23":{"start":{"line":53,"column":8},"end":{"line":53,"column":45}},"24":{"start":{"line":55,"column":8},"end":{"line":55,"column":66}},"25":{"start":{"line":59,"column":14},"end":{"line":64,"column":1}},"26":{"start":{"line":60,"column":4},"end":{"line":62,"column":5}},"27":{"start":{"line":61,"column":8},"end":{"line":61,"column":84}},"28":{"start":{"line":63,"column":4},"end":{"line":63,"column":14}},"29":{"start":{"line":66,"column":21},"end":{"line":71,"column":1}},"30":{"start":{"line":67,"column":4},"end":{"line":70,"column":5}},"31":{"start":{"line":68,"column":8},"end":{"line":68,"column":29}},"32":{"start":{"line":69,"column":8},"end":{"line":69,"column":45}},"33":{"start":{"line":73,"column":0},"end":{"line":77,"column":2}}},"fnMap":{"0":{"name":"(anonymous_0)","decl":{"start":{"line":11,"column":23},"end":{"line":11,"column":24}},"loc":{"start":{"line":11,"column":35},"end":{"line":35,"column":1}},"line":11},"1":{"name":"(anonymous_1)","decl":{"start":{"line":37,"column":22},"end":{"line":37,"column":23}},"loc":{"start":{"line":37,"column":34},"end":{"line":57,"column":1}},"line":37},"2":{"name":"(anonymous_2)","decl":{"start":{"line":59,"column":14},"end":{"line":59,"column":15}},"loc":{"start":{"line":59,"column":20},"end":{"line":64,"column":1}},"line":59},"3":{"name":"(anonymous_3)","decl":{"start":{"line":66,"column":21},"end":{"line":66,"column":22}},"loc":{"start":{"line":66,"column":33},"end":{"line":71,"column":1}},"line":66}},"branchMap":{"0":{"loc":{"start":{"line":13,"column":20},"end":{"line":14,"column":172}},"type":"binary-expr","locations":[{"start":{"line":13,"column":20},"end":{"line":13,"column":41}},{"start":{"line":14,"column":12},"end":{"line":14,"column":172}}],"line":13},"1":{"loc":{"start":{"line":21,"column":23},"end":{"line":21,"column":63}},"type":"binary-expr","locations":[{"start":{"line":21,"column":23},"end":{"line":21,"column":43}},{"start":{"line":21,"column":47},"end":{"line":21,"column":63}}],"line":21},"2":{"loc":{"start":{"line":60,"column":4},"end":{"line":62,"column":5}},"type":"if","locations":[{"start":{"line":60,"column":4},"end":{"line":62,"column":5}},{"start":{},"end":{}}],"line":60},"3":{"loc":{"start":{"line":67,"column":4},"end":{"line":70,"column":5}},"type":"if","locations":[{"start":{"line":67,"column":4},"end":{"line":70,"column":5}},{"start":{},"end":{}}],"line":67}},"s":{"0":0,"1":0,"2":0,"3":0,"4":0,"5":0,"6":0,"7":0,"8":0,"9":0,"10":0,"11":0,"12":0,"13":0,"14":0,"15":0,"16":0,"17":0,"18":0,"19":0,"20":0,"21":0,"22":0,"23":0,"24":0,"25":0,"26":0,"27":0,"28":0,"29":0,"30":0,"31":0,"32":0,"33":0},"f":{"0":0,"1":0,"2":0,"3":0},"b":{"0":[0,0],"1":[0,0],"2":[0,0],"3":[0,0]}}
,"/home/tikaya/innovevents-manager/src/controllers/AuthController.js": {"path":"/home/tikaya/innovevents-manager/src/controllers/AuthController.js","statementMap":{"0":{"start":{"line":6,"column":20},"end":{"line":6,"column":54}},"1":{"start":{"line":7,"column":21},"end":{"line":7,"column":56}},"2":{"start":{"line":8,"column":37},"end":{"line":8,"column":70}},"3":{"start":{"line":9,"column":25},"end":{"line":9,"column":63}},"4":{"start":{"line":11,"column":14},"end":{"line":40,"column":2}},"5":{"start":{"line":12,"column":36},"end":{"line":12,"column":44}},"6":{"start":{"line":13,"column":21},"end":{"line":13,"column":33}},"7":{"start":{"line":15,"column":4},"end":{"line":39,"column":5}},"8":{"start":{"line":16,"column":23},"end":{"line":16,"column":67}},"9":{"start":{"line":19,"column":8},"end":{"line":27,"column":10}},"10":{"start":{"line":29,"column":8},"end":{"line":29,"column":50}},"11":{"start":{"line":32,"column":8},"end":{"line":37,"column":10}},"12":{"start":{"line":38,"column":8},"end":{"line":38,"column":20}},"13":{"start":{"line":42,"column":17},"end":{"line":52,"column":2}},"14":{"start":{"line":43,"column":19},"end":{"line":43,"column":55}},"15":{"start":{"line":45,"column":4},"end":{"line":49,"column":5}},"16":{"start":{"line":46,"column":8},"end":{"line":46,"column":52}},"17":{"start":{"line":48,"column":8},"end":{"line":48,"column":42}},"18":{"start":{"line":51,"column":4},"end":{"line":51,"column":58}},"19":{"start":{"line":54,"column":23},"end":{"line":75,"column":2}},"20":{"start":{"line":55,"column":22},"end":{"line":55,"column":30}},"21":{"start":{"line":56,"column":19},"end":{"line":56,"column":58}},"22":{"start":{"line":58,"column":4},"end":{"line":72,"column":5}},"23":{"start":{"line":60,"column":8},"end":{"line":65,"column":10}},"24":{"start":{"line":67,"column":8},"end":{"line":71,"column":9}},"25":{"start":{"line":68,"column":12},"end":{"line":68,"column":81}},"26":{"start":{"line":70,"column":12},"end":{"line":70,"column":46}},"27":{"start":{"line":74,"column":4},"end":{"line":74,"column":101}},"28":{"start":{"line":77,"column":23},"end":{"line":90,"column":2}},"29":{"start":{"line":78,"column":58},"end":{"line":78,"column":66}},"30":{"start":{"line":79,"column":4},"end":{"line":79,"column":105}},"31":{"start":{"line":82,"column":4},"end":{"line":87,"column":6}},"32":{"start":{"line":89,"column":4},"end":{"line":89,"column":65}},"33":{"start":{"line":92,"column":15},"end":{"line":105,"column":2}},"34":{"start":{"line":94,"column":4},"end":{"line":102,"column":6}},"35":{"start":{"line":104,"column":4},"end":{"line":104,"column":64}},"36":{"start":{"line":107,"column":14},"end":{"line":109,"column":2}},"37":{"start":{"line":108,"column":4},"end":{"line":108,"column":48}},"38":{"start":{"line":111,"column":0},"end":{"line":111,"column":84}}},"fnMap":{"0":{"name":"(anonymous_0)","decl":{"start":{"line":11,"column":27},"end":{"line":11,"column":28}},"loc":{"start":{"line":11,"column":47},"end":{"line":40,"column":1}},"line":11},"1":{"name":"(anonymous_1)","decl":{"start":{"line":42,"column":30},"end":{"line":42,"column":31}},"loc":{"start":{"line":42,"column":50},"end":{"line":52,"column":1}},"line":42},"2":{"name":"(anonymous_2)","decl":{"start":{"line":54,"column":36},"end":{"line":54,"column":37}},"loc":{"start":{"line":54,"column":56},"end":{"line":75,"column":1}},"line":54},"3":{"name":"(anonymous_3)","decl":{"start":{"line":77,"column":36},"end":{"line":77,"column":37}},"loc":{"start":{"line":77,"column":56},"end":{"line":90,"column":1}},"line":77},"4":{"name":"(anonymous_4)","decl":{"start":{"line":92,"column":28},"end":{"line":92,"column":29}},"loc":{"start":{"line":92,"column":48},"end":{"line":105,"column":1}},"line":92},"5":{"name":"(anonymous_5)","decl":{"start":{"line":107,"column":27},"end":{"line":107,"column":28}},"loc":{"start":{"line":107,"column":47},"end":{"line":109,"column":1}},"line":107}},"branchMap":{"0":{"loc":{"start":{"line":58,"column":4},"end":{"line":72,"column":5}},"type":"if","locations":[{"start":{"line":58,"column":4},"end":{"line":72,"column":5}},{"start":{},"end":{}}],"line":58}},"s":{"0":0,"1":0,"2":0,"3":0,"4":0,"5":0,"6":0,"7":0,"8":0,"9":0,"10":0,"11":0,"12":0,"13":0,"14":0,"15":0,"16":0,"17":0,"18":0,"19":0,"20":0,"21":0,"22":0,"23":0,"24":0,"25":0,"26":0,"27":0,"28":0,"29":0,"30":0,"31":0,"32":0,"33":0,"34":0,"35":0,"36":0,"37":0,"38":0},"f":{"0":0,"1":0,"2":0,"3":0,"4":0,"5":0},"b":{"0":[0,0]}}
,"/home/tikaya/innovevents-manager/src/controllers/AvisController.js": {"path":"/home/tikaya/innovevents-manager/src/controllers/AvisController.js","statementMap":{"0":{"start":{"line":6,"column":20},"end":{"line":6,"column":54}},"1":{"start":{"line":7,"column":37},"end":{"line":7,"column":70}},"2":{"start":{"line":8,"column":25},"end":{"line":8,"column":63}},"3":{"start":{"line":10,"column":15},"end":{"line":13,"column":2}},"4":{"start":{"line":11,"column":17},"end":{"line":11,"column":52}},"5":{"start":{"line":12,"column":4},"end":{"line":12,"column":44}},"6":{"start":{"line":15,"column":16},"end":{"line":18,"column":2}},"7":{"start":{"line":16,"column":17},"end":{"line":16,"column":57}},"8":{"start":{"line":17,"column":4},"end":{"line":17,"column":44}},"9":{"start":{"line":20,"column":19},"end":{"line":23,"column":2}},"10":{"start":{"line":21,"column":17},"end":{"line":21,"column":47}},"11":{"start":{"line":22,"column":4},"end":{"line":22,"column":44}},"12":{"start":{"line":25,"column":21},"end":{"line":28,"column":2}},"13":{"start":{"line":26,"column":17},"end":{"line":26,"column":49}},"14":{"start":{"line":27,"column":4},"end":{"line":27,"column":44}},"15":{"start":{"line":30,"column":15},"end":{"line":46,"column":2}},"16":{"start":{"line":31,"column":17},"end":{"line":31,"column":76}},"17":{"start":{"line":34,"column":4},"end":{"line":43,"column":6}},"18":{"start":{"line":45,"column":4},"end":{"line":45,"column":56}},"19":{"start":{"line":48,"column":17},"end":{"line":64,"column":2}},"20":{"start":{"line":49,"column":17},"end":{"line":49,"column":58}},"21":{"start":{"line":52,"column":4},"end":{"line":61,"column":6}},"22":{"start":{"line":63,"column":4},"end":{"line":63,"column":44}},"23":{"start":{"line":66,"column":15},"end":{"line":82,"column":2}},"24":{"start":{"line":67,"column":17},"end":{"line":67,"column":56}},"25":{"start":{"line":70,"column":4},"end":{"line":79,"column":6}},"26":{"start":{"line":81,"column":4},"end":{"line":81,"column":44}},"27":{"start":{"line":84,"column":15},"end":{"line":103,"column":2}},"28":{"start":{"line":86,"column":17},"end":{"line":86,"column":57}},"29":{"start":{"line":88,"column":4},"end":{"line":88,"column":44}},"30":{"start":{"line":91,"column":4},"end":{"line":100,"column":6}},"31":{"start":{"line":102,"column":4},"end":{"line":102,"column":58}},"32":{"start":{"line":105,"column":19},"end":{"line":108,"column":2}},"33":{"start":{"line":106,"column":20},"end":{"line":106,"column":54}},"34":{"start":{"line":107,"column":4},"end":{"line":107,"column":51}},"35":{"start":{"line":110,"column":0},"end":{"line":110,"column":109}}},"fnMap":{"0":{"name":"(anonymous_0)","decl":{"start":{"line":10,"column":28},"end":{"line":10,"column":29}},"loc":{"start":{"line":10,"column":48},"end":{"line":13,"column":1}},"line":10},"1":{"name":"(anonymous_1)","decl":{"start":{"line":15,"column":29},"end":{"line":15,"column":30}},"loc":{"start":{"line":15,"column":49},"end":{"line":18,"column":1}},"line":15},"2":{"name":"(anonymous_2)","decl":{"start":{"line":20,"column":32},"end":{"line":20,"column":33}},"loc":{"start":{"line":20,"column":52},"end":{"line":23,"column":1}},"line":20},"3":{"name":"(anonymous_3)","decl":{"start":{"line":25,"column":34},"end":{"line":25,"column":35}},"loc":{"start":{"line":25,"column":54},"end":{"line":28,"column":1}},"line":25},"4":{"name":"(anonymous_4)","decl":{"start":{"line":30,"column":28},"end":{"line":30,"column":29}},"loc":{"start":{"line":30,"column":48},"end":{"line":46,"column":1}},"line":30},"5":{"name":"(anonymous_5)","decl":{"start":{"line":48,"column":30},"end":{"line":48,"column":31}},"loc":{"start":{"line":48,"column":50},"end":{"line":64,"column":1}},"line":48},"6":{"name":"(anonymous_6)","decl":{"start":{"line":66,"column":28},"end":{"line":66,"column":29}},"loc":{"start":{"line":66,"column":48},"end":{"line":82,"column":1}},"line":66},"7":{"name":"(anonymous_7)","decl":{"start":{"line":84,"column":28},"end":{"line":84,"column":29}},"loc":{"start":{"line":84,"column":48},"end":{"line":103,"column":1}},"line":84},"8":{"name":"(anonymous_8)","decl":{"start":{"line":105,"column":32},"end":{"line":105,"column":33}},"loc":{"start":{"line":105,"column":52},"end":{"line":108,"column":1}},"line":105}},"branchMap":{},"s":{"0":0,"1":0,"2":0,"3":0,"4":0,"5":0,"6":0,"7":0,"8":0,"9":0,"10":0,"11":0,"12":0,"13":0,"14":0,"15":0,"16":0,"17":0,"18":0,"19":0,"20":0,"21":0,"22":0,"23":0,"24":0,"25":0,"26":0,"27":0,"28":0,"29":0,"30":0,"31":0,"32":0,"33":0,"34":0,"35":0},"f":{"0":0,"1":0,"2":0,"3":0,"4":0,"5":0,"6":0,"7":0,"8":0},"b":{}}
,"/home/tikaya/innovevents-manager/src/controllers/ClientController.js": {"path":"/home/tikaya/innovevents-manager/src/controllers/ClientController.js","statementMap":{"0":{"start":{"line":6,"column":22},"end":{"line":6,"column":58}},"1":{"start":{"line":7,"column":37},"end":{"line":7,"column":70}},"2":{"start":{"line":8,"column":25},"end":{"line":8,"column":63}},"3":{"start":{"line":13,"column":15},"end":{"line":16,"column":2}},"4":{"start":{"line":14,"column":20},"end":{"line":14,"column":57}},"5":{"start":{"line":15,"column":4},"end":{"line":15,"column":47}},"6":{"start":{"line":21,"column":16},"end":{"line":24,"column":2}},"7":{"start":{"line":22,"column":19},"end":{"line":22,"column":61}},"8":{"start":{"line":23,"column":4},"end":{"line":23,"column":46}},"9":{"start":{"line":29,"column":14},"end":{"line":32,"column":2}},"10":{"start":{"line":30,"column":19},"end":{"line":30,"column":75}},"11":{"start":{"line":31,"column":4},"end":{"line":31,"column":46}},"12":{"start":{"line":37,"column":15},"end":{"line":59,"column":2}},"13":{"start":{"line":38,"column":37},"end":{"line":38,"column":73}},"14":{"start":{"line":41,"column":4},"end":{"line":52,"column":6}},"15":{"start":{"line":54,"column":4},"end":{"line":58,"column":7}},"16":{"start":{"line":64,"column":15},"end":{"line":83,"column":2}},"17":{"start":{"line":66,"column":25},"end":{"line":66,"column":67}},"18":{"start":{"line":68,"column":19},"end":{"line":68,"column":70}},"19":{"start":{"line":71,"column":4},"end":{"line":80,"column":6}},"20":{"start":{"line":77,"column":63},"end":{"line":77,"column":94}},"21":{"start":{"line":82,"column":4},"end":{"line":82,"column":46}},"22":{"start":{"line":89,"column":17},"end":{"line":130,"column":2}},"23":{"start":{"line":90,"column":26},"end":{"line":90,"column":82}},"24":{"start":{"line":93,"column":28},"end":{"line":98,"column":5}},"25":{"start":{"line":100,"column":25},"end":{"line":100,"column":27}},"26":{"start":{"line":101,"column":4},"end":{"line":105,"column":5}},"27":{"start":{"line":102,"column":8},"end":{"line":104,"column":9}},"28":{"start":{"line":103,"column":12},"end":{"line":103,"column":50}},"29":{"start":{"line":108,"column":4},"end":{"line":113,"column":5}},"30":{"start":{"line":109,"column":8},"end":{"line":112,"column":11}},"31":{"start":{"line":115,"column":19},"end":{"line":115,"column":84}},"32":{"start":{"line":118,"column":4},"end":{"line":127,"column":6}},"33":{"start":{"line":129,"column":4},"end":{"line":129,"column":46}},"34":{"start":{"line":135,"column":15},"end":{"line":167,"column":2}},"35":{"start":{"line":137,"column":19},"end":{"line":137,"column":61}},"36":{"start":{"line":140,"column":23},"end":{"line":140,"column":71}},"37":{"start":{"line":141,"column":29},"end":{"line":143,"column":1}},"38":{"start":{"line":142,"column":4},"end":{"line":142,"column":70}},"39":{"start":{"line":145,"column":4},"end":{"line":150,"column":5}},"40":{"start":{"line":146,"column":8},"end":{"line":149,"column":11}},"41":{"start":{"line":152,"column":4},"end":{"line":152,"column":46}},"42":{"start":{"line":155,"column":4},"end":{"line":164,"column":6}},"43":{"start":{"line":166,"column":4},"end":{"line":166,"column":60}},"44":{"start":{"line":172,"column":17},"end":{"line":203,"column":2}},"45":{"start":{"line":173,"column":19},"end":{"line":173,"column":75}},"46":{"start":{"line":176,"column":23},"end":{"line":176,"column":74}},"47":{"start":{"line":177,"column":29},"end":{"line":179,"column":1}},"48":{"start":{"line":178,"column":4},"end":{"line":178,"column":70}},"49":{"start":{"line":181,"column":4},"end":{"line":186,"column":5}},"50":{"start":{"line":182,"column":8},"end":{"line":185,"column":11}},"51":{"start":{"line":189,"column":4},"end":{"line":198,"column":6}},"52":{"start":{"line":200,"column":4},"end":{"line":200,"column":49}},"53":{"start":{"line":202,"column":4},"end":{"line":202,"column":81}},"54":{"start":{"line":208,"column":22},"end":{"line":211,"column":2}},"55":{"start":{"line":209,"column":23},"end":{"line":209,"column":71}},"56":{"start":{"line":210,"column":4},"end":{"line":210,"column":50}},"57":{"start":{"line":216,"column":15},"end":{"line":219,"column":2}},"58":{"start":{"line":217,"column":20},"end":{"line":217,"column":59}},"59":{"start":{"line":218,"column":4},"end":{"line":218,"column":47}},"60":{"start":{"line":224,"column":22},"end":{"line":241,"column":2}},"61":{"start":{"line":225,"column":19},"end":{"line":225,"column":61}},"62":{"start":{"line":226,"column":4},"end":{"line":226,"column":53}},"63":{"start":{"line":229,"column":4},"end":{"line":238,"column":6}},"64":{"start":{"line":240,"column":4},"end":{"line":240,"column":82}},"65":{"start":{"line":243,"column":0},"end":{"line":255,"column":2}}},"fnMap":{"0":{"name":"(anonymous_0)","decl":{"start":{"line":13,"column":28},"end":{"line":13,"column":29}},"loc":{"start":{"line":13,"column":48},"end":{"line":16,"column":1}},"line":13},"1":{"name":"(anonymous_1)","decl":{"start":{"line":21,"column":29},"end":{"line":21,"column":30}},"loc":{"start":{"line":21,"column":49},"end":{"line":24,"column":1}},"line":21},"2":{"name":"(anonymous_2)","decl":{"start":{"line":29,"column":27},"end":{"line":29,"column":28}},"loc":{"start":{"line":29,"column":47},"end":{"line":32,"column":1}},"line":29},"3":{"name":"(anonymous_3)","decl":{"start":{"line":37,"column":28},"end":{"line":37,"column":29}},"loc":{"start":{"line":37,"column":48},"end":{"line":59,"column":1}},"line":37},"4":{"name":"(anonymous_4)","decl":{"start":{"line":64,"column":28},"end":{"line":64,"column":29}},"loc":{"start":{"line":64,"column":48},"end":{"line":83,"column":1}},"line":64},"5":{"name":"(anonymous_5)","decl":{"start":{"line":77,"column":58},"end":{"line":77,"column":59}},"loc":{"start":{"line":77,"column":63},"end":{"line":77,"column":94}},"line":77},"6":{"name":"(anonymous_6)","decl":{"start":{"line":89,"column":30},"end":{"line":89,"column":31}},"loc":{"start":{"line":89,"column":50},"end":{"line":130,"column":1}},"line":89},"7":{"name":"(anonymous_7)","decl":{"start":{"line":135,"column":28},"end":{"line":135,"column":29}},"loc":{"start":{"line":135,"column":48},"end":{"line":167,"column":1}},"line":135},"8":{"name":"(anonymous_8)","decl":{"start":{"line":141,"column":48},"end":{"line":141,"column":49}},"loc":{"start":{"line":142,"column":4},"end":{"line":142,"column":70}},"line":142},"9":{"name":"(anonymous_9)","decl":{"start":{"line":172,"column":30},"end":{"line":172,"column":31}},"loc":{"start":{"line":172,"column":50},"end":{"line":203,"column":1}},"line":172},"10":{"name":"(anonymous_10)","decl":{"start":{"line":177,"column":48},"end":{"line":177,"column":49}},"loc":{"start":{"line":178,"column":4},"end":{"line":178,"column":70}},"line":178},"11":{"name":"(anonymous_11)","decl":{"start":{"line":208,"column":35},"end":{"line":208,"column":36}},"loc":{"start":{"line":208,"column":55},"end":{"line":211,"column":1}},"line":208},"12":{"name":"(anonymous_12)","decl":{"start":{"line":216,"column":28},"end":{"line":216,"column":29}},"loc":{"start":{"line":216,"column":48},"end":{"line":219,"column":1}},"line":216},"13":{"name":"(anonymous_13)","decl":{"start":{"line":224,"column":35},"end":{"line":224,"column":36}},"loc":{"start":{"line":224,"column":55},"end":{"line":241,"column":1}},"line":224}},"branchMap":{"0":{"loc":{"start":{"line":102,"column":8},"end":{"line":104,"column":9}},"type":"if","locations":[{"start":{"line":102,"column":8},"end":{"line":104,"column":9}},{"start":{},"end":{}}],"line":102},"1":{"loc":{"start":{"line":108,"column":4},"end":{"line":113,"column":5}},"type":"if","locations":[{"start":{"line":108,"column":4},"end":{"line":113,"column":5}},{"start":{},"end":{}}],"line":108},"2":{"loc":{"start":{"line":145,"column":4},"end":{"line":150,"column":5}},"type":"if","locations":[{"start":{"line":145,"column":4},"end":{"line":150,"column":5}},{"start":{},"end":{}}],"line":145},"3":{"loc":{"start":{"line":145,"column":8},"end":{"line":145,"column":55}},"type":"binary-expr","locations":[{"start":{"line":145,"column":8},"end":{"line":145,"column":24}},{"start":{"line":145,"column":28},"end":{"line":145,"column":55}}],"line":145},"4":{"loc":{"start":{"line":181,"column":4},"end":{"line":186,"column":5}},"type":"if","locations":[{"start":{"line":181,"column":4},"end":{"line":186,"column":5}},{"start":{},"end":{}}],"line":181},"5":{"loc":{"start":{"line":181,"column":8},"end":{"line":181,"column":55}},"type":"binary-expr","locations":[{"start":{"line":181,"column":8},"end":{"line":181,"column":24}},{"start":{"line":181,"column":28},"end":{"line":181,"column":55}}],"line":181}},"s":{"0":0,"1":0,"2":0,"3":0,"4":0,"5":0,"6":0,"7":0,"8":0,"9":0,"10":0,"11":0,"12":0,"13":0,"14":0,"15":0,"16":0,"17":0,"18":0,"19":0,"20":0,"21":0,"22":0,"23":0,"24":0,"25":0,"26":0,"27":0,"28":0,"29":0,"30":0,"31":0,"32":0,"33":0,"34":0,"35":0,"36":0,"37":0,"38":0,"39":0,"40":0,"41":0,"42":0,"43":0,"44":0,"45":0,"46":0,"47":0,"48":0,"49":0,"50":0,"51":0,"52":0,"53":0,"54":0,"55":0,"56":0,"57":0,"58":0,"59":0,"60":0,"61":0,"62":0,"63":0,"64":0,"65":0},"f":{"0":0,"1":0,"2":0,"3":0,"4":0,"5":0,"6":0,"7":0,"8":0,"9":0,"10":0,"11":0,"12":0,"13":0},"b":{"0":[0,0],"1":[0,0],"2":[0,0],"3":[0,0],"4":[0,0],"5":[0,0]}}
,"/home/tikaya/innovevents-manager/src/controllers/ContactController.js": {"path":"/home/tikaya/innovevents-manager/src/controllers/ContactController.js","statementMap":{"0":{"start":{"line":6,"column":23},"end":{"line":6,"column":60}},"1":{"start":{"line":7,"column":25},"end":{"line":7,"column":63}},"2":{"start":{"line":9,"column":15},"end":{"line":12,"column":2}},"3":{"start":{"line":10,"column":21},"end":{"line":10,"column":59}},"4":{"start":{"line":11,"column":4},"end":{"line":11,"column":48}},"5":{"start":{"line":14,"column":16},"end":{"line":17,"column":2}},"6":{"start":{"line":15,"column":20},"end":{"line":15,"column":63}},"7":{"start":{"line":16,"column":4},"end":{"line":16,"column":47}},"8":{"start":{"line":19,"column":15},"end":{"line":22,"column":2}},"9":{"start":{"line":20,"column":20},"end":{"line":20,"column":57}},"10":{"start":{"line":21,"column":4},"end":{"line":21,"column":98}},"11":{"start":{"line":24,"column":15},"end":{"line":27,"column":2}},"12":{"start":{"line":25,"column":4},"end":{"line":25,"column":47}},"13":{"start":{"line":26,"column":4},"end":{"line":26,"column":61}},"14":{"start":{"line":29,"column":15},"end":{"line":32,"column":2}},"15":{"start":{"line":30,"column":21},"end":{"line":30,"column":61}},"16":{"start":{"line":31,"column":4},"end":{"line":31,"column":48}},"17":{"start":{"line":34,"column":0},"end":{"line":34,"column":61}}},"fnMap":{"0":{"name":"(anonymous_0)","decl":{"start":{"line":9,"column":28},"end":{"line":9,"column":29}},"loc":{"start":{"line":9,"column":48},"end":{"line":12,"column":1}},"line":9},"1":{"name":"(anonymous_1)","decl":{"start":{"line":14,"column":29},"end":{"line":14,"column":30}},"loc":{"start":{"line":14,"column":49},"end":{"line":17,"column":1}},"line":14},"2":{"name":"(anonymous_2)","decl":{"start":{"line":19,"column":28},"end":{"line":19,"column":29}},"loc":{"start":{"line":19,"column":48},"end":{"line":22,"column":1}},"line":19},"3":{"name":"(anonymous_3)","decl":{"start":{"line":24,"column":28},"end":{"line":24,"column":29}},"loc":{"start":{"line":24,"column":48},"end":{"line":27,"column":1}},"line":24},"4":{"name":"(anonymous_4)","decl":{"start":{"line":29,"column":28},"end":{"line":29,"column":29}},"loc":{"start":{"line":29,"column":48},"end":{"line":32,"column":1}},"line":29}},"branchMap":{},"s":{"0":0,"1":0,"2":0,"3":0,"4":0,"5":0,"6":0,"7":0,"8":0,"9":0,"10":0,"11":0,"12":0,"13":0,"14":0,"15":0,"16":0,"17":0},"f":{"0":0,"1":0,"2":0,"3":0,"4":0},"b":{}}
,"/home/tikaya/innovevents-manager/src/controllers/DashboardController.js": {"path":"/home/tikaya/innovevents-manager/src/controllers/DashboardController.js","statementMap":{"0":{"start":{"line":6,"column":25},"end":{"line":6,"column":64}},"1":{"start":{"line":7,"column":22},"end":{"line":7,"column":58}},"2":{"start":{"line":8,"column":20},"end":{"line":8,"column":54}},"3":{"start":{"line":9,"column":21},"end":{"line":9,"column":56}},"4":{"start":{"line":10,"column":25},"end":{"line":10,"column":63}},"5":{"start":{"line":12,"column":21},"end":{"line":33,"column":2}},"6":{"start":{"line":13,"column":91},"end":{"line":19,"column":6}},"7":{"start":{"line":21,"column":4},"end":{"line":32,"column":7}},"8":{"start":{"line":35,"column":31},"end":{"line":38,"column":2}},"9":{"start":{"line":36,"column":23},"end":{"line":36,"column":60}},"10":{"start":{"line":37,"column":4},"end":{"line":37,"column":50}},"11":{"start":{"line":40,"column":25},"end":{"line":43,"column":2}},"12":{"start":{"line":41,"column":18},"end":{"line":41,"column":50}},"13":{"start":{"line":42,"column":4},"end":{"line":42,"column":45}},"14":{"start":{"line":45,"column":16},"end":{"line":58,"column":2}},"15":{"start":{"line":46,"column":40},"end":{"line":49,"column":6}},"16":{"start":{"line":51,"column":4},"end":{"line":57,"column":7}},"17":{"start":{"line":60,"column":0},"end":{"line":60,"column":85}}},"fnMap":{"0":{"name":"(anonymous_0)","decl":{"start":{"line":12,"column":34},"end":{"line":12,"column":35}},"loc":{"start":{"line":12,"column":54},"end":{"line":33,"column":1}},"line":12},"1":{"name":"(anonymous_1)","decl":{"start":{"line":35,"column":44},"end":{"line":35,"column":45}},"loc":{"start":{"line":35,"column":64},"end":{"line":38,"column":1}},"line":35},"2":{"name":"(anonymous_2)","decl":{"start":{"line":40,"column":38},"end":{"line":40,"column":39}},"loc":{"start":{"line":40,"column":58},"end":{"line":43,"column":1}},"line":40},"3":{"name":"(anonymous_3)","decl":{"start":{"line":45,"column":29},"end":{"line":45,"column":30}},"loc":{"start":{"line":45,"column":49},"end":{"line":58,"column":1}},"line":45}},"branchMap":{},"s":{"0":0,"1":0,"2":0,"3":0,"4":0,"5":0,"6":0,"7":0,"8":0,"9":0,"10":0,"11":0,"12":0,"13":0,"14":0,"15":0,"16":0,"17":0},"f":{"0":0,"1":0,"2":0,"3":0},"b":{}}
,"/home/tikaya/innovevents-manager/src/controllers/DevisController.js": {"path":"/home/tikaya/innovevents-manager/src/controllers/DevisController.js","statementMap":{"0":{"start":{"line":6,"column":21},"end":{"line":6,"column":56}},"1":{"start":{"line":7,"column":15},"end":{"line":7,"column":42}},"2":{"start":{"line":8,"column":37},"end":{"line":8,"column":70}},"3":{"start":{"line":9,"column":25},"end":{"line":9,"column":63}},"4":{"start":{"line":11,"column":15},"end":{"line":14,"column":2}},"5":{"start":{"line":12,"column":18},"end":{"line":12,"column":54}},"6":{"start":{"line":13,"column":4},"end":{"line":13,"column":45}},"7":{"start":{"line":16,"column":16},"end":{"line":28,"column":2}},"8":{"start":{"line":17,"column":18},"end":{"line":17,"column":59}},"9":{"start":{"line":20,"column":4},"end":{"line":25,"column":5}},"10":{"start":{"line":21,"column":23},"end":{"line":21,"column":73}},"11":{"start":{"line":22,"column":8},"end":{"line":24,"column":9}},"12":{"start":{"line":23,"column":12},"end":{"line":23,"column":102}},"13":{"start":{"line":27,"column":4},"end":{"line":27,"column":45}},"14":{"start":{"line":30,"column":16},"end":{"line":33,"column":2}},"15":{"start":{"line":31,"column":18},"end":{"line":31,"column":73}},"16":{"start":{"line":32,"column":4},"end":{"line":32,"column":45}},"17":{"start":{"line":35,"column":15},"end":{"line":58,"column":2}},"18":{"start":{"line":36,"column":52},"end":{"line":36,"column":60}},"19":{"start":{"line":38,"column":4},"end":{"line":40,"column":5}},"20":{"start":{"line":39,"column":8},"end":{"line":39,"column":85}},"21":{"start":{"line":42,"column":18},"end":{"line":42,"column":80}},"22":{"start":{"line":45,"column":4},"end":{"line":55,"column":6}},"23":{"start":{"line":57,"column":4},"end":{"line":57,"column":57}},"24":{"start":{"line":60,"column":15},"end":{"line":75,"column":2}},"25":{"start":{"line":61,"column":18},"end":{"line":61,"column":68}},"26":{"start":{"line":64,"column":4},"end":{"line":72,"column":6}},"27":{"start":{"line":74,"column":4},"end":{"line":74,"column":45}},"28":{"start":{"line":77,"column":20},"end":{"line":105,"column":2}},"29":{"start":{"line":78,"column":18},"end":{"line":78,"column":59}},"30":{"start":{"line":81,"column":4},"end":{"line":86,"column":5}},"31":{"start":{"line":82,"column":23},"end":{"line":82,"column":73}},"32":{"start":{"line":83,"column":8},"end":{"line":85,"column":9}},"33":{"start":{"line":84,"column":12},"end":{"line":84,"column":102}},"34":{"start":{"line":88,"column":22},"end":{"line":88,"column":67}},"35":{"start":{"line":91,"column":4},"end":{"line":100,"column":6}},"36":{"start":{"line":102,"column":4},"end":{"line":102,"column":53}},"37":{"start":{"line":103,"column":4},"end":{"line":103,"column":91}},"38":{"start":{"line":104,"column":4},"end":{"line":104,"column":24}},"39":{"start":{"line":107,"column":21},"end":{"line":123,"column":2}},"40":{"start":{"line":108,"column":18},"end":{"line":108,"column":64}},"41":{"start":{"line":111,"column":4},"end":{"line":120,"column":6}},"42":{"start":{"line":122,"column":4},"end":{"line":122,"column":80}},"43":{"start":{"line":125,"column":15},"end":{"line":141,"column":2}},"44":{"start":{"line":126,"column":18},"end":{"line":126,"column":83}},"45":{"start":{"line":129,"column":4},"end":{"line":138,"column":6}},"46":{"start":{"line":140,"column":4},"end":{"line":140,"column":83}},"47":{"start":{"line":143,"column":15},"end":{"line":159,"column":2}},"48":{"start":{"line":144,"column":18},"end":{"line":144,"column":83}},"49":{"start":{"line":147,"column":4},"end":{"line":156,"column":6}},"50":{"start":{"line":158,"column":4},"end":{"line":158,"column":70}},"51":{"start":{"line":161,"column":28},"end":{"line":183,"column":2}},"52":{"start":{"line":162,"column":22},"end":{"line":162,"column":30}},"53":{"start":{"line":164,"column":4},"end":{"line":166,"column":5}},"54":{"start":{"line":165,"column":8},"end":{"line":165,"column":97}},"55":{"start":{"line":168,"column":18},"end":{"line":168,"column":103}},"56":{"start":{"line":171,"column":4},"end":{"line":180,"column":6}},"57":{"start":{"line":182,"column":4},"end":{"line":182,"column":89}},"58":{"start":{"line":185,"column":15},"end":{"line":201,"column":2}},"59":{"start":{"line":186,"column":18},"end":{"line":186,"column":59}},"60":{"start":{"line":187,"column":4},"end":{"line":187,"column":45}},"61":{"start":{"line":190,"column":4},"end":{"line":198,"column":6}},"62":{"start":{"line":200,"column":4},"end":{"line":200,"column":59}},"63":{"start":{"line":203,"column":0},"end":{"line":203,"column":134}}},"fnMap":{"0":{"name":"(anonymous_0)","decl":{"start":{"line":11,"column":28},"end":{"line":11,"column":29}},"loc":{"start":{"line":11,"column":48},"end":{"line":14,"column":1}},"line":11},"1":{"name":"(anonymous_1)","decl":{"start":{"line":16,"column":29},"end":{"line":16,"column":30}},"loc":{"start":{"line":16,"column":49},"end":{"line":28,"column":1}},"line":16},"2":{"name":"(anonymous_2)","decl":{"start":{"line":30,"column":29},"end":{"line":30,"column":30}},"loc":{"start":{"line":30,"column":49},"end":{"line":33,"column":1}},"line":30},"3":{"name":"(anonymous_3)","decl":{"start":{"line":35,"column":28},"end":{"line":35,"column":29}},"loc":{"start":{"line":35,"column":48},"end":{"line":58,"column":1}},"line":35},"4":{"name":"(anonymous_4)","decl":{"start":{"line":60,"column":28},"end":{"line":60,"column":29}},"loc":{"start":{"line":60,"column":48},"end":{"line":75,"column":1}},"line":60},"5":{"name":"(anonymous_5)","decl":{"start":{"line":77,"column":33},"end":{"line":77,"column":34}},"loc":{"start":{"line":77,"column":53},"end":{"line":105,"column":1}},"line":77},"6":{"name":"(anonymous_6)","decl":{"start":{"line":107,"column":34},"end":{"line":107,"column":35}},"loc":{"start":{"line":107,"column":54},"end":{"line":123,"column":1}},"line":107},"7":{"name":"(anonymous_7)","decl":{"start":{"line":125,"column":28},"end":{"line":125,"column":29}},"loc":{"start":{"line":125,"column":48},"end":{"line":141,"column":1}},"line":125},"8":{"name":"(anonymous_8)","decl":{"start":{"line":143,"column":28},"end":{"line":143,"column":29}},"loc":{"start":{"line":143,"column":48},"end":{"line":159,"column":1}},"line":143},"9":{"name":"(anonymous_9)","decl":{"start":{"line":161,"column":41},"end":{"line":161,"column":42}},"loc":{"start":{"line":161,"column":61},"end":{"line":183,"column":1}},"line":161},"10":{"name":"(anonymous_10)","decl":{"start":{"line":185,"column":28},"end":{"line":185,"column":29}},"loc":{"start":{"line":185,"column":48},"end":{"line":201,"column":1}},"line":185}},"branchMap":{"0":{"loc":{"start":{"line":20,"column":4},"end":{"line":25,"column":5}},"type":"if","locations":[{"start":{"line":20,"column":4},"end":{"line":25,"column":5}},{"start":{},"end":{}}],"line":20},"1":{"loc":{"start":{"line":22,"column":8},"end":{"line":24,"column":9}},"type":"if","locations":[{"start":{"line":22,"column":8},"end":{"line":24,"column":9}},{"start":{},"end":{}}],"line":22},"2":{"loc":{"start":{"line":22,"column":12},"end":{"line":22,"column":59}},"type":"binary-expr","locations":[{"start":{"line":22,"column":12},"end":{"line":22,"column":19}},{"start":{"line":22,"column":23},"end":{"line":22,"column":59}}],"line":22},"3":{"loc":{"start":{"line":38,"column":4},"end":{"line":40,"column":5}},"type":"if","locations":[{"start":{"line":38,"column":4},"end":{"line":40,"column":5}},{"start":{},"end":{}}],"line":38},"4":{"loc":{"start":{"line":81,"column":4},"end":{"line":86,"column":5}},"type":"if","locations":[{"start":{"line":81,"column":4},"end":{"line":86,"column":5}},{"start":{},"end":{}}],"line":81},"5":{"loc":{"start":{"line":83,"column":8},"end":{"line":85,"column":9}},"type":"if","locations":[{"start":{"line":83,"column":8},"end":{"line":85,"column":9}},{"start":{},"end":{}}],"line":83},"6":{"loc":{"start":{"line":83,"column":12},"end":{"line":83,"column":59}},"type":"binary-expr","locations":[{"start":{"line":83,"column":12},"end":{"line":83,"column":19}},{"start":{"line":83,"column":23},"end":{"line":83,"column":59}}],"line":83},"7":{"loc":{"start":{"line":164,"column":4},"end":{"line":166,"column":5}},"type":"if","locations":[{"start":{"line":164,"column":4},"end":{"line":166,"column":5}},{"start":{},"end":{}}],"line":164},"8":{"loc":{"start":{"line":164,"column":8},"end":{"line":164,"column":31}},"type":"binary-expr","locations":[{"start":{"line":164,"column":8},"end":{"line":164,"column":14}},{"start":{"line":164,"column":18},"end":{"line":164,"column":31}}],"line":164},"9":{"loc":{"start":{"line":172,"column":8},"end":{"line":172,"column":79}},"type":"binary-expr","locations":[{"start":{"line":172,"column":8},"end":{"line":172,"column":47}},{"start":{"line":172,"column":51},"end":{"line":172,"column":79}}],"line":172},"10":{"loc":{"start":{"line":191,"column":8},"end":{"line":191,"column":61}},"type":"binary-expr","locations":[{"start":{"line":191,"column":8},"end":{"line":191,"column":38}},{"start":{"line":191,"column":42},"end":{"line":191,"column":61}}],"line":191}},"s":{"0":0,"1":0,"2":0,"3":0,"4":0,"5":0,"6":0,"7":0,"8":0,"9":0,"10":0,"11":0,"12":0,"13":0,"14":0,"15":0,"16":0,"17":0,"18":0,"19":0,"20":0,"21":0,"22":0,"23":0,"24":0,"25":0,"26":0,"27":0,"28":0,"29":0,"30":0,"31":0,"32":0,"33":0,"34":0,"35":0,"36":0,"37":0,"38":0,"39":0,"40":0,"41":0,"42":0,"43":0,"44":0,"45":0,"46":0,"47":0,"48":0,"49":0,"50":0,"51":0,"52":0,"53":0,"54":0,"55":0,"56":0,"57":0,"58":0,"59":0,"60":0,"61":0,"62":0,"63":0},"f":{"0":0,"1":0,"2":0,"3":0,"4":0,"5":0,"6":0,"7":0,"8":0,"9":0,"10":0},"b":{"0":[0,0],"1":[0,0],"2":[0,0],"3":[0,0],"4":[0,0],"5":[0,0],"6":[0,0],"7":[0,0],"8":[0,0],"9":[0,0],"10":[0,0]}}
,"/home/tikaya/innovevents-manager/src/controllers/EmployeController.js": {"path":"/home/tikaya/innovevents-manager/src/controllers/EmployeController.js","statementMap":{"0":{"start":{"line":6,"column":23},"end":{"line":6,"column":60}},"1":{"start":{"line":7,"column":21},"end":{"line":7,"column":56}},"2":{"start":{"line":8,"column":37},"end":{"line":8,"column":70}},"3":{"start":{"line":9,"column":25},"end":{"line":9,"column":63}},"4":{"start":{"line":11,"column":15},"end":{"line":14,"column":2}},"5":{"start":{"line":12,"column":21},"end":{"line":12,"column":50}},"6":{"start":{"line":13,"column":4},"end":{"line":13,"column":48}},"7":{"start":{"line":16,"column":16},"end":{"line":19,"column":2}},"8":{"start":{"line":17,"column":20},"end":{"line":17,"column":63}},"9":{"start":{"line":18,"column":4},"end":{"line":18,"column":47}},"10":{"start":{"line":21,"column":15},"end":{"line":56,"column":2}},"11":{"start":{"line":22,"column":38},"end":{"line":22,"column":75}},"12":{"start":{"line":25,"column":4},"end":{"line":34,"column":6}},"13":{"start":{"line":37,"column":4},"end":{"line":49,"column":5}},"14":{"start":{"line":38,"column":8},"end":{"line":46,"column":10}},"15":{"start":{"line":48,"column":8},"end":{"line":48,"column":48}},"16":{"start":{"line":51,"column":4},"end":{"line":55,"column":7}},"17":{"start":{"line":58,"column":15},"end":{"line":73,"column":2}},"18":{"start":{"line":59,"column":20},"end":{"line":59,"column":72}},"19":{"start":{"line":62,"column":4},"end":{"line":70,"column":6}},"20":{"start":{"line":72,"column":4},"end":{"line":72,"column":47}},"21":{"start":{"line":75,"column":22},"end":{"line":100,"column":2}},"22":{"start":{"line":76,"column":38},"end":{"line":76,"column":87}},"23":{"start":{"line":79,"column":4},"end":{"line":87,"column":6}},"24":{"start":{"line":90,"column":4},"end":{"line":97,"column":5}},"25":{"start":{"line":91,"column":8},"end":{"line":94,"column":10}},"26":{"start":{"line":96,"column":8},"end":{"line":96,"column":48}},"27":{"start":{"line":99,"column":4},"end":{"line":99,"column":82}},"28":{"start":{"line":102,"column":15},"end":{"line":120,"column":2}},"29":{"start":{"line":103,"column":20},"end":{"line":103,"column":63}},"30":{"start":{"line":105,"column":4},"end":{"line":105,"column":47}},"31":{"start":{"line":108,"column":4},"end":{"line":117,"column":6}},"32":{"start":{"line":119,"column":4},"end":{"line":119,"column":61}},"33":{"start":{"line":122,"column":0},"end":{"line":122,"column":76}}},"fnMap":{"0":{"name":"(anonymous_0)","decl":{"start":{"line":11,"column":28},"end":{"line":11,"column":29}},"loc":{"start":{"line":11,"column":48},"end":{"line":14,"column":1}},"line":11},"1":{"name":"(anonymous_1)","decl":{"start":{"line":16,"column":29},"end":{"line":16,"column":30}},"loc":{"start":{"line":16,"column":49},"end":{"line":19,"column":1}},"line":16},"2":{"name":"(anonymous_2)","decl":{"start":{"line":21,"column":28},"end":{"line":21,"column":29}},"loc":{"start":{"line":21,"column":48},"end":{"line":56,"column":1}},"line":21},"3":{"name":"(anonymous_3)","decl":{"start":{"line":58,"column":28},"end":{"line":58,"column":29}},"loc":{"start":{"line":58,"column":48},"end":{"line":73,"column":1}},"line":58},"4":{"name":"(anonymous_4)","decl":{"start":{"line":75,"column":35},"end":{"line":75,"column":36}},"loc":{"start":{"line":75,"column":55},"end":{"line":100,"column":1}},"line":75},"5":{"name":"(anonymous_5)","decl":{"start":{"line":102,"column":28},"end":{"line":102,"column":29}},"loc":{"start":{"line":102,"column":48},"end":{"line":120,"column":1}},"line":102}},"branchMap":{},"s":{"0":0,"1":0,"2":0,"3":0,"4":0,"5":0,"6":0,"7":0,"8":0,"9":0,"10":0,"11":0,"12":0,"13":0,"14":0,"15":0,"16":0,"17":0,"18":0,"19":0,"20":0,"21":0,"22":0,"23":0,"24":0,"25":0,"26":0,"27":0,"28":0,"29":0,"30":0,"31":0,"32":0,"33":0},"f":{"0":0,"1":0,"2":0,"3":0,"4":0,"5":0},"b":{}}
,"/home/tikaya/innovevents-manager/src/controllers/EvenementController.js": {"path":"/home/tikaya/innovevents-manager/src/controllers/EvenementController.js","statementMap":{"0":{"start":{"line":6,"column":25},"end":{"line":6,"column":64}},"1":{"start":{"line":7,"column":37},"end":{"line":7,"column":70}},"2":{"start":{"line":8,"column":25},"end":{"line":8,"column":63}},"3":{"start":{"line":9,"column":53},"end":{"line":9,"column":85}},"4":{"start":{"line":14,"column":15},"end":{"line":17,"column":2}},"5":{"start":{"line":15,"column":23},"end":{"line":15,"column":63}},"6":{"start":{"line":16,"column":4},"end":{"line":16,"column":50}},"7":{"start":{"line":22,"column":16},"end":{"line":25,"column":2}},"8":{"start":{"line":23,"column":22},"end":{"line":23,"column":67}},"9":{"start":{"line":24,"column":4},"end":{"line":24,"column":49}},"10":{"start":{"line":30,"column":18},"end":{"line":33,"column":2}},"11":{"start":{"line":31,"column":23},"end":{"line":31,"column":66}},"12":{"start":{"line":32,"column":4},"end":{"line":32,"column":50}},"13":{"start":{"line":38,"column":20},"end":{"line":41,"column":2}},"14":{"start":{"line":39,"column":23},"end":{"line":39,"column":78}},"15":{"start":{"line":40,"column":4},"end":{"line":40,"column":50}},"16":{"start":{"line":46,"column":16},"end":{"line":49,"column":2}},"17":{"start":{"line":47,"column":23},"end":{"line":47,"column":77}},"18":{"start":{"line":48,"column":4},"end":{"line":48,"column":50}},"19":{"start":{"line":54,"column":21},"end":{"line":58,"column":2}},"20":{"start":{"line":55,"column":18},"end":{"line":55,"column":48}},"21":{"start":{"line":56,"column":23},"end":{"line":56,"column":65}},"22":{"start":{"line":57,"column":4},"end":{"line":57,"column":50}},"23":{"start":{"line":63,"column":17},"end":{"line":66,"column":2}},"24":{"start":{"line":64,"column":18},"end":{"line":64,"column":102}},"25":{"start":{"line":65,"column":4},"end":{"line":65,"column":45}},"26":{"start":{"line":71,"column":18},"end":{"line":74,"column":2}},"27":{"start":{"line":72,"column":19},"end":{"line":72,"column":101}},"28":{"start":{"line":73,"column":4},"end":{"line":73,"column":46}},"29":{"start":{"line":79,"column":15},"end":{"line":95,"column":2}},"30":{"start":{"line":80,"column":22},"end":{"line":80,"column":61}},"31":{"start":{"line":83,"column":4},"end":{"line":92,"column":6}},"32":{"start":{"line":94,"column":4},"end":{"line":94,"column":61}},"33":{"start":{"line":100,"column":15},"end":{"line":123,"column":2}},"34":{"start":{"line":102,"column":28},"end":{"line":102,"column":73}},"35":{"start":{"line":103,"column":25},"end":{"line":103,"column":57}},"36":{"start":{"line":105,"column":22},"end":{"line":105,"column":76}},"37":{"start":{"line":108,"column":4},"end":{"line":120,"column":5}},"38":{"start":{"line":109,"column":8},"end":{"line":119,"column":10}},"39":{"start":{"line":122,"column":4},"end":{"line":122,"column":49}},"40":{"start":{"line":128,"column":21},"end":{"line":151,"column":2}},"41":{"start":{"line":129,"column":23},"end":{"line":129,"column":31}},"42":{"start":{"line":132,"column":28},"end":{"line":132,"column":73}},"43":{"start":{"line":133,"column":25},"end":{"line":133,"column":57}},"44":{"start":{"line":135,"column":22},"end":{"line":135,"column":80}},"45":{"start":{"line":138,"column":4},"end":{"line":148,"column":6}},"46":{"start":{"line":150,"column":4},"end":{"line":150,"column":49}},"47":{"start":{"line":156,"column":15},"end":{"line":180,"column":2}},"48":{"start":{"line":158,"column":22},"end":{"line":158,"column":67}},"49":{"start":{"line":161,"column":4},"end":{"line":163,"column":5}},"50":{"start":{"line":162,"column":8},"end":{"line":162,"column":62}},"51":{"start":{"line":165,"column":4},"end":{"line":165,"column":49}},"52":{"start":{"line":168,"column":4},"end":{"line":177,"column":6}},"53":{"start":{"line":179,"column":4},"end":{"line":179,"column":63}},"54":{"start":{"line":185,"column":17},"end":{"line":188,"column":2}},"55":{"start":{"line":186,"column":18},"end":{"line":186,"column":51}},"56":{"start":{"line":187,"column":4},"end":{"line":187,"column":45}},"57":{"start":{"line":193,"column":20},"end":{"line":234,"column":2}},"58":{"start":{"line":194,"column":4},"end":{"line":199,"column":5}},"59":{"start":{"line":195,"column":8},"end":{"line":198,"column":11}},"60":{"start":{"line":201,"column":15},"end":{"line":201,"column":28}},"61":{"start":{"line":202,"column":22},"end":{"line":202,"column":56}},"62":{"start":{"line":205,"column":4},"end":{"line":207,"column":5}},"63":{"start":{"line":206,"column":8},"end":{"line":206,"column":62}},"64":{"start":{"line":210,"column":19},"end":{"line":210,"column":74}},"65":{"start":{"line":211,"column":21},"end":{"line":211,"column":38}},"66":{"start":{"line":214,"column":20},"end":{"line":214,"column":84}},"67":{"start":{"line":217,"column":4},"end":{"line":226,"column":6}},"68":{"start":{"line":228,"column":4},"end":{"line":233,"column":7}},"69":{"start":{"line":239,"column":20},"end":{"line":263,"column":2}},"70":{"start":{"line":240,"column":15},"end":{"line":240,"column":28}},"71":{"start":{"line":241,"column":22},"end":{"line":241,"column":56}},"72":{"start":{"line":244,"column":4},"end":{"line":246,"column":5}},"73":{"start":{"line":245,"column":8},"end":{"line":245,"column":62}},"74":{"start":{"line":249,"column":4},"end":{"line":249,"column":65}},"75":{"start":{"line":252,"column":4},"end":{"line":260,"column":6}},"76":{"start":{"line":262,"column":4},"end":{"line":262,"column":60}},"77":{"start":{"line":265,"column":0},"end":{"line":281,"column":2}}},"fnMap":{"0":{"name":"(anonymous_0)","decl":{"start":{"line":14,"column":28},"end":{"line":14,"column":29}},"loc":{"start":{"line":14,"column":48},"end":{"line":17,"column":1}},"line":14},"1":{"name":"(anonymous_1)","decl":{"start":{"line":22,"column":29},"end":{"line":22,"column":30}},"loc":{"start":{"line":22,"column":49},"end":{"line":25,"column":1}},"line":22},"2":{"name":"(anonymous_2)","decl":{"start":{"line":30,"column":31},"end":{"line":30,"column":32}},"loc":{"start":{"line":30,"column":51},"end":{"line":33,"column":1}},"line":30},"3":{"name":"(anonymous_3)","decl":{"start":{"line":38,"column":33},"end":{"line":38,"column":34}},"loc":{"start":{"line":38,"column":53},"end":{"line":41,"column":1}},"line":38},"4":{"name":"(anonymous_4)","decl":{"start":{"line":46,"column":29},"end":{"line":46,"column":30}},"loc":{"start":{"line":46,"column":49},"end":{"line":49,"column":1}},"line":46},"5":{"name":"(anonymous_5)","decl":{"start":{"line":54,"column":34},"end":{"line":54,"column":35}},"loc":{"start":{"line":54,"column":54},"end":{"line":58,"column":1}},"line":54},"6":{"name":"(anonymous_6)","decl":{"start":{"line":63,"column":30},"end":{"line":63,"column":31}},"loc":{"start":{"line":63,"column":50},"end":{"line":66,"column":1}},"line":63},"7":{"name":"(anonymous_7)","decl":{"start":{"line":71,"column":31},"end":{"line":71,"column":32}},"loc":{"start":{"line":71,"column":51},"end":{"line":74,"column":1}},"line":71},"8":{"name":"(anonymous_8)","decl":{"start":{"line":79,"column":28},"end":{"line":79,"column":29}},"loc":{"start":{"line":79,"column":48},"end":{"line":95,"column":1}},"line":79},"9":{"name":"(anonymous_9)","decl":{"start":{"line":100,"column":28},"end":{"line":100,"column":29}},"loc":{"start":{"line":100,"column":48},"end":{"line":123,"column":1}},"line":100},"10":{"name":"(anonymous_10)","decl":{"start":{"line":128,"column":34},"end":{"line":128,"column":35}},"loc":{"start":{"line":128,"column":54},"end":{"line":151,"column":1}},"line":128},"11":{"name":"(anonymous_11)","decl":{"start":{"line":156,"column":28},"end":{"line":156,"column":29}},"loc":{"start":{"line":156,"column":48},"end":{"line":180,"column":1}},"line":156},"12":{"name":"(anonymous_12)","decl":{"start":{"line":185,"column":30},"end":{"line":185,"column":31}},"loc":{"start":{"line":185,"column":50},"end":{"line":188,"column":1}},"line":185},"13":{"name":"(anonymous_13)","decl":{"start":{"line":193,"column":33},"end":{"line":193,"column":34}},"loc":{"start":{"line":193,"column":53},"end":{"line":234,"column":1}},"line":193},"14":{"name":"(anonymous_14)","decl":{"start":{"line":239,"column":33},"end":{"line":239,"column":34}},"loc":{"start":{"line":239,"column":53},"end":{"line":263,"column":1}},"line":239}},"branchMap":{"0":{"loc":{"start":{"line":55,"column":18},"end":{"line":55,"column":48}},"type":"binary-expr","locations":[{"start":{"line":55,"column":18},"end":{"line":55,"column":43}},{"start":{"line":55,"column":47},"end":{"line":55,"column":48}}],"line":55},"1":{"loc":{"start":{"line":108,"column":4},"end":{"line":120,"column":5}},"type":"if","locations":[{"start":{"line":108,"column":4},"end":{"line":120,"column":5}},{"start":{},"end":{}}],"line":108},"2":{"loc":{"start":{"line":108,"column":8},"end":{"line":108,"column":79}},"type":"binary-expr","locations":[{"start":{"line":108,"column":8},"end":{"line":108,"column":33}},{"start":{"line":108,"column":37},"end":{"line":108,"column":79}}],"line":108},"3":{"loc":{"start":{"line":161,"column":4},"end":{"line":163,"column":5}},"type":"if","locations":[{"start":{"line":161,"column":4},"end":{"line":163,"column":5}},{"start":{},"end":{}}],"line":161},"4":{"loc":{"start":{"line":194,"column":4},"end":{"line":199,"column":5}},"type":"if","locations":[{"start":{"line":194,"column":4},"end":{"line":199,"column":5}},{"start":{},"end":{}}],"line":194},"5":{"loc":{"start":{"line":205,"column":4},"end":{"line":207,"column":5}},"type":"if","locations":[{"start":{"line":205,"column":4},"end":{"line":207,"column":5}},{"start":{},"end":{}}],"line":205},"6":{"loc":{"start":{"line":218,"column":8},"end":{"line":218,"column":71}},"type":"binary-expr","locations":[{"start":{"line":218,"column":8},"end":{"line":218,"column":43}},{"start":{"line":218,"column":47},"end":{"line":218,"column":71}}],"line":218},"7":{"loc":{"start":{"line":244,"column":4},"end":{"line":246,"column":5}},"type":"if","locations":[{"start":{"line":244,"column":4},"end":{"line":246,"column":5}},{"start":{},"end":{}}],"line":244},"8":{"loc":{"start":{"line":253,"column":8},"end":{"line":253,"column":81}},"type":"binary-expr","locations":[{"start":{"line":253,"column":8},"end":{"line":253,"column":48}},{"start":{"line":253,"column":52},"end":{"line":253,"column":81}}],"line":253}},"s":{"0":0,"1":0,"2":0,"3":0,"4":0,"5":0,"6":0,"7":0,"8":0,"9":0,"10":0,"11":0,"12":0,"13":0,"14":0,"15":0,"16":0,"17":0,"18":0,"19":0,"20":0,"21":0,"22":0,"23":0,"24":0,"25":0,"26":0,"27":0,"28":0,"29":0,"30":0,"31":0,"32":0,"33":0,"34":0,"35":0,"36":0,"37":0,"38":0,"39":0,"40":0,"41":0,"42":0,"43":0,"44":0,"45":0,"46":0,"47":0,"48":0,"49":0,"50":0,"51":0,"52":0,"53":0,"54":0,"55":0,"56":0,"57":0,"58":0,"59":0,"60":0,"61":0,"62":0,"63":0,"64":0,"65":0,"66":0,"67":0,"68":0,"69":0,"70":0,"71":0,"72":0,"73":0,"74":0,"75":0,"76":0,"77":0},"f":{"0":0,"1":0,"2":0,"3":0,"4":0,"5":0,"6":0,"7":0,"8":0,"9":0,"10":0,"11":0,"12":0,"13":0,"14":0},"b":{"0":[0,0],"1":[0,0],"2":[0,0],"3":[0,0],"4":[0,0],"5":[0,0],"6":[0,0],"7":[0,0],"8":[0,0]}}
,"/home/tikaya/innovevents-manager/src/controllers/NoteController.js": {"path":"/home/tikaya/innovevents-manager/src/controllers/NoteController.js","statementMap":{"0":{"start":{"line":6,"column":20},"end":{"line":6,"column":54}},"1":{"start":{"line":7,"column":37},"end":{"line":7,"column":70}},"2":{"start":{"line":8,"column":25},"end":{"line":8,"column":63}},"3":{"start":{"line":10,"column":15},"end":{"line":13,"column":2}},"4":{"start":{"line":11,"column":18},"end":{"line":11,"column":53}},"5":{"start":{"line":12,"column":4},"end":{"line":12,"column":45}},"6":{"start":{"line":15,"column":16},"end":{"line":18,"column":2}},"7":{"start":{"line":16,"column":17},"end":{"line":16,"column":57}},"8":{"start":{"line":17,"column":4},"end":{"line":17,"column":44}},"9":{"start":{"line":20,"column":23},"end":{"line":23,"column":2}},"10":{"start":{"line":21,"column":18},"end":{"line":21,"column":74}},"11":{"start":{"line":22,"column":4},"end":{"line":22,"column":45}},"12":{"start":{"line":25,"column":20},"end":{"line":28,"column":2}},"13":{"start":{"line":26,"column":18},"end":{"line":26,"column":49}},"14":{"start":{"line":27,"column":4},"end":{"line":27,"column":45}},"15":{"start":{"line":30,"column":20},"end":{"line":34,"column":2}},"16":{"start":{"line":31,"column":18},"end":{"line":31,"column":48}},"17":{"start":{"line":32,"column":18},"end":{"line":32,"column":54}},"18":{"start":{"line":33,"column":4},"end":{"line":33,"column":45}},"19":{"start":{"line":36,"column":15},"end":{"line":52,"column":2}},"20":{"start":{"line":37,"column":17},"end":{"line":37,"column":76}},"21":{"start":{"line":40,"column":4},"end":{"line":49,"column":6}},"22":{"start":{"line":51,"column":4},"end":{"line":51,"column":56}},"23":{"start":{"line":54,"column":15},"end":{"line":69,"column":2}},"24":{"start":{"line":55,"column":17},"end":{"line":55,"column":91}},"25":{"start":{"line":58,"column":4},"end":{"line":66,"column":6}},"26":{"start":{"line":68,"column":4},"end":{"line":68,"column":44}},"27":{"start":{"line":71,"column":15},"end":{"line":88,"column":2}},"28":{"start":{"line":72,"column":17},"end":{"line":72,"column":57}},"29":{"start":{"line":74,"column":4},"end":{"line":74,"column":84}},"30":{"start":{"line":77,"column":4},"end":{"line":85,"column":6}},"31":{"start":{"line":87,"column":4},"end":{"line":87,"column":59}},"32":{"start":{"line":90,"column":0},"end":{"line":90,"column":103}}},"fnMap":{"0":{"name":"(anonymous_0)","decl":{"start":{"line":10,"column":28},"end":{"line":10,"column":29}},"loc":{"start":{"line":10,"column":48},"end":{"line":13,"column":1}},"line":10},"1":{"name":"(anonymous_1)","decl":{"start":{"line":15,"column":29},"end":{"line":15,"column":30}},"loc":{"start":{"line":15,"column":49},"end":{"line":18,"column":1}},"line":15},"2":{"name":"(anonymous_2)","decl":{"start":{"line":20,"column":36},"end":{"line":20,"column":37}},"loc":{"start":{"line":20,"column":56},"end":{"line":23,"column":1}},"line":20},"3":{"name":"(anonymous_3)","decl":{"start":{"line":25,"column":33},"end":{"line":25,"column":34}},"loc":{"start":{"line":25,"column":53},"end":{"line":28,"column":1}},"line":25},"4":{"name":"(anonymous_4)","decl":{"start":{"line":30,"column":33},"end":{"line":30,"column":34}},"loc":{"start":{"line":30,"column":53},"end":{"line":34,"column":1}},"line":30},"5":{"name":"(anonymous_5)","decl":{"start":{"line":36,"column":28},"end":{"line":36,"column":29}},"loc":{"start":{"line":36,"column":48},"end":{"line":52,"column":1}},"line":36},"6":{"name":"(anonymous_6)","decl":{"start":{"line":54,"column":28},"end":{"line":54,"column":29}},"loc":{"start":{"line":54,"column":48},"end":{"line":69,"column":1}},"line":54},"7":{"name":"(anonymous_7)","decl":{"start":{"line":71,"column":28},"end":{"line":71,"column":29}},"loc":{"start":{"line":71,"column":48},"end":{"line":88,"column":1}},"line":71}},"branchMap":{"0":{"loc":{"start":{"line":31,"column":18},"end":{"line":31,"column":48}},"type":"binary-expr","locations":[{"start":{"line":31,"column":18},"end":{"line":31,"column":43}},{"start":{"line":31,"column":47},"end":{"line":31,"column":48}}],"line":31}},"s":{"0":0,"1":0,"2":0,"3":0,"4":0,"5":0,"6":0,"7":0,"8":0,"9":0,"10":0,"11":0,"12":0,"13":0,"14":0,"15":0,"16":0,"17":0,"18":0,"19":0,"20":0,"21":0,"22":0,"23":0,"24":0,"25":0,"26":0,"27":0,"28":0,"29":0,"30":0,"31":0,"32":0},"f":{"0":0,"1":0,"2":0,"3":0,"4":0,"5":0,"6":0,"7":0},"b":{"0":[0,0]}}
,"/home/tikaya/innovevents-manager/src/controllers/ProspectController.js": {"path":"/home/tikaya/innovevents-manager/src/controllers/ProspectController.js","statementMap":{"0":{"start":{"line":6,"column":24},"end":{"line":6,"column":62}},"1":{"start":{"line":7,"column":37},"end":{"line":7,"column":70}},"2":{"start":{"line":8,"column":25},"end":{"line":8,"column":63}},"3":{"start":{"line":10,"column":15},"end":{"line":13,"column":2}},"4":{"start":{"line":11,"column":22},"end":{"line":11,"column":61}},"5":{"start":{"line":12,"column":4},"end":{"line":12,"column":49}},"6":{"start":{"line":15,"column":16},"end":{"line":18,"column":2}},"7":{"start":{"line":16,"column":21},"end":{"line":16,"column":65}},"8":{"start":{"line":17,"column":4},"end":{"line":17,"column":48}},"9":{"start":{"line":20,"column":15},"end":{"line":37,"column":2}},"10":{"start":{"line":21,"column":21},"end":{"line":21,"column":59}},"11":{"start":{"line":24,"column":4},"end":{"line":34,"column":6}},"12":{"start":{"line":36,"column":4},"end":{"line":36,"column":150}},"13":{"start":{"line":39,"column":15},"end":{"line":42,"column":2}},"14":{"start":{"line":40,"column":21},"end":{"line":40,"column":74}},"15":{"start":{"line":41,"column":4},"end":{"line":41,"column":48}},"16":{"start":{"line":44,"column":15},"end":{"line":61,"column":2}},"17":{"start":{"line":45,"column":30},"end":{"line":45,"column":38}},"18":{"start":{"line":46,"column":21},"end":{"line":46,"column":79}},"19":{"start":{"line":49,"column":4},"end":{"line":58,"column":6}},"20":{"start":{"line":60,"column":4},"end":{"line":60,"column":48}},"21":{"start":{"line":63,"column":16},"end":{"line":82,"column":2}},"22":{"start":{"line":64,"column":34},"end":{"line":64,"column":42}},"23":{"start":{"line":65,"column":21},"end":{"line":65,"column":65}},"24":{"start":{"line":66,"column":19},"end":{"line":66,"column":82}},"25":{"start":{"line":69,"column":4},"end":{"line":79,"column":6}},"26":{"start":{"line":81,"column":4},"end":{"line":81,"column":46}},"27":{"start":{"line":84,"column":15},"end":{"line":103,"column":2}},"28":{"start":{"line":86,"column":21},"end":{"line":86,"column":65}},"29":{"start":{"line":88,"column":4},"end":{"line":88,"column":48}},"30":{"start":{"line":91,"column":4},"end":{"line":100,"column":6}},"31":{"start":{"line":102,"column":4},"end":{"line":102,"column":62}},"32":{"start":{"line":105,"column":15},"end":{"line":108,"column":2}},"33":{"start":{"line":106,"column":22},"end":{"line":106,"column":63}},"34":{"start":{"line":107,"column":4},"end":{"line":107,"column":49}},"35":{"start":{"line":110,"column":0},"end":{"line":110,"column":86}}},"fnMap":{"0":{"name":"(anonymous_0)","decl":{"start":{"line":10,"column":28},"end":{"line":10,"column":29}},"loc":{"start":{"line":10,"column":48},"end":{"line":13,"column":1}},"line":10},"1":{"name":"(anonymous_1)","decl":{"start":{"line":15,"column":29},"end":{"line":15,"column":30}},"loc":{"start":{"line":15,"column":49},"end":{"line":18,"column":1}},"line":15},"2":{"name":"(anonymous_2)","decl":{"start":{"line":20,"column":28},"end":{"line":20,"column":29}},"loc":{"start":{"line":20,"column":48},"end":{"line":37,"column":1}},"line":20},"3":{"name":"(anonymous_3)","decl":{"start":{"line":39,"column":28},"end":{"line":39,"column":29}},"loc":{"start":{"line":39,"column":48},"end":{"line":42,"column":1}},"line":39},"4":{"name":"(anonymous_4)","decl":{"start":{"line":44,"column":28},"end":{"line":44,"column":29}},"loc":{"start":{"line":44,"column":48},"end":{"line":61,"column":1}},"line":44},"5":{"name":"(anonymous_5)","decl":{"start":{"line":63,"column":29},"end":{"line":63,"column":30}},"loc":{"start":{"line":63,"column":49},"end":{"line":82,"column":1}},"line":63},"6":{"name":"(anonymous_6)","decl":{"start":{"line":84,"column":28},"end":{"line":84,"column":29}},"loc":{"start":{"line":84,"column":48},"end":{"line":103,"column":1}},"line":84},"7":{"name":"(anonymous_7)","decl":{"start":{"line":105,"column":28},"end":{"line":105,"column":29}},"loc":{"start":{"line":105,"column":48},"end":{"line":108,"column":1}},"line":105}},"branchMap":{},"s":{"0":0,"1":0,"2":0,"3":0,"4":0,"5":0,"6":0,"7":0,"8":0,"9":0,"10":0,"11":0,"12":0,"13":0,"14":0,"15":0,"16":0,"17":0,"18":0,"19":0,"20":0,"21":0,"22":0,"23":0,"24":0,"25":0,"26":0,"27":0,"28":0,"29":0,"30":0,"31":0,"32":0,"33":0,"34":0,"35":0},"f":{"0":0,"1":0,"2":0,"3":0,"4":0,"5":0,"6":0,"7":0},"b":{}}
,"/home/tikaya/innovevents-manager/src/controllers/TacheController.js": {"path":"/home/tikaya/innovevents-manager/src/controllers/TacheController.js","statementMap":{"0":{"start":{"line":6,"column":21},"end":{"line":6,"column":56}},"1":{"start":{"line":7,"column":37},"end":{"line":7,"column":70}},"2":{"start":{"line":8,"column":25},"end":{"line":8,"column":63}},"3":{"start":{"line":10,"column":15},"end":{"line":13,"column":2}},"4":{"start":{"line":11,"column":19},"end":{"line":11,"column":55}},"5":{"start":{"line":12,"column":4},"end":{"line":12,"column":46}},"6":{"start":{"line":15,"column":16},"end":{"line":18,"column":2}},"7":{"start":{"line":16,"column":18},"end":{"line":16,"column":59}},"8":{"start":{"line":17,"column":4},"end":{"line":17,"column":45}},"9":{"start":{"line":20,"column":23},"end":{"line":23,"column":2}},"10":{"start":{"line":21,"column":19},"end":{"line":21,"column":76}},"11":{"start":{"line":22,"column":4},"end":{"line":22,"column":46}},"12":{"start":{"line":25,"column":16},"end":{"line":28,"column":2}},"13":{"start":{"line":26,"column":19},"end":{"line":26,"column":79}},"14":{"start":{"line":27,"column":4},"end":{"line":27,"column":46}},"15":{"start":{"line":30,"column":20},"end":{"line":33,"column":2}},"16":{"start":{"line":31,"column":19},"end":{"line":31,"column":51}},"17":{"start":{"line":32,"column":4},"end":{"line":32,"column":46}},"18":{"start":{"line":35,"column":15},"end":{"line":51,"column":2}},"19":{"start":{"line":36,"column":18},"end":{"line":36,"column":53}},"20":{"start":{"line":38,"column":4},"end":{"line":48,"column":6}},"21":{"start":{"line":50,"column":4},"end":{"line":50,"column":57}},"22":{"start":{"line":54,"column":15},"end":{"line":69,"column":2}},"23":{"start":{"line":55,"column":18},"end":{"line":55,"column":83}},"24":{"start":{"line":57,"column":4},"end":{"line":66,"column":6}},"25":{"start":{"line":68,"column":4},"end":{"line":68,"column":45}},"26":{"start":{"line":72,"column":21},"end":{"line":98,"column":2}},"27":{"start":{"line":73,"column":23},"end":{"line":73,"column":31}},"28":{"start":{"line":75,"column":26},"end":{"line":75,"column":67}},"29":{"start":{"line":76,"column":25},"end":{"line":76,"column":51}},"30":{"start":{"line":78,"column":18},"end":{"line":83,"column":5}},"31":{"start":{"line":85,"column":4},"end":{"line":95,"column":6}},"32":{"start":{"line":97,"column":4},"end":{"line":97,"column":45}},"33":{"start":{"line":100,"column":15},"end":{"line":117,"column":2}},"34":{"start":{"line":101,"column":18},"end":{"line":101,"column":59}},"35":{"start":{"line":103,"column":4},"end":{"line":103,"column":45}},"36":{"start":{"line":105,"column":4},"end":{"line":114,"column":6}},"37":{"start":{"line":116,"column":4},"end":{"line":116,"column":60}},"38":{"start":{"line":119,"column":0},"end":{"line":119,"column":113}}},"fnMap":{"0":{"name":"(anonymous_0)","decl":{"start":{"line":10,"column":28},"end":{"line":10,"column":29}},"loc":{"start":{"line":10,"column":48},"end":{"line":13,"column":1}},"line":10},"1":{"name":"(anonymous_1)","decl":{"start":{"line":15,"column":29},"end":{"line":15,"column":30}},"loc":{"start":{"line":15,"column":49},"end":{"line":18,"column":1}},"line":15},"2":{"name":"(anonymous_2)","decl":{"start":{"line":20,"column":36},"end":{"line":20,"column":37}},"loc":{"start":{"line":20,"column":56},"end":{"line":23,"column":1}},"line":20},"3":{"name":"(anonymous_3)","decl":{"start":{"line":25,"column":29},"end":{"line":25,"column":30}},"loc":{"start":{"line":25,"column":49},"end":{"line":28,"column":1}},"line":25},"4":{"name":"(anonymous_4)","decl":{"start":{"line":30,"column":33},"end":{"line":30,"column":34}},"loc":{"start":{"line":30,"column":53},"end":{"line":33,"column":1}},"line":30},"5":{"name":"(anonymous_5)","decl":{"start":{"line":35,"column":28},"end":{"line":35,"column":29}},"loc":{"start":{"line":35,"column":48},"end":{"line":51,"column":1}},"line":35},"6":{"name":"(anonymous_6)","decl":{"start":{"line":54,"column":28},"end":{"line":54,"column":29}},"loc":{"start":{"line":54,"column":48},"end":{"line":69,"column":1}},"line":54},"7":{"name":"(anonymous_7)","decl":{"start":{"line":72,"column":34},"end":{"line":72,"column":35}},"loc":{"start":{"line":72,"column":54},"end":{"line":98,"column":1}},"line":72},"8":{"name":"(anonymous_8)","decl":{"start":{"line":100,"column":28},"end":{"line":100,"column":29}},"loc":{"start":{"line":100,"column":48},"end":{"line":117,"column":1}},"line":100}},"branchMap":{},"s":{"0":0,"1":0,"2":0,"3":0,"4":0,"5":0,"6":0,"7":0,"8":0,"9":0,"10":0,"11":0,"12":0,"13":0,"14":0,"15":0,"16":0,"17":0,"18":0,"19":0,"20":0,"21":0,"22":0,"23":0,"24":0,"25":0,"26":0,"27":0,"28":0,"29":0,"30":0,"31":0,"32":0,"33":0,"34":0,"35":0,"36":0,"37":0,"38":0},"f":{"0":0,"1":0,"2":0,"3":0,"4":0,"5":0,"6":0,"7":0,"8":0},"b":{}}
,"/home/tikaya/innovevents-manager/src/controllers/index.js": {"path":"/home/tikaya/innovevents-manager/src/controllers/index.js","statementMap":{"0":{"start":{"line":6,"column":23},"end":{"line":6,"column":50}},"1":{"start":{"line":7,"column":27},"end":{"line":7,"column":58}},"2":{"start":{"line":8,"column":25},"end":{"line":8,"column":54}},"3":{"start":{"line":9,"column":28},"end":{"line":9,"column":60}},"4":{"start":{"line":10,"column":24},"end":{"line":10,"column":52}},"5":{"start":{"line":11,"column":23},"end":{"line":11,"column":50}},"6":{"start":{"line":12,"column":24},"end":{"line":12,"column":52}},"7":{"start":{"line":13,"column":23},"end":{"line":13,"column":50}},"8":{"start":{"line":14,"column":26},"end":{"line":14,"column":56}},"9":{"start":{"line":15,"column":28},"end":{"line":15,"column":60}},"10":{"start":{"line":17,"column":0},"end":{"line":28,"column":2}}},"fnMap":{},"branchMap":{},"s":{"0":0,"1":0,"2":0,"3":0,"4":0,"5":0,"6":0,"7":0,"8":0,"9":0,"10":0},"f":{},"b":{}}
,"/home/tikaya/innovevents-manager/src/middlewares/auth.js": {"path":"/home/tikaya/innovevents-manager/src/middlewares/auth.js","statementMap":{"0":{"start":{"line":6,"column":12},"end":{"line":6,"column":35}},"1":{"start":{"line":7,"column":20},"end":{"line":7,"column":52}},"2":{"start":{"line":12,"column":21},"end":{"line":65,"column":1}},"3":{"start":{"line":13,"column":4},"end":{"line":64,"column":5}},"4":{"start":{"line":15,"column":27},"end":{"line":15,"column":52}},"5":{"start":{"line":17,"column":8},"end":{"line":22,"column":9}},"6":{"start":{"line":18,"column":12},"end":{"line":21,"column":15}},"7":{"start":{"line":24,"column":22},"end":{"line":24,"column":46}},"8":{"start":{"line":27,"column":24},"end":{"line":27,"column":65}},"9":{"start":{"line":30,"column":21},"end":{"line":30,"column":59}},"10":{"start":{"line":32,"column":8},"end":{"line":37,"column":9}},"11":{"start":{"line":33,"column":12},"end":{"line":36,"column":15}},"12":{"start":{"line":40,"column":8},"end":{"line":45,"column":9}},"13":{"start":{"line":41,"column":12},"end":{"line":44,"column":15}},"14":{"start":{"line":48,"column":8},"end":{"line":48,"column":24}},"15":{"start":{"line":49,"column":8},"end":{"line":49,"column":15}},"16":{"start":{"line":51,"column":8},"end":{"line":56,"column":9}},"17":{"start":{"line":52,"column":12},"end":{"line":55,"column":15}},"18":{"start":{"line":57,"column":8},"end":{"line":62,"column":9}},"19":{"start":{"line":58,"column":12},"end":{"line":61,"column":15}},"20":{"start":{"line":63,"column":8},"end":{"line":63,"column":20}},"21":{"start":{"line":71,"column":18},"end":{"line":89,"column":1}},"22":{"start":{"line":72,"column":4},"end":{"line":88,"column":6}},"23":{"start":{"line":73,"column":8},"end":{"line":78,"column":9}},"24":{"start":{"line":74,"column":12},"end":{"line":77,"column":15}},"25":{"start":{"line":80,"column":8},"end":{"line":85,"column":9}},"26":{"start":{"line":81,"column":12},"end":{"line":84,"column":15}},"27":{"start":{"line":87,"column":8},"end":{"line":87,"column":15}},"28":{"start":{"line":94,"column":21},"end":{"line":112,"column":1}},"29":{"start":{"line":95,"column":4},"end":{"line":111,"column":5}},"30":{"start":{"line":96,"column":27},"end":{"line":96,"column":52}},"31":{"start":{"line":98,"column":8},"end":{"line":106,"column":9}},"32":{"start":{"line":99,"column":26},"end":{"line":99,"column":50}},"33":{"start":{"line":100,"column":28},"end":{"line":100,"column":69}},"34":{"start":{"line":101,"column":25},"end":{"line":101,"column":63}},"35":{"start":{"line":103,"column":12},"end":{"line":105,"column":13}},"36":{"start":{"line":104,"column":16},"end":{"line":104,"column":32}},"37":{"start":{"line":107,"column":8},"end":{"line":107,"column":15}},"38":{"start":{"line":110,"column":8},"end":{"line":110,"column":15}},"39":{"start":{"line":114,"column":0},"end":{"line":118,"column":2}}},"fnMap":{"0":{"name":"(anonymous_0)","decl":{"start":{"line":12,"column":21},"end":{"line":12,"column":22}},"loc":{"start":{"line":12,"column":47},"end":{"line":65,"column":1}},"line":12},"1":{"name":"(anonymous_1)","decl":{"start":{"line":71,"column":18},"end":{"line":71,"column":19}},"loc":{"start":{"line":71,"column":32},"end":{"line":89,"column":1}},"line":71},"2":{"name":"(anonymous_2)","decl":{"start":{"line":72,"column":11},"end":{"line":72,"column":12}},"loc":{"start":{"line":72,"column":31},"end":{"line":88,"column":5}},"line":72},"3":{"name":"(anonymous_3)","decl":{"start":{"line":94,"column":21},"end":{"line":94,"column":22}},"loc":{"start":{"line":94,"column":47},"end":{"line":112,"column":1}},"line":94}},"branchMap":{"0":{"loc":{"start":{"line":17,"column":8},"end":{"line":22,"column":9}},"type":"if","locations":[{"start":{"line":17,"column":8},"end":{"line":22,"column":9}},{"start":{},"end":{}}],"line":17},"1":{"loc":{"start":{"line":17,"column":12},"end":{"line":17,"column":60}},"type":"binary-expr","locations":[{"start":{"line":17,"column":12},"end":{"line":17,"column":23}},{"start":{"line":17,"column":27},"end":{"line":17,"column":60}}],"line":17},"2":{"loc":{"start":{"line":32,"column":8},"end":{"line":37,"column":9}},"type":"if","locations":[{"start":{"line":32,"column":8},"end":{"line":37,"column":9}},{"start":{},"end":{}}],"line":32},"3":{"loc":{"start":{"line":40,"column":8},"end":{"line":45,"column":9}},"type":"if","locations":[{"start":{"line":40,"column":8},"end":{"line":45,"column":9}},{"start":{},"end":{}}],"line":40},"4":{"loc":{"start":{"line":51,"column":8},"end":{"line":56,"column":9}},"type":"if","locations":[{"start":{"line":51,"column":8},"end":{"line":56,"column":9}},{"start":{},"end":{}}],"line":51},"5":{"loc":{"start":{"line":57,"column":8},"end":{"line":62,"column":9}},"type":"if","locations":[{"start":{"line":57,"column":8},"end":{"line":62,"column":9}},{"start":{},"end":{}}],"line":57},"6":{"loc":{"start":{"line":73,"column":8},"end":{"line":78,"column":9}},"type":"if","locations":[{"start":{"line":73,"column":8},"end":{"line":78,"column":9}},{"start":{},"end":{}}],"line":73},"7":{"loc":{"start":{"line":80,"column":8},"end":{"line":85,"column":9}},"type":"if","locations":[{"start":{"line":80,"column":8},"end":{"line":85,"column":9}},{"start":{},"end":{}}],"line":80},"8":{"loc":{"start":{"line":98,"column":8},"end":{"line":106,"column":9}},"type":"if","locations":[{"start":{"line":98,"column":8},"end":{"line":106,"column":9}},{"start":{},"end":{}}],"line":98},"9":{"loc":{"start":{"line":98,"column":12},"end":{"line":98,"column":58}},"type":"binary-expr","locations":[{"start":{"line":98,"column":12},"end":{"line":98,"column":22}},{"start":{"line":98,"column":26},"end":{"line":98,"column":58}}],"line":98},"10":{"loc":{"start":{"line":103,"column":12},"end":{"line":105,"column":13}},"type":"if","locations":[{"start":{"line":103,"column":12},"end":{"line":105,"column":13}},{"start":{},"end":{}}],"line":103},"11":{"loc":{"start":{"line":103,"column":16},"end":{"line":103,"column":59}},"type":"binary-expr","locations":[{"start":{"line":103,"column":16},"end":{"line":103,"column":20}},{"start":{"line":103,"column":24},"end":{"line":103,"column":59}}],"line":103}},"s":{"0":0,"1":0,"2":0,"3":0,"4":0,"5":0,"6":0,"7":0,"8":0,"9":0,"10":0,"11":0,"12":0,"13":0,"14":0,"15":0,"16":0,"17":0,"18":0,"19":0,"20":0,"21":0,"22":0,"23":0,"24":0,"25":0,"26":0,"27":0,"28":0,"29":0,"30":0,"31":0,"32":0,"33":0,"34":0,"35":0,"36":0,"37":0,"38":0,"39":0},"f":{"0":0,"1":0,"2":0,"3":0},"b":{"0":[0,0],"1":[0,0],"2":[0,0],"3":[0,0],"4":[0,0],"5":[0,0],"6":[0,0],"7":[0,0],"8":[0,0],"9":[0,0],"10":[0,0],"11":[0,0]}}
[...]
8,"column":81}}],"line":178},"21":{"loc":{"start":{"line":179,"column":38},"end":{"line":179,"column":69}},"type":"binary-expr","locations":[{"start":{"line":179,"column":38},"end":{"line":179,"column":61}},{"start":{"line":179,"column":65},"end":{"line":179,"column":69}}],"line":179},"22":{"loc":{"start":{"line":192,"column":29},"end":{"line":192,"column":76}},"type":"binary-expr","locations":[{"start":{"line":192,"column":29},"end":{"line":192,"column":51}},{"start":{"line":192,"column":55},"end":{"line":192,"column":76}}],"line":192},"23":{"loc":{"start":{"line":193,"column":32},"end":{"line":193,"column":85}},"type":"binary-expr","locations":[{"start":{"line":193,"column":32},"end":{"line":193,"column":57}},{"start":{"line":193,"column":61},"end":{"line":193,"column":85}}],"line":193},"24":{"loc":{"start":{"line":201,"column":47},"end":{"line":201,"column":106}},"type":"binary-expr","locations":[{"start":{"line":201,"column":47},"end":{"line":201,"column":79}},{"start":{"line":201,"column":83},"end":{"line":201,"column":106}}],"line":201},"25":{"loc":{"start":{"line":202,"column":37},"end":{"line":202,"column":84}},"type":"binary-expr","locations":[{"start":{"line":202,"column":37},"end":{"line":202,"column":59}},{"start":{"line":202,"column":63},"end":{"line":202,"column":84}}],"line":202},"26":{"loc":{"start":{"line":203,"column":40},"end":{"line":203,"column":93}},"type":"binary-expr","locations":[{"start":{"line":203,"column":40},"end":{"line":203,"column":65}},{"start":{"line":203,"column":69},"end":{"line":203,"column":93}}],"line":203},"27":{"loc":{"start":{"line":205,"column":42},"end":{"line":205,"column":100}},"type":"binary-expr","locations":[{"start":{"line":205,"column":42},"end":{"line":205,"column":69}},{"start":{"line":205,"column":73},"end":{"line":205,"column":100}}],"line":205},"28":{"loc":{"start":{"line":206,"column":40},"end":{"line":206,"column":73}},"type":"binary-expr","locations":[{"start":{"line":206,"column":40},"end":{"line":206,"column":65}},{"start":{"line":206,"column":69},"end":{"line":206,"column":73}}],"line":206},"29":{"loc":{"start":{"line":207,"column":44},"end":{"line":207,"column":81}},"type":"binary-expr","locations":[{"start":{"line":207,"column":44},"end":{"line":207,"column":73}},{"start":{"line":207,"column":77},"end":{"line":207,"column":81}}],"line":207},"30":{"loc":{"start":{"line":208,"column":38},"end":{"line":208,"column":69}},"type":"binary-expr","locations":[{"start":{"line":208,"column":38},"end":{"line":208,"column":61}},{"start":{"line":208,"column":65},"end":{"line":208,"column":69}}],"line":208},"31":{"loc":{"start":{"line":221,"column":31},"end":{"line":221,"column":128}},"type":"binary-expr","locations":[{"start":{"line":221,"column":31},"end":{"line":221,"column":58}},{"start":{"line":221,"column":62},"end":{"line":221,"column":128}}],"line":221},"32":{"loc":{"start":{"line":222,"column":28},"end":{"line":222,"column":79}},"type":"binary-expr","locations":[{"start":{"line":222,"column":28},"end":{"line":222,"column":52}},{"start":{"line":222,"column":56},"end":{"line":222,"column":79}}],"line":222},"33":{"loc":{"start":{"line":223,"column":29},"end":{"line":223,"column":62}},"type":"binary-expr","locations":[{"start":{"line":223,"column":29},"end":{"line":223,"column":54}},{"start":{"line":223,"column":58},"end":{"line":223,"column":62}}],"line":223},"34":{"loc":{"start":{"line":224,"column":26},"end":{"line":224,"column":75}},"type":"binary-expr","locations":[{"start":{"line":224,"column":26},"end":{"line":224,"column":48}},{"start":{"line":224,"column":52},"end":{"line":224,"column":75}}],"line":224},"35":{"loc":{"start":{"line":225,"column":27},"end":{"line":225,"column":58}},"type":"binary-expr","locations":[{"start":{"line":225,"column":27},"end":{"line":225,"column":50}},{"start":{"line":225,"column":54},"end":{"line":225,"column":58}}],"line":225},"36":{"loc":{"start":{"line":226,"column":32},"end":{"line":226,"column":86}},"type":"binary-expr","locations":[{"start":{"line":226,"column":32},"end":{"line":226,"column":60}},{"start":{"line":226,"column":64},"end":{"line":226,"column":86}}],"line":226},"37":{"loc":{"start":{"line":227,"column":32},"end":{"line":227,"column":96}},"type":"binary-expr","locations":[{"start":{"line":227,"column":32},"end":{"line":227,"column":60}},{"start":{"line":227,"column":64},"end":{"line":227,"column":96}}],"line":227},"38":{"loc":{"start":{"line":228,"column":33},"end":{"line":228,"column":70}},"type":"binary-expr","locations":[{"start":{"line":228,"column":33},"end":{"line":228,"column":62}},{"start":{"line":228,"column":66},"end":{"line":228,"column":70}}],"line":228},"39":{"loc":{"start":{"line":247,"column":12},"end":{"line":268,"column":13}},"type":"if","locations":[{"start":{"line":247,"column":12},"end":{"line":268,"column":13}},{"start":{"line":254,"column":19},"end":{"line":268,"column":13}}],"line":247},"40":{"loc":{"start":{"line":254,"column":19},"end":{"line":268,"column":13}},"type":"if","locations":[{"start":{"line":254,"column":19},"end":{"line":268,"column":13}},{"start":{"line":261,"column":19},"end":{"line":268,"column":13}}],"line":254},"41":{"loc":{"start":{"line":261,"column":19},"end":{"line":268,"column":13}},"type":"if","locations":[{"start":{"line":261,"column":19},"end":{"line":268,"column":13}},{"start":{},"end":{}}],"line":261},"42":{"loc":{"start":{"line":275,"column":25},"end":{"line":277,"column":96}},"type":"cond-expr","locations":[{"start":{"line":276,"column":22},"end":{"line":276,"column":93}},{"start":{"line":277,"column":22},"end":{"line":277,"column":96}}],"line":275},"43":{"loc":{"start":{"line":293,"column":8},"end":{"line":295,"column":9}},"type":"if","locations":[{"start":{"line":293,"column":8},"end":{"line":295,"column":9}},{"start":{},"end":{}}],"line":293},"44":{"loc":{"start":{"line":298,"column":8},"end":{"line":300,"column":9}},"type":"if","locations":[{"start":{"line":298,"column":8},"end":{"line":300,"column":9}},{"start":{},"end":{}}],"line":298},"45":{"loc":{"start":{"line":303,"column":8},"end":{"line":305,"column":9}},"type":"if","locations":[{"start":{"line":303,"column":8},"end":{"line":305,"column":9}},{"start":{},"end":{}}],"line":303},"46":{"loc":{"start":{"line":326,"column":28},"end":{"line":326,"column":37}},"type":"default-arg","locations":[{"start":{"line":326,"column":36},"end":{"line":326,"column":37}}],"line":326}},"s":{"0":0,"1":0,"2":0,"3":0,"4":0,"5":0,"6":0,"7":0,"8":0,"9":0,"10":0,"11":0,"12":0,"13":0,"14":0,"15":0,"16":0,"17":0,"18":0,"19":0,"20":0,"21":0,"22":0,"23":0,"24":0,"25":0,"26":0,"27":0,"28":0,"29":0,"30":0,"31":0,"32":0,"33":0,"34":0,"35":0,"36":0,"37":0,"38":0,"39":0,"40":0,"41":0,"42":0,"43":0,"44":0,"45":0,"46":0,"47":0,"48":0,"49":0,"50":0,"51":0,"52":0,"53":0,"54":0,"55":0,"56":0,"57":0,"58":0,"59":0,"60":0,"61":0,"62":0,"63":0,"64":0,"65":0,"66":0,"67":0,"68":0,"69":0,"70":0,"71":0,"72":0,"73":0,"74":0,"75":0,"76":0,"77":0,"78":0,"79":0,"80":0,"81":0,"82":0,"83":0,"84":0,"85":0,"86":0,"87":0,"88":0,"89":0,"90":0,"91":0,"92":0,"93":0,"94":0,"95":0,"96":0,"97":0,"98":0,"99":0,"100":0,"101":0,"102":0,"103":0,"104":0,"105":0,"106":0},"f":{"0":0,"1":0,"2":0,"3":0,"4":0,"5":0,"6":0,"7":0,"8":0,"9":0},"b":{"0":[0],"1":[0,0],"2":[0,0],"3":[0,0],"4":[0,0],"5":[0,0],"6":[0],"7":[0],"8":[0,0],"9":[0,0],"10":[0,0],"11":[0,0],"12":[0,0],"13":[0,0],"14":[0,0],"15":[0,0],"16":[0,0],"17":[0,0],"18":[0,0],"19":[0,0],"20":[0,0],"21":[0,0],"22":[0,0],"23":[0,0],"24":[0,0],"25":[0,0],"26":[0,0],"27":[0,0],"28":[0,0],"29":[0,0],"30":[0,0],"31":[0,0],"32":[0,0],"33":[0,0],"34":[0,0],"35":[0,0],"36":[0,0],"37":[0,0],"38":[0,0],"39":[0,0],"40":[0,0],"41":[0,0],"42":[0,0],"43":[0,0],"44":[0,0],"45":[0,0],"46":[0]}}
,"/home/tikaya/innovevents-manager/src/services/TacheService.js": {"path":"/home/tikaya/innovevents-manager/src/services/TacheService.js","statementMap":{"0":{"start":{"line":6,"column":14},"end":{"line":6,"column":40}},"1":{"start":{"line":7,"column":18},"end":{"line":7,"column":48}},"2":{"start":{"line":8,"column":20},"end":{"line":8,"column":52}},"3":{"start":{"line":12,"column":8},"end":{"line":12,"column":38}},"4":{"start":{"line":16,"column":22},"end":{"line":16,"column":46}},"5":{"start":{"line":17,"column":8},"end":{"line":17,"column":57}},"6":{"start":{"line":17,"column":20},"end":{"line":17,"column":57}},"7":{"start":{"line":18,"column":8},"end":{"line":18,"column":21}},"8":{"start":{"line":22,"column":8},"end":{"line":22,"column":50}},"9":{"start":{"line":26,"column":8},"end":{"line":26,"column":54}},"10":{"start":{"line":30,"column":8},"end":{"line":30,"column":36}},"11":{"start":{"line":35,"column":8},"end":{"line":38,"column":9}},"12":{"start":{"line":36,"column":24},"end":{"line":36,"column":67}},"13":{"start":{"line":37,"column":12},"end":{"line":37,"column":62}},"14":{"start":{"line":37,"column":22},"end":{"line":37,"column":62}},"15":{"start":{"line":40,"column":21},"end":{"line":40,"column":68}},"16":{"start":{"line":41,"column":8},"end":{"line":41,"column":61}},"17":{"start":{"line":41,"column":19},"end":{"line":41,"column":61}},"18":{"start":{"line":42,"column":8},"end":{"line":44,"column":9}},"19":{"start":{"line":43,"column":12},"end":{"line":43,"column":63}},"20":{"start":{"line":46,"column":8},"end":{"line":46,"column":34}},"21":{"start":{"line":52,"column":8},"end":{"line":54,"column":9}},"22":{"start":{"line":53,"column":12},"end":{"line":53,"column":78}},"23":{"start":{"line":57,"column":55},"end":{"line":57,"column":59}},"24":{"start":{"line":59,"column":8},"end":{"line":64,"column":9}},"25":{"start":{"line":60,"column":25},"end":{"line":60,"column":85}},"26":{"start":{"line":61,"column":12},"end":{"line":63,"column":13}},"27":{"start":{"line":62,"column":16},"end":{"line":62,"column":67}},"28":{"start":{"line":66,"column":8},"end":{"line":69,"column":9}},"29":{"start":{"line":67,"column":24},"end":{"line":67,"column":80}},"30":{"start":{"line":68,"column":12},"end":{"line":68,"column":62}},"31":{"start":{"line":68,"column":22},"end":{"line":68,"column":62}},"32":{"start":{"line":71,"column":22},"end":{"line":71,"column":63}},"33":{"start":{"line":72,"column":8},"end":{"line":72,"column":57}},"34":{"start":{"line":72,"column":20},"end":{"line":72,"column":57}},"35":{"start":{"line":73,"column":8},"end":{"line":73,"column":21}},"36":{"start":{"line":78,"column":22},"end":{"line":78,"column":56}},"37":{"start":{"line":79,"column":8},"end":{"line":79,"column":72}},"38":{"start":{"line":79,"column":37},"end":{"line":79,"column":72}},"39":{"start":{"line":81,"column":22},"end":{"line":81,"column":46}},"40":{"start":{"line":82,"column":8},"end":{"line":82,"column":57}},"41":{"start":{"line":82,"column":20},"end":{"line":82,"column":57}},"42":{"start":{"line":85,"column":24},"end":{"line":85,"column":44}},"43":{"start":{"line":86,"column":27},"end":{"line":86,"column":65}},"44":{"start":{"line":88,"column":8},"end":{"line":90,"column":9}},"45":{"start":{"line":89,"column":12},"end":{"line":89,"column":92}},"46":{"start":{"line":93,"column":8},"end":{"line":106,"column":9}},"47":{"start":{"line":94,"column":38},"end":{"line":98,"column":13}},"48":{"start":{"line":100,"column":33},"end":{"line":100,"column":51}},"49":{"start":{"line":101,"column":42},"end":{"line":101,"column":79}},"50":{"start":{"line":103,"column":12},"end":{"line":105,"column":13}},"51":{"start":{"line":104,"column":16},"end":{"line":104,"column":85}},"52":{"start":{"line":108,"column":8},"end":{"line":108,"column":46}},"53":{"start":{"line":112,"column":24},"end":{"line":112,"column":46}},"54":{"start":{"line":113,"column":8},"end":{"line":113,"column":59}},"55":{"start":{"line":113,"column":22},"end":{"line":113,"column":59}},"56":{"start":{"line":114,"column":8},"end":{"line":114,"column":20}},"57":{"start":{"line":118,"column":8},"end":{"line":118,"column":48}},"58":{"start":{"line":122,"column":0},"end":{"line":122,"column":30}}},"fnMap":{"0":{"name":"(anonymous_0)","decl":{"start":{"line":11,"column":4},"end":{"line":11,"column":5}},"loc":{"start":{"line":11,"column":38},"end":{"line":13,"column":5}},"line":11},"1":{"name":"(anonymous_1)","decl":{"start":{"line":15,"column":4},"end":{"line":15,"column":5}},"loc":{"start":{"line":15,"column":29},"end":{"line":19,"column":5}},"line":15},"2":{"name":"(anonymous_2)","decl":{"start":{"line":21,"column":4},"end":{"line":21,"column":5}},"loc":{"start":{"line":21,"column":45},"end":{"line":23,"column":5}},"line":21},"3":{"name":"(anonymous_3)","decl":{"start":{"line":25,"column":4},"end":{"line":25,"column":5}},"loc":{"start":{"line":25,"column":49},"end":{"line":27,"column":5}},"line":25},"4":{"name":"(anonymous_4)","decl":{"start":{"line":29,"column":4},"end":{"line":29,"column":5}},"loc":{"start":{"line":29,"column":31},"end":{"line":31,"column":5}},"line":29},"5":{"name":"(anonymous_5)","decl":{"start":{"line":33,"column":4},"end":{"line":33,"column":5}},"loc":{"start":{"line":33,"column":30},"end":{"line":47,"column":5}},"line":33},"6":{"name":"(anonymous_6)","decl":{"start":{"line":50,"column":4},"end":{"line":50,"column":5}},"loc":{"start":{"line":50,"column":44},"end":{"line":74,"column":5}},"line":50},"7":{"name":"(anonymous_7)","decl":{"start":{"line":77,"column":4},"end":{"line":77,"column":5}},"loc":{"start":{"line":77,"column":67},"end":{"line":109,"column":5}},"line":77},"8":{"name":"(anonymous_8)","decl":{"start":{"line":111,"column":4},"end":{"line":111,"column":5}},"loc":{"start":{"line":111,"column":28},"end":{"line":115,"column":5}},"line":111},"9":{"name":"(anonymous_9)","decl":{"start":{"line":117,"column":4},"end":{"line":117,"column":5}},"loc":{"start":{"line":117,"column":51},"end":{"line":119,"column":5}},"line":117}},"branchMap":{"0":{"loc":{"start":{"line":11,"column":24},"end":{"line":11,"column":36}},"type":"default-arg","locations":[{"start":{"line":11,"column":34},"end":{"line":11,"column":36}}],"line":11},"1":{"loc":{"start":{"line":17,"column":8},"end":{"line":17,"column":57}},"type":"if","locations":[{"start":{"line":17,"column":8},"end":{"line":17,"column":57}},{"start":{},"end":{}}],"line":17},"2":{"loc":{"start":{"line":35,"column":8},"end":{"line":38,"column":9}},"type":"if","locations":[{"start":{"line":35,"column":8},"end":{"line":38,"column":9}},{"start":{},"end":{}}],"line":35},"3":{"loc":{"start":{"line":37,"column":12},"end":{"line":37,"column":62}},"type":"if","locations":[{"start":{"line":37,"column":12},"end":{"line":37,"column":62}},{"start":{},"end":{}}],"line":37},"4":{"loc":{"start":{"line":41,"column":8},"end":{"line":41,"column":61}},"type":"if","locations":[{"start":{"line":41,"column":8},"end":{"line":41,"column":61}},{"start":{},"end":{}}],"line":41},"5":{"loc":{"start":{"line":42,"column":8},"end":{"line":44,"column":9}},"type":"if","locations":[{"start":{"line":42,"column":8},"end":{"line":44,"column":9}},{"start":{},"end":{}}],"line":42},"6":{"loc":{"start":{"line":52,"column":8},"end":{"line":54,"column":9}},"type":"if","locations":[{"start":{"line":52,"column":8},"end":{"line":54,"column":9}},{"start":{},"end":{}}],"line":52},"7":{"loc":{"start":{"line":59,"column":8},"end":{"line":64,"column":9}},"type":"if","locations":[{"start":{"line":59,"column":8},"end":{"line":64,"column":9}},{"start":{},"end":{}}],"line":59},"8":{"loc":{"start":{"line":61,"column":12},"end":{"line":63,"column":13}},"type":"if","locations":[{"start":{"line":61,"column":12},"end":{"line":63,"column":13}},{"start":{},"end":{}}],"line":61},"9":{"loc":{"start":{"line":61,"column":16},"end":{"line":61,"column":66}},"type":"binary-expr","locations":[{"start":{"line":61,"column":16},"end":{"line":61,"column":21}},{"start":{"line":61,"column":25},"end":{"line":61,"column":66}}],"line":61},"10":{"loc":{"start":{"line":66,"column":8},"end":{"line":69,"column":9}},"type":"if","locations":[{"start":{"line":66,"column":8},"end":{"line":69,"column":9}},{"start":{},"end":{}}],"line":66},"11":{"loc":{"start":{"line":68,"column":12},"end":{"line":68,"column":62}},"type":"if","locations":[{"start":{"line":68,"column":12},"end":{"line":68,"column":62}},{"start":{},"end":{}}],"line":68},"12":{"loc":{"start":{"line":72,"column":8},"end":{"line":72,"column":57}},"type":"if","locations":[{"start":{"line":72,"column":8},"end":{"line":72,"column":57}},{"start":{},"end":{}}],"line":72},"13":{"loc":{"start":{"line":79,"column":8},"end":{"line":79,"column":72}},"type":"if","locations":[{"start":{"line":79,"column":8},"end":{"line":79,"column":72}},{"start":{},"end":{}}],"line":79},"14":{"loc":{"start":{"line":82,"column":8},"end":{"line":82,"column":57}},"type":"if","locations":[{"start":{"line":82,"column":8},"end":{"line":82,"column":57}},{"start":{},"end":{}}],"line":82},"15":{"loc":{"start":{"line":88,"column":8},"end":{"line":90,"column":9}},"type":"if","locations":[{"start":{"line":88,"column":8},"end":{"line":90,"column":9}},{"start":{},"end":{}}],"line":88},"16":{"loc":{"start":{"line":88,"column":12},"end":{"line":88,"column":35}},"type":"binary-expr","locations":[{"start":{"line":88,"column":12},"end":{"line":88,"column":20}},{"start":{"line":88,"column":24},"end":{"line":88,"column":35}}],"line":88},"17":{"loc":{"start":{"line":93,"column":8},"end":{"line":106,"column":9}},"type":"if","locations":[{"start":{"line":93,"column":8},"end":{"line":106,"column":9}},{"start":{},"end":{}}],"line":93},"18":{"loc":{"start":{"line":101,"column":42},"end":{"line":101,"column":79}},"type":"binary-expr","locations":[{"start":{"line":101,"column":42},"end":{"line":101,"column":73}},{"start":{"line":101,"column":77},"end":{"line":101,"column":79}}],"line":101},"19":{"loc":{"start":{"line":103,"column":12},"end":{"line":105,"column":13}},"type":"if","locations":[{"start":{"line":103,"column":12},"end":{"line":105,"column":13}},{"start":{},"end":{}}],"line":103},"20":{"loc":{"start":{"line":113,"column":8},"end":{"line":113,"column":59}},"type":"if","locations":[{"start":{"line":113,"column":8},"end":{"line":113,"column":59}},{"start":{},"end":{}}],"line":113},"21":{"loc":{"start":{"line":117,"column":31},"end":{"line":117,"column":49}},"type":"default-arg","locations":[{"start":{"line":117,"column":45},"end":{"line":117,"column":49}}],"line":117}},"s":{"0":0,"1":0,"2":0,"3":0,"4":0,"5":0,"6":0,"7":0,"8":0,"9":0,"10":0,"11":0,"12":0,"13":0,"14":0,"15":0,"16":0,"17":0,"18":0,"19":0,"20":0,"21":0,"22":0,"23":0,"24":0,"25":0,"26":0,"27":0,"28":0,"29":0,"30":0,"31":0,"32":0,"33":0,"34":0,"35":0,"36":0,"37":0,"38":0,"39":0,"40":0,"41":0,"42":0,"43":0,"44":0,"45":0,"46":0,"47":0,"48":0,"49":0,"50":0,"51":0,"52":0,"53":0,"54":0,"55":0,"56":0,"57":0,"58":0},"f":{"0":0,"1":0,"2":0,"3":0,"4":0,"5":0,"6":0,"7":0,"8":0,"9":0},"b":{"0":[0],"1":[0,0],"2":[0,0],"3":[0,0],"4":[0,0],"5":[0,0],"6":[0,0],"7":[0,0],"8":[0,0],"9":[0,0],"10":[0,0],"11":[0,0],"12":[0,0],"13":[0,0],"14":[0,0],"15":[0,0],"16":[0,0],"17":[0,0],"18":[0,0],"19":[0,0],"20":[0,0],"21":[0]}}
,"/home/tikaya/innovevents-manager/src/services/index.js": {"path":"/home/tikaya/innovevents-manager/src/services/index.js","statementMap":{"0":{"start":{"line":6,"column":20},"end":{"line":6,"column":44}},"1":{"start":{"line":7,"column":21},"end":{"line":7,"column":46}},"2":{"start":{"line":8,"column":19},"end":{"line":8,"column":42}},"3":{"start":{"line":9,"column":24},"end":{"line":9,"column":52}},"4":{"start":{"line":10,"column":22},"end":{"line":10,"column":48}},"5":{"start":{"line":11,"column":25},"end":{"line":11,"column":54}},"6":{"start":{"line":12,"column":21},"end":{"line":12,"column":46}},"7":{"start":{"line":13,"column":20},"end":{"line":13,"column":44}},"8":{"start":{"line":14,"column":21},"end":{"line":14,"column":46}},"9":{"start":{"line":15,"column":20},"end":{"line":15,"column":44}},"10":{"start":{"line":16,"column":23},"end":{"line":16,"column":50}},"11":{"start":{"line":18,"column":0},"end":{"line":30,"column":2}}},"fnMap":{},"branchMap":{},"s":{"0":0,"1":0,"2":0,"3":0,"4":0,"5":0,"6":0,"7":0,"8":0,"9":0,"10":0,"11":0},"f":{},"b":{}}
}
