{"/home/tikaya/innovevents-manager/src/config/database.js": {"path":"/home/tikaya/innovevents-manager/src/config/database.js","statementMap":{"0":{"start":{"line":6,"column":17},"end":{"line":6,"column":30}},"1":{"start":{"line":8,"column":13},"end":{"line":17,"column":2}},"2":{"start":{"line":20,"column":0},"end":{"line":24,"column":3}},"3":{"start":{"line":21,"column":4},"end":{"line":23,"column":5}},"4":{"start":{"line":22,"column":8},"end":{"line":22,"column":56}},"5":{"start":{"line":26,"column":0},"end":{"line":28,"column":3}},"6":{"start":{"line":27,"column":4},"end":{"line":27,"column":55}},"7":{"start":{"line":33,"column":14},"end":{"line":43,"column":1}},"8":{"start":{"line":34,"column":18},"end":{"line":34,"column":28}},"9":{"start":{"line":35,"column":19},"end":{"line":35,"column":49}},"10":{"start":{"line":36,"column":21},"end":{"line":36,"column":39}},"11":{"start":{"line":38,"column":4},"end":{"line":40,"column":5}},"12":{"start":{"line":39,"column":8},"end":{"line":39,"column":116}},"13":{"start":{"line":42,"column":4},"end":{"line":42,"column":18}},"14":{"start":{"line":48,"column":18},"end":{"line":58,"column":1}},"15":{"start":{"line":49,"column":19},"end":{"line":49,"column":39}},"16":{"start":{"line":50,"column":28},"end":{"line":50,"column":55}},"17":{"start":{"line":52,"column":4},"end":{"line":55,"column":6}},"18":{"start":{"line":53,"column":8},"end":{"line":53,"column":41}},"19":{"start":{"line":54,"column":8},"end":{"line":54,"column":33}},"20":{"start":{"line":57,"column":4},"end":{"line":57,"column":18}},"21":{"start":{"line":63,"column":24},"end":{"line":70,"column":1}},"22":{"start":{"line":64,"column":4},"end":{"line":69,"column":5}},"23":{"start":{"line":65,"column":23},"end":{"line":65,"column":55}},"24":{"start":{"line":66,"column":8},"end":{"line":66,"column":30}},"25":{"start":{"line":68,"column":8},"end":{"line":68,"column":74}},"26":{"start":{"line":72,"column":0},"end":{"line":77,"column":2}}},"fnMap":{"0":{"name":"(anonymous_0)","decl":{"start":{"line":20,"column":19},"end":{"line":20,"column":20}},"loc":{"start":{"line":20,"column":25},"end":{"line":24,"column":1}},"line":20},"1":{"name":"(anonymous_1)","decl":{"start":{"line":26,"column":17},"end":{"line":26,"column":18}},"loc":{"start":{"line":26,"column":26},"end":{"line":28,"column":1}},"line":26},"2":{"name":"(anonymous_2)","decl":{"start":{"line":33,"column":14},"end":{"line":33,"column":15}},"loc":{"start":{"line":33,"column":38},"end":{"line":43,"column":1}},"line":33},"3":{"name":"(anonymous_3)","decl":{"start":{"line":48,"column":18},"end":{"line":48,"column":19}},"loc":{"start":{"line":48,"column":30},"end":{"line":58,"column":1}},"line":48},"4":{"name":"(anonymous_4)","decl":{"start":{"line":52,"column":21},"end":{"line":52,"column":22}},"loc":{"start":{"line":52,"column":27},"end":{"line":55,"column":5}},"line":52},"5":{"name":"(anonymous_5)","decl":{"start":{"line":63,"column":24},"end":{"line":63,"column":25}},"loc":{"start":{"line":63,"column":36},"end":{"line":70,"column":1}},"line":63}},"branchMap":{"0":{"loc":{"start":{"line":9,"column":10},"end":{"line":9,"column":50}},"type":"binary-expr","locations":[{"start":{"line":9,"column":10},"end":{"line":9,"column":35}},{"start":{"line":9,"column":39},"end":{"line":9,"column":50}}],"line":9},"1":{"loc":{"start":{"line":10,"column":10},"end":{"line":10,"column":43}},"type":"binary-expr","locations":[{"start":{"line":10,"column":10},"end":{"line":10,"column":35}},{"start":{"line":10,"column":39},"end":{"line":10,"column":43}}],"line":10},"2":{"loc":{"start":{"line":11,"column":14},"end":{"line":11,"column":58}},"type":"binary-expr","locations":[{"start":{"line":11,"column":14},"end":{"line":11,"column":37}},{"start":{"line":11,"column":41},"end":{"line":11,"column":58}}],"line":11},"3":{"loc":{"start":{"line":12,"column":10},"end":{"line":12,"column":49}},"type":"binary-expr","locations":[{"start":{"line":12,"column":10},"end":{"line":12,"column":35}},{"start":{"line":12,"column":39},"end":{"line":12,"column":49}}],"line":12},"4":{"loc":{"start":{"line":13,"column":14},"end":{"line":13,"column":49}},"type":"binary-expr","locations":[{"start":{"line":13,"column":14},"end":{"line":13,"column":43}},{"start":{"line":13,"column":47},"end":{"line":13,"column":49}}],"line":13},"5":{"loc":{"start":{"line":21,"column":4},"end":{"line":23,"column":5}},"type":"if","locations":[{"start":{"line":21,"column":4},"end":{"line":23,"column":5}},{"start":{},"end":{}}],"line":21},"6":{"loc":{"start":{"line":38,"column":4},"end":{"line":40,"column":5}},"type":"if","locations":[{"start":{"line":38,"column":4},"end":{"line":40,"column":5}},{"start":{},"end":{}}],"line":38}},"s":{"0":0,"1":0,"2":0,"3":0,"4":0,"5":0,"6":0,"7":0,"8":0,"9":0,"10":0,"11":0,"12":0,"13":0,"14":0,"15":0,"16":0,"17":0,"18":0,"19":0,"20":0,"21":0,"22":0,"23":0,"24":0,"25":0,"26":0},"f":{"0":0,"1":0,"2":0,"3":0,"4":0,"5":0},"b":{"0":[0,0],"1":[0,0],"2":[0,0],"3":[0,0],"4":[0,0],"5":[0,0],"6":[0,0]}}
,"/home/tikaya/innovevents-manager/src/config/mongodb.js": {"path":"/home/tikaya/innovevents-manager/src/config/mongodb.js","statementMap":{"0":{"start":{"line":6,"column":24},"end":{"line":6,"column":42}},"1":{"start":{"line":8,"column":13},"end":{"line":8,"column":17}},"2":{"start":{"line":9,"column":9},"end":{"line":9,"column":13}},"3":{"start":{"line":11,"column":23},"end":{"line":35,"column":1}},"4":{"start":{"line":12,"column":4},"end":{"line":34,"column":5}},"5":{"start":{"line":13,"column":20},"end":{"line":14,"column":172}},"6":{"start":{"line":16,"column":8},"end":{"line":16,"column":49}},"7":{"start":{"line":18,"column":8},"end":{"line":18,"column":38}},"8":{"start":{"line":19,"column":8},"end":{"line":19,"column":31}},"9":{"start":{"line":21,"column":8},"end":{"line":21,"column":65}},"10":{"start":{"line":24,"column":8},"end":{"line":24,"column":38}},"11":{"start":{"line":25,"column":8},"end":{"line":25,"column":42}},"12":{"start":{"line":28,"column":8},"end":{"line":28,"column":30}},"13":{"start":{"line":30,"column":8},"end":{"line":30,"column":18}},"14":{"start":{"line":32,"column":8},"end":{"line":32,"column":68}},"15":{"start":{"line":33,"column":8},"end":{"line":33,"column":20}},"16":{"start":{"line":37,"column":22},"end":{"line":57,"column":1}},"17":{"start":{"line":38,"column":4},"end":{"line":56,"column":5}},"18":{"start":{"line":39,"column":31},"end":{"line":39,"column":52}},"19":{"start":{"line":42,"column":8},"end":{"line":42,"column":61}},"20":{"start":{"line":45,"column":8},"end":{"line":45,"column":61}},"21":{"start":{"line":48,"column":8},"end":{"line":48,"column":64}},"22":{"start":{"line":51,"column":8},"end":{"line":51,"column":77}},"23":{"start":{"line":53,"column":8},"end":{"line":53,"column":45}},"24":{"start":{"line":55,"column":8},"end":{"line":55,"column":66}},"25":{"start":{"line":59,"column":14},"end":{"line":64,"column":1}},"26":{"start":{"line":60,"column":4},"end":{"line":62,"column":5}},"27":{"start":{"line":61,"column":8},"end":{"line":61,"column":84}},"28":{"start":{"line":63,"column":4},"end":{"line":63,"column":14}},"29":{"start":{"line":66,"column":21},"end":{"line":71,"column":1}},"30":{"start":{"line":67,"column":4},"end":{"line":70,"column":5}},"31":{"start":{"line":68,"column":8},"end":{"line":68,"column":29}},"32":{"start":{"line":69,"column":8},"end":{"line":69,"column":45}},"33":{"start":{"line":73,"column":0},"end":{"line":77,"column":2}}},"fnMap":{"0":{"name":"(anonymous_0)","decl":{"start":{"line":11,"column":23},"end":{"line":11,"column":24}},"loc":{"start":{"line":11,"column":35},"end":{"line":35,"column":1}},"line":11},"1":{"name":"(anonymous_1)","decl":{"start":{"line":37,"column":22},"end":{"line":37,"column":23}},"loc":{"start":{"line":37,"column":34},"end":{"line":57,"column":1}},"line":37},"2":{"name":"(anonymous_2)","decl":{"start":{"line":59,"column":14},"end":{"line":59,"column":15}},"loc":{"start":{"line":59,"column":20},"end":{"line":64,"column":1}},"line":59},"3":{"name":"(anonymous_3)","decl":{"start":{"line":66,"column":21},"end":{"line":66,"column":22}},"loc":{"start":{"line":66,"column":33},"end":{"line":71,"column":1}},"line":66}},"branchMap":{"0":{"loc":{"start":{"line":13,"column":20},"end":{"line":14,"column":172}},"type":"binary-expr","locations":[{"start":{"line":13,"column":20},"end":{"line":13,"column":41}},{"start":{"line":14,"column":12},"end":{"line":14,"column":172}}],"line":13},"1":{"loc":{"start":{"line":21,"column":23},"end":{"line":21,"column":63}},"type":"binary-expr","locations":[{"start":{"line":21,"column":23},"end":{"line":21,"column":43}},{"start":{"line":21,"column":47},"end":{"line":21,"column":63}}],"line":21},"2":{"loc":{"start":{"line":60,"column":4},"end":{"line":62,"column":5}},"type":"if","locations":[{"start":{"line":60,"column":4},"end":{"line":62,"column":5}},{"start":{},"end":{}}],"line":60},"3":{"loc":{"start":{"line":67,"column":4},"end":{"line":70,"column":5}},"type":"if","locations":[{"start":{"line":67,"column":4},"end":{"line":70,"column":5}},{"start":{},"end":{}}],"line":67}},"s":{"0":0,"1":0,"2":0,"3":0,"4":0,"5":0,"6":0,"7":0,"8":0,"9":0,"10":0,"11":0,"12":0,"13":0,"14":0,"15":0,"16":0,"17":0,"18":0,"19":0,"20":0,"21":0,"22":0,"23":0,"24":0,"25":0,"26":0,"27":0,"28":0,"29":0,"30":0,"31":0,"32":0,"33":0},"f":{"0":0,"1":0,"2":0,"3":0},"b":{"0":[0,0],"1":[0,0],"2":[0,0],"3":[0,0]}}
,"/home/tikaya/innovevents-manager/src/controllers/AuthController.js": {"path":"/home/tikaya/innovevents-manager/src/controllers/AuthController.js","statementMap":{"0":{"start":{"line":6,"column":20},"end":{"line":6,"column":54}},"1":{"start":{"line":7,"column":21},"end":{"line":7,"column":56}},"2":{"start":{"line":8,"column":37},"end":{"line":8,"column":70}},"3":{"start":{"line":9,"column":25},"end":{"line":9,"column":63}},"4":{"start":{"line":11,"column":14},"end":{"line":40,"column":2}},"5":{"start":{"line":12,"column":36},"end":{"line":12,"column":44}},"6":{"start":{"line":13,"column":21},"end":{"line":13,"column":33}},"7":{"start":{"line":15,"column":4},"end":{"line":39,"column":5}},"8":{"start":{"line":16,"column":23},"end":{"line":16,"column":67}},"9":{"start":{"line":19,"column":8},"end":{"line":27,"column":10}},"10":{"start":{"line":29,"column":8},"end":{"line":29,"column":50}},"11":{"start":{"line":32,"column":8},"end":{"line":37,"column":10}},"12":{"start":{"line":38,"column":8},"end":{"line":38,"column":20}},"13":{"start":{"line":42,"column":17},"end":{"line":52,"column":2}},"14":{"start":{"line":43,"column":19},"end":{"line":43,"column":55}},"15":{"start":{"line":45,"column":4},"end":{"line":49,"column":5}},"16":{"start":{"line":46,"column":8},"end":{"line":46,"column":52}},"17":{"start":{"line":48,"column":8},"end":{"line":48,"column":42}},"18":{"start":{"line":51,"column":4},"end":{"line":51,"column":58}},"19":{"start":{"line":54,"column":23},"end":{"line":75,"column":2}},"20":{"start":{"line":55,"column":22},"end":{"line":55,"column":30}},"21":{"start":{"line":56,"column":19},"end":{"line":56,"column":58}},"22":{"start":{"line":58,"column":4},"end":{"line":72,"column":5}},"23":{"start":{"line":60,"column":8},"end":{"line":65,"column":10}},"24":{"start":{"line":67,"column":8},"end":{"line":71,"column":9}},"25":{"start":{"line":68,"column":12},"end":{"line":68,"column":81}},"26":{"start":{"line":70,"column":12},"end":{"line":70,"column":46}},"27":{"start":{"line":74,"column":4},"end":{"line":74,"column":101}},"28":{"start":{"line":77,"column":23},"end":{"line":90,"column":2}},"29":{"start":{"line":78,"column":58},"end":{"line":78,"column":66}},"30":{"start":{"line":79,"column":4},"end":{"line":79,"column":105}},"31":{"start":{"line":82,"column":4},"end":{"line":87,"column":6}},"32":{"start":{"line":89,"column":4},"end":{"line":89,"column":65}},"33":{"start":{"line":92,"column":15},"end":{"line":105,"column":2}},"34":{"start":{"line":94,"column":4},"end":{"line":102,"column":6}},"35":{"start":{"line":104,"column":4},"end":{"line":104,"column":64}},"36":{"start":{"line":107,"column":14},"end":{"line":109,"column":2}},"37":{"start":{"line":108,"column":4},"end":{"line":108,"column":48}},"38":{"start":{"line":111,"column":0},"end":{"line":111,"column":84}}},"fnMap":{"0":{"name":"(anonymous_0)","decl":{"start":{"line":11,"column":27},"end":{"line":11,"column":28}},"loc":{"start":{"line":11,"column":47},"end":{"line":40,"column":1}},"line":11},"1":{"name":"(anonymous_1)","decl":{"start":{"line":42,"column":30},"end":{"line":42,"column":31}},"loc":{"start":{"line":42,"column":50},"end":{"line":52,"column":1}},"line":42},"2":{"name":"(anonymous_2)","decl":{"start":{"line":54,"column":36},"end":{"line":54,"column":37}},"loc":{"start":{"line":54,"column":56},"end":{"line":75,"column":1}},"line":54},"3":{"name":"(anonymous_3)","decl":{"start":{"line":77,"column":36},"end":{"line":77,"column":37}},"loc":{"start":{"line":77,"column":56},"end":{"line":90,"column":1}},"line":77},"4":{"name":"(anonymous_4)","decl":{"start":{"line":92,"column":28},"end":{"line":92,"column":29}},"loc":{"start":{"line":92,"column":48},"end":{"line":105,"column":1}},"line":92},"5":{"name":"(anonymous_5)","decl":{"start":{"line":107,"column":27},"end":{"line":107,"column":28}},"loc":{"start":{"line":107,"column":47},"end":{"line":109,"column":1}},"line":107}},"branchMap":{"0":{"loc":{"start":{"line":58,"column":4},"end":{"line":72,"column":5}},"type":"if","locations":[{"start":{"line":58,"column":4},"end":{"line":72,"column":5}},{"start":{},"end":{}}],"line":58}},"s":{"0":0,"1":0,"2":0,"3":0,"4":0,"5":0,"6":0,"7":0,"8":0,"9":0,"10":0,"11":0,"12":0,"13":0,"14":0,"15":0,"16":0,"17":0,"18":0,"19":0,"20":0,"21":0,"22":0,"23":0,"24":0,"25":0,"26":0,"27":0,"28":0,"29":0,"30":0,"31":0,"32":0,"33":0,"34":0,"35":0,"36":0,"37":0,"38":0},"f":{"0":0,"1":0,"2":0,"3":0,"4":0,"5":0},"b":{"0":[0,0]}}
,"/home/tikaya/innovevents-manager/src/controllers/AvisController.js": {"path":"/home/tikaya/innovevents-manager/src/controllers/AvisController.js","statementMap":{"0":{"start":{"line":6,"column":20},"end":{"line":6,"column":54}},"1":{"start":{"line":7,"column":37},"end":{"line":7,"column":70}},"2":{"start":{"line":8,"column":25},"end":{"line":8,"column":63}},"3":{"start":{"line":10,"column":15},"end":{"line":13,"column":2}},"4":{"start":{"line":11,"column":17},"end":{"line":11,"column":52}},"5":{"start":{"line":12,"column":4},"end":{"line":12,"column":44}},"6":{"start":{"line":15,"column":16},"end":{"line":18,"column":2}},"7":{"start":{"line":16,"column":17},"end":{"line":16,"column":57}},"8":{"start":{"line":17,"column":4},"end":{"line":17,"column":44}},"9":{"start":{"line":20,"column":19},"end":{"line":23,"column":2}},"10":{"start":{"line":21,"column":17},"end":{"line":21,"column":47}},"11":{"start":{"line":22,"column":4},"end":{"line":22,"column":44}},"12":{"start":{"line":25,"column":21},"end":{"line":28,"column":2}},"13":{"start":{"line":26,"column":17},"end":{"line":26,"column":49}},"14":{"start":{"line":27,"column":4},"end":{"line":27,"column":44}},"15":{"start":{"line":30,"column":15},"end":{"line":33,"column":2}},"16":{"start":{"line":31,"column":17},"end":{"line":31,"column":76}},"17":{"start":{"line":32,"column":4},"end":{"line":32,"column":56}},"18":{"start":{"line":35,"column":17},"end":{"line":51,"column":2}},"19":{"start":{"line":36,"column":17},"end":{"line":36,"column":58}},"20":{"start":{"line":39,"column":4},"end":{"line":48,"column":6}},"21":{"start":{"line":50,"column":4},"end":{"line":50,"column":44}},"22":{"start":{"line":53,"column":15},"end":{"line":69,"column":2}},"23":{"start":{"line":54,"column":17},"end":{"line":54,"column":56}},"24":{"start":{"line":57,"column":4},"end":{"line":66,"column":6}},"25":{"start":{"line":68,"column":4},"end":{"line":68,"column":44}},"26":{"start":{"line":71,"column":15},"end":{"line":74,"column":2}},"27":{"start":{"line":72,"column":4},"end":{"line":72,"column":44}},"28":{"start":{"line":73,"column":4},"end":{"line":73,"column":58}},"29":{"start":{"line":76,"column":19},"end":{"line":79,"column":2}},"30":{"start":{"line":77,"column":20},"end":{"line":77,"column":54}},"31":{"start":{"line":78,"column":4},"end":{"line":78,"column":51}},"32":{"start":{"line":81,"column":0},"end":{"line":81,"column":109}}},"fnMap":{"0":{"name":"(anonymous_0)","decl":{"start":{"line":10,"column":28},"end":{"line":10,"column":29}},"loc":{"start":{"line":10,"column":48},"end":{"line":13,"column":1}},"line":10},"1":{"name":"(anonymous_1)","decl":{"start":{"line":15,"column":29},"end":{"line":15,"column":30}},"loc":{"start":{"line":15,"column":49},"end":{"line":18,"column":1}},"line":15},"2":{"name":"(anonymous_2)","decl":{"start":{"line":20,"column":32},"end":{"line":20,"column":33}},"loc":{"start":{"line":20,"column":52},"end":{"line":23,"column":1}},"line":20},"3":{"name":"(anonymous_3)","decl":{"start":{"line":25,"column":34},"end":{"line":25,"column":35}},"loc":{"start":{"line":25,"column":54},"end":{"line":28,"column":1}},"line":25},"4":{"name":"(anonymous_4)","decl":{"start":{"line":30,"column":28},"end":{"line":30,"column":29}},"loc":{"start":{"line":30,"column":48},"end":{"line":33,"column":1}},"line":30},"5":{"name":"(anonymous_5)","decl":{"start":{"line":35,"column":30},"end":{"line":35,"column":31}},"loc":{"start":{"line":35,"column":50},"end":{"line":51,"column":1}},"line":35},"6":{"name":"(anonymous_6)","decl":{"start":{"line":53,"column":28},"end":{"line":53,"column":29}},"loc":{"start":{"line":53,"column":48},"end":{"line":69,"column":1}},"line":53},"7":{"name":"(anonymous_7)","decl":{"start":{"line":71,"column":28},"end":{"line":71,"column":29}},"loc":{"start":{"line":71,"column":48},"end":{"line":74,"column":1}},"line":71},"8":{"name":"(anonymous_8)","decl":{"start":{"line":76,"column":32},"end":{"line":76,"column":33}},"loc":{"start":{"line":76,"column":52},"end":{"line":79,"column":1}},"line":76}},"branchMap":{},"s":{"0":0,"1":0,"2":0,"3":0,"4":0,"5":0,"6":0,"7":0,"8":0,"9":0,"10":0,"11":0,"12":0,"13":0,"14":0,"15":0,"16":0,"17":0,"18":0,"19":0,"20":0,"21":0,"22":0,"23":0,"24":0,"25":0,"26":0,"27":0,"28":0,"29":0,"30":0,"31":0,"32":0},"f":{"0":0,"1":0,"2":0,"3":0,"4":0,"5":0,"6":0,"7":0,"8":0},"b":{}}
,"/home/tikaya/innovevents-manager/src/controllers/ClientController.js": {"path":"/home/tikaya/innovevents-manager/src/controllers/ClientController.js","statementMap":{"0":{"start":{"line":6,"column":22},"end":{"line":6,"column":58}},"1":{"start":{"line":7,"column":25},"end":{"line":7,"column":63}},"2":{"start":{"line":9,"column":15},"end":{"line":12,"column":2}},"3":{"start":{"line":10,"column":20},"end":{"line":10,"column":57}},"4":{"start":{"line":11,"column":4},"end":{"line":11,"column":47}},"5":{"start":{"line":14,"column":16},"end":{"line":17,"column":2}},"6":{"start":{"line":15,"column":19},"end":{"line":15,"column":61}},"7":{"start":{"line":16,"column":4},"end":{"line":16,"column":46}},"8":{"start":{"line":19,"column":14},"end":{"line":22,"column":2}},"9":{"start":{"line":20,"column":19},"end":{"line":20,"column":75}},"10":{"start":{"line":21,"column":4},"end":{"line":21,"column":46}},"11":{"start":{"line":24,"column":15},"end":{"line":31,"column":2}},"12":{"start":{"line":25,"column":37},"end":{"line":25,"column":73}},"13":{"start":{"line":26,"column":4},"end":{"line":30,"column":7}},"14":{"start":{"line":33,"column":15},"end":{"line":36,"column":2}},"15":{"start":{"line":34,"column":19},"end":{"line":34,"column":70}},"16":{"start":{"line":35,"column":4},"end":{"line":35,"column":46}},"17":{"start":{"line":38,"column":17},"end":{"line":42,"column":2}},"18":{"start":{"line":39,"column":26},"end":{"line":39,"column":82}},"19":{"start":{"line":40,"column":19},"end":{"line":40,"column":80}},"20":{"start":{"line":41,"column":4},"end":{"line":41,"column":46}},"21":{"start":{"line":44,"column":15},"end":{"line":47,"column":2}},"22":{"start":{"line":45,"column":4},"end":{"line":45,"column":46}},"23":{"start":{"line":46,"column":4},"end":{"line":46,"column":60}},"24":{"start":{"line":49,"column":17},"end":{"line":53,"column":2}},"25":{"start":{"line":50,"column":19},"end":{"line":50,"column":75}},"26":{"start":{"line":51,"column":4},"end":{"line":51,"column":49}},"27":{"start":{"line":52,"column":4},"end":{"line":52,"column":67}},"28":{"start":{"line":55,"column":22},"end":{"line":58,"column":2}},"29":{"start":{"line":56,"column":23},"end":{"line":56,"column":71}},"30":{"start":{"line":57,"column":4},"end":{"line":57,"column":50}},"31":{"start":{"line":60,"column":15},"end":{"line":63,"column":2}},"32":{"start":{"line":61,"column":20},"end":{"line":61,"column":59}},"33":{"start":{"line":62,"column":4},"end":{"line":62,"column":47}},"34":{"start":{"line":65,"column":22},"end":{"line":68,"column":2}},"35":{"start":{"line":66,"column":4},"end":{"line":66,"column":53}},"36":{"start":{"line":67,"column":4},"end":{"line":67,"column":82}},"37":{"start":{"line":70,"column":0},"end":{"line":70,"column":126}}},"fnMap":{"0":{"name":"(anonymous_0)","decl":{"start":{"line":9,"column":28},"end":{"line":9,"column":29}},"loc":{"start":{"line":9,"column":48},"end":{"line":12,"column":1}},"line":9},"1":{"name":"(anonymous_1)","decl":{"start":{"line":14,"column":29},"end":{"line":14,"column":30}},"loc":{"start":{"line":14,"column":49},"end":{"line":17,"column":1}},"line":14},"2":{"name":"(anonymous_2)","decl":{"start":{"line":19,"column":27},"end":{"line":19,"column":28}},"loc":{"start":{"line":19,"column":47},"end":{"line":22,"column":1}},"line":19},"3":{"name":"(anonymous_3)","decl":{"start":{"line":24,"column":28},"end":{"line":24,"column":29}},"loc":{"start":{"line":24,"column":48},"end":{"line":31,"column":1}},"line":24},"4":{"name":"(anonymous_4)","decl":{"start":{"line":33,"column":28},"end":{"line":33,"column":29}},"loc":{"start":{"line":33,"column":48},"end":{"line":36,"column":1}},"line":33},"5":{"name":"(anonymous_5)","decl":{"start":{"line":38,"column":30},"end":{"line":38,"column":31}},"loc":{"start":{"line":38,"column":50},"end":{"line":42,"column":1}},"line":38},"6":{"name":"(anonymous_6)","decl":{"start":{"line":44,"column":28},"end":{"line":44,"column":29}},"loc":{"start":{"line":44,"column":48},"end":{"line":47,"column":1}},"line":44},"7":{"name":"(anonymous_7)","decl":{"start":{"line":49,"column":30},"end":{"line":49,"column":31}},"loc":{"start":{"line":49,"column":50},"end":{"line":53,"column":1}},"line":49},"8":{"name":"(anonymous_8)","decl":{"start":{"line":55,"column":35},"end":{"line":55,"column":36}},"loc":{"start":{"line":55,"column":55},"end":{"line":58,"column":1}},"line":55},"9":{"name":"(anonymous_9)","decl":{"start":{"line":60,"column":28},"end":{"line":60,"column":29}},"loc":{"start":{"line":60,"column":48},"end":{"line":63,"column":1}},"line":60},"10":{"name":"(anonymous_10)","decl":{"start":{"line":65,"column":35},"end":{"line":65,"column":36}},"loc":{"start":{"line":65,"column":55},"end":{"line":68,"column":1}},"line":65}},"branchMap":{},"s":{"0":0,"1":0,"2":0,"3":0,"4":0,"5":0,"6":0,"7":0,"8":0,"9":0,"10":0,"11":0,"12":0,"13":0,"14":0,"15":0,"16":0,"17":0,"18":0,"19":0,"20":0,"21":0,"22":0,"23":0,"24":0,"25":0,"26":0,"27":0,"28":0,"29":0,"30":0,"31":0,"32":0,"33":0,"34":0,"35":0,"36":0,"37":0},"f":{"0":0,"1":0,"2":0,"3":0,"4":0,"5":0,"6":0,"7":0,"8":0,"9":0,"10":0},"b":{}}
,"/home/tikaya/innovevents-manager/src/controllers/ContactController.js": {"path":"/home/tikaya/innovevents-manager/src/controllers/ContactController.js","statementMap":{"0":{"start":{"line":6,"column":23},"end":{"line":6,"column":60}},"1":{"start":{"line":7,"column":25},"end":{"line":7,"column":63}},"2":{"start":{"line":9,"column":15},"end":{"line":12,"column":2}},"3":{"start":{"line":10,"column":21},"end":{"line":10,"column":59}},"4":{"start":{"line":11,"column":4},"end":{"line":11,"column":48}},"5":{"start":{"line":14,"column":16},"end":{"line":17,"column":2}},"6":{"start":{"line":15,"column":20},"end":{"line":15,"column":63}},"7":{"start":{"line":16,"column":4},"end":{"line":16,"column":47}},"8":{"start":{"line":19,"column":15},"end":{"line":22,"column":2}},"9":{"start":{"line":20,"column":20},"end":{"line":20,"column":57}},"10":{"start":{"line":21,"column":4},"end":{"line":21,"column":98}},"11":{"start":{"line":24,"column":15},"end":{"line":27,"column":2}},"12":{"start":{"line":25,"column":4},"end":{"line":25,"column":47}},"13":{"start":{"line":26,"column":4},"end":{"line":26,"column":61}},"14":{"start":{"line":29,"column":15},"end":{"line":32,"column":2}},"15":{"start":{"line":30,"column":21},"end":{"line":30,"column":61}},"16":{"start":{"line":31,"column":4},"end":{"line":31,"column":48}},"17":{"start":{"line":34,"column":0},"end":{"line":34,"column":61}}},"fnMap":{"0":{"name":"(anonymous_0)","decl":{"start":{"line":9,"column":28},"end":{"line":9,"column":29}},"loc":{"start":{"line":9,"column":48},"end":{"line":12,"column":1}},"line":9},"1":{"name":"(anonymous_1)","decl":{"start":{"line":14,"column":29},"end":{"line":14,"column":30}},"loc":{"start":{"line":14,"column":49},"end":{"line":17,"column":1}},"line":14},"2":{"name":"(anonymous_2)","decl":{"start":{"line":19,"column":28},"end":{"line":19,"column":29}},"loc":{"start":{"line":19,"column":48},"end":{"line":22,"column":1}},"line":19},"3":{"name":"(anonymous_3)","decl":{"start":{"line":24,"column":28},"end":{"line":24,"column":29}},"loc":{"start":{"line":24,"column":48},"end":{"line":27,"column":1}},"line":24},"4":{"name":"(anonymous_4)","decl":{"start":{"line":29,"column":28},"end":{"line":29,"column":29}},"loc":{"start":{"line":29,"column":48},"end":{"line":32,"column":1}},"line":29}},"branchMap":{},"s":{"0":0,"1":0,"2":0,"3":0,"4":0,"5":0,"6":0,"7":0,"8":0,"9":0,"10":0,"11":0,"12":0,"13":0,"14":0,"15":0,"16":0,"17":0},"f":{"0":0,"1":0,"2":0,"3":0,"4":0},"b":{}}
,"/home/tikaya/innovevents-manager/src/controllers/DashboardController.js": {"path":"/home/tikaya/innovevents-manager/src/controllers/DashboardController.js","statementMap":{"0":{"start":{"line":6,"column":25},"end":{"line":6,"column":64}},"1":{"start":{"line":7,"column":22},"end":{"line":7,"column":58}},"2":{"start":{"line":8,"column":20},"end":{"line":8,"column":54}},"3":{"start":{"line":9,"column":21},"end":{"line":9,"column":56}},"4":{"start":{"line":10,"column":25},"end":{"line":10,"column":63}},"5":{"start":{"line":12,"column":21},"end":{"line":33,"column":2}},"6":{"start":{"line":13,"column":91},"end":{"line":19,"column":6}},"7":{"start":{"line":21,"column":4},"end":{"line":32,"column":7}},"8":{"start":{"line":35,"column":31},"end":{"line":38,"column":2}},"9":{"start":{"line":36,"column":23},"end":{"line":36,"column":60}},"10":{"start":{"line":37,"column":4},"end":{"line":37,"column":50}},"11":{"start":{"line":40,"column":25},"end":{"line":43,"column":2}},"12":{"start":{"line":41,"column":18},"end":{"line":41,"column":50}},"13":{"start":{"line":42,"column":4},"end":{"line":42,"column":45}},"14":{"start":{"line":45,"column":16},"end":{"line":58,"column":2}},"15":{"start":{"line":46,"column":40},"end":{"line":49,"column":6}},"16":{"start":{"line":51,"column":4},"end":{"line":57,"column":7}},"17":{"start":{"line":60,"column":0},"end":{"line":60,"column":85}}},"fnMap":{"0":{"name":"(anonymous_0)","decl":{"start":{"line":12,"column":34},"end":{"line":12,"column":35}},"loc":{"start":{"line":12,"column":54},"end":{"line":33,"column":1}},"line":12},"1":{"name":"(anonymous_1)","decl":{"start":{"line":35,"column":44},"end":{"line":35,"column":45}},"loc":{"start":{"line":35,"column":64},"end":{"line":38,"column":1}},"line":35},"2":{"name":"(anonymous_2)","decl":{"start":{"line":40,"column":38},"end":{"line":40,"column":39}},"loc":{"start":{"line":40,"column":58},"end":{"line":43,"column":1}},"line":40},"3":{"name":"(anonymous_3)","decl":{"start":{"line":45,"column":29},"end":{"line":45,"column":30}},"loc":{"start":{"line":45,"column":49},"end":{"line":58,"column":1}},"line":45}},"branchMap":{},"s":{"0":0,"1":0,"2":0,"3":0,"4":0,"5":0,"6":0,"7":0,"8":0,"9":0,"10":0,"11":0,"12":0,"13":0,"14":0,"15":0,"16":0,"17":0},"f":{"0":0,"1":0,"2":0,"3":0},"b":{}}
,"/home/tikaya/innovevents-manager/src/controllers/DevisController.js": {"path":"/home/tikaya/innovevents-manager/src/controllers/DevisController.js","statementMap":{"0":{"start":{"line":6,"column":21},"end":{"line":6,"column":56}},"1":{"start":{"line":7,"column":37},"end":{"line":7,"column":70}},"2":{"start":{"line":8,"column":25},"end":{"line":8,"column":63}},"3":{"start":{"line":10,"column":15},"end":{"line":13,"column":2}},"4":{"start":{"line":11,"column":18},"end":{"line":11,"column":54}},"5":{"start":{"line":12,"column":4},"end":{"line":12,"column":45}},"6":{"start":{"line":15,"column":16},"end":{"line":18,"column":2}},"7":{"start":{"line":16,"column":18},"end":{"line":16,"column":59}},"8":{"start":{"line":17,"column":4},"end":{"line":17,"column":45}},"9":{"start":{"line":20,"column":16},"end":{"line":23,"column":2}},"10":{"start":{"line":21,"column":18},"end":{"line":21,"column":73}},"11":{"start":{"line":22,"column":4},"end":{"line":22,"column":45}},"12":{"start":{"line":25,"column":15},"end":{"line":43,"column":2}},"13":{"start":{"line":26,"column":52},"end":{"line":26,"column":60}},"14":{"start":{"line":27,"column":18},"end":{"line":27,"column":80}},"15":{"start":{"line":30,"column":4},"end":{"line":40,"column":6}},"16":{"start":{"line":42,"column":4},"end":{"line":42,"column":57}},"17":{"start":{"line":45,"column":15},"end":{"line":60,"column":2}},"18":{"start":{"line":46,"column":18},"end":{"line":46,"column":68}},"19":{"start":{"line":49,"column":4},"end":{"line":57,"column":6}},"20":{"start":{"line":59,"column":4},"end":{"line":59,"column":45}},"21":{"start":{"line":62,"column":20},"end":{"line":81,"column":2}},"22":{"start":{"line":63,"column":18},"end":{"line":63,"column":59}},"23":{"start":{"line":64,"column":22},"end":{"line":64,"column":67}},"24":{"start":{"line":67,"column":4},"end":{"line":76,"column":6}},"25":{"start":{"line":78,"column":4},"end":{"line":78,"column":53}},"26":{"start":{"line":79,"column":4},"end":{"line":79,"column":92}},"27":{"start":{"line":80,"column":4},"end":{"line":80,"column":24}},"28":{"start":{"line":83,"column":21},"end":{"line":99,"column":2}},"29":{"start":{"line":84,"column":18},"end":{"line":84,"column":64}},"30":{"start":{"line":87,"column":4},"end":{"line":96,"column":6}},"31":{"start":{"line":98,"column":4},"end":{"line":98,"column":80}},"32":{"start":{"line":101,"column":15},"end":{"line":116,"column":2}},"33":{"start":{"line":102,"column":18},"end":{"line":102,"column":83}},"34":{"start":{"line":105,"column":4},"end":{"line":113,"column":6}},"35":{"start":{"line":115,"column":4},"end":{"line":115,"column":45}},"36":{"start":{"line":118,"column":15},"end":{"line":133,"column":2}},"37":{"start":{"line":119,"column":18},"end":{"line":119,"column":83}},"38":{"start":{"line":122,"column":4},"end":{"line":130,"column":6}},"39":{"start":{"line":132,"column":4},"end":{"line":132,"column":45}},"40":{"start":{"line":135,"column":28},"end":{"line":139,"column":2}},"41":{"start":{"line":136,"column":22},"end":{"line":136,"column":30}},"42":{"start":{"line":137,"column":18},"end":{"line":137,"column":103}},"43":{"start":{"line":138,"column":4},"end":{"line":138,"column":45}},"44":{"start":{"line":141,"column":15},"end":{"line":144,"column":2}},"45":{"start":{"line":142,"column":4},"end":{"line":142,"column":45}},"46":{"start":{"line":143,"column":4},"end":{"line":143,"column":59}},"47":{"start":{"line":146,"column":0},"end":{"line":146,"column":134}}},"fnMap":{"0":{"name":"(anonymous_0)","decl":{"start":{"line":10,"column":28},"end":{"line":10,"column":29}},"loc":{"start":{"line":10,"column":48},"end":{"line":13,"column":1}},"line":10},"1":{"name":"(anonymous_1)","decl":{"start":{"line":15,"column":29},"end":{"line":15,"column":30}},"loc":{"start":{"line":15,"column":49},"end":{"line":18,"column":1}},"line":15},"2":{"name":"(anonymous_2)","decl":{"start":{"line":20,"column":29},"end":{"line":20,"column":30}},"loc":{"start":{"line":20,"column":49},"end":{"line":23,"column":1}},"line":20},"3":{"name":"(anonymous_3)","decl":{"start":{"line":25,"column":28},"end":{"line":25,"column":29}},"loc":{"start":{"line":25,"column":48},"end":{"line":43,"column":1}},"line":25},"4":{"name":"(anonymous_4)","decl":{"start":{"line":45,"column":28},"end":{"line":45,"column":29}},"loc":{"start":{"line":45,"column":48},"end":{"line":60,"column":1}},"line":45},"5":{"name":"(anonymous_5)","decl":{"start":{"line":62,"column":33},"end":{"line":62,"column":34}},"loc":{"start":{"line":62,"column":53},"end":{"line":81,"column":1}},"line":62},"6":{"name":"(anonymous_6)","decl":{"start":{"line":83,"column":34},"end":{"line":83,"column":35}},"loc":{"start":{"line":83,"column":54},"end":{"line":99,"column":1}},"line":83},"7":{"name":"(anonymous_7)","decl":{"start":{"line":101,"column":28},"end":{"line":101,"column":29}},"loc":{"start":{"line":101,"column":48},"end":{"line":116,"column":1}},"line":101},"8":{"name":"(anonymous_8)","decl":{"start":{"line":118,"column":28},"end":{"line":118,"column":29}},"loc":{"start":{"line":118,"column":48},"end":{"line":133,"column":1}},"line":118},"9":{"name":"(anonymous_9)","decl":{"start":{"line":135,"column":41},"end":{"line":135,"column":42}},"loc":{"start":{"line":135,"column":61},"end":{"line":139,"column":1}},"line":135},"10":{"name":"(anonymous_10)","decl":{"start":{"line":141,"column":28},"end":{"line":141,"column":29}},"loc":{"start":{"line":141,"column":48},"end":{"line":144,"column":1}},"line":141}},"branchMap":{},"s":{"0":0,"1":0,"2":0,"3":0,"4":0,"5":0,"6":0,"7":0,"8":0,"9":0,"10":0,"11":0,"12":0,"13":0,"14":0,"15":0,"16":0,"17":0,"18":0,"19":0,"20":0,"21":0,"22":0,"23":0,"24":0,"25":0,"26":0,"27":0,"28":0,"29":0,"30":0,"31":0,"32":0,"33":0,"34":0,"35":0,"36":0,"37":0,"38":0,"39":0,"40":0,"41":0,"42":0,"43":0,"44":0,"45":0,"46":0,"47":0},"f":{"0":0,"1":0,"2":0,"3":0,"4":0,"5":0,"6":0,"7":0,"8":0,"9":0,"10":0},"b":{}}
,"/home/tikaya/innovevents-manager/src/controllers/EmployeController.js": {"path":"/home/tikaya/innovevents-manager/src/controllers/EmployeController.js","statementMap":{"0":{"start":{"line":6,"column":23},"end":{"line":6,"column":60}},"1":{"start":{"line":7,"column":21},"end":{"line":7,"column":56}},"2":{"start":{"line":8,"column":37},"end":{"line":8,"column":70}},"3":{"start":{"line":9,"column":25},"end":{"line":9,"column":63}},"4":{"start":{"line":11,"column":15},"end":{"line":14,"column":2}},"5":{"start":{"line":12,"column":21},"end":{"line":12,"column":50}},"6":{"start":{"line":13,"column":4},"end":{"line":13,"column":48}},"7":{"start":{"line":16,"column":16},"end":{"line":19,"column":2}},"8":{"start":{"line":17,"column":20},"end":{"line":17,"column":63}},"9":{"start":{"line":18,"column":4},"end":{"line":18,"column":47}},"10":{"start":{"line":21,"column":15},"end":{"line":56,"column":2}},"11":{"start":{"line":22,"column":38},"end":{"line":22,"column":75}},"12":{"start":{"line":25,"column":4},"end":{"line":34,"column":6}},"13":{"start":{"line":37,"column":4},"end":{"line":49,"column":5}},"14":{"start":{"line":38,"column":8},"end":{"line":46,"column":10}},"15":{"start":{"line":48,"column":8},"end":{"line":48,"column":48}},"16":{"start":{"line":51,"column":4},"end":{"line":55,"column":7}},"17":{"start":{"line":58,"column":15},"end":{"line":73,"column":2}},"18":{"start":{"line":59,"column":20},"end":{"line":59,"column":72}},"19":{"start":{"line":62,"column":4},"end":{"line":70,"column":6}},"20":{"start":{"line":72,"column":4},"end":{"line":72,"column":47}},"21":{"start":{"line":75,"column":22},"end":{"line":100,"column":2}},"22":{"start":{"line":76,"column":38},"end":{"line":76,"column":87}},"23":{"start":{"line":79,"column":4},"end":{"line":87,"column":6}},"24":{"start":{"line":90,"column":4},"end":{"line":97,"column":5}},"25":{"start":{"line":91,"column":8},"end":{"line":94,"column":10}},"26":{"start":{"line":96,"column":8},"end":{"line":96,"column":48}},"27":{"start":{"line":99,"column":4},"end":{"line":99,"column":82}},"28":{"start":{"line":102,"column":15},"end":{"line":120,"column":2}},"29":{"start":{"line":103,"column":20},"end":{"line":103,"column":63}},"30":{"start":{"line":105,"column":4},"end":{"line":105,"column":47}},"31":{"start":{"line":108,"column":4},"end":{"line":117,"column":6}},"32":{"start":{"line":119,"column":4},"end":{"line":119,"column":61}},"33":{"start":{"line":122,"column":0},"end":{"line":122,"column":76}}},"fnMap":{"0":{"name":"(anonymous_0)","decl":{"start":{"line":11,"column":28},"end":{"line":11,"column":29}},"loc":{"start":{"line":11,"column":48},"end":{"line":14,"column":1}},"line":11},"1":{"name":"(anonymous_1)","decl":{"start":{"line":16,"column":29},"end":{"line":16,"column":30}},"loc":{"start":{"line":16,"column":49},"end":{"line":19,"column":1}},"line":16},"2":{"name":"(anonymous_2)","decl":{"start":{"line":21,"column":28},"end":{"line":21,"column":29}},"loc":{"start":{"line":21,"column":48},"end":{"line":56,"column":1}},"line":21},"3":{"name":"(anonymous_3)","decl":{"start":{"line":58,"column":28},"end":{"line":58,"column":29}},"loc":{"start":{"line":58,"column":48},"end":{"line":73,"column":1}},"line":58},"4":{"name":"(anonymous_4)","decl":{"start":{"line":75,"column":35},"end":{"line":75,"column":36}},"loc":{"start":{"line":75,"column":55},"end":{"line":100,"column":1}},"line":75},"5":{"name":"(anonymous_5)","decl":{"start":{"line":102,"column":28},"end":{"line":102,"column":29}},"loc":{"start":{"line":102,"column":48},"end":{"line":120,"column":1}},"line":102}},"branchMap":{},"s":{"0":0,"1":0,"2":0,"3":0,"4":0,"5":0,"6":0,"7":0,"8":0,"9":0,"10":0,"11":0,"12":0,"13":0,"14":0,"15":0,"16":0,"17":0,"18":0,"19":0,"20":0,"21":0,"22":0,"23":0,"24":0,"25":0,"26":0,"27":0,"28":0,"29":0,"30":0,"31":0,"32":0,"33":0},"f":{"0":0,"1":0,"2":0,"3":0,"4":0,"5":0},"b":{}}
,"/home/tikaya/innovevents-manager/src/controllers/EvenementController.js": {"path":"/home/tikaya/innovevents-manager/src/controllers/EvenementController.js","statementMap":{"0":{"start":{"line":6,"column":25},"end":{"line":6,"column":64}},"1":{"start":{"line":7,"column":37},"end":{"line":7,"column":70}},"2":{"start":{"line":8,"column":25},"end":{"line":8,"column":63}},"3":{"start":{"line":10,"column":15},"end":{"line":13,"column":2}},"4":{"start":{"line":11,"column":23},"end":{"line":11,"column":63}},"5":{"start":{"line":12,"column":4},"end":{"line":12,"column":50}},"6":{"start":{"line":15,"column":18},"end":{"line":18,"column":2}},"7":{"start":{"line":16,"column":23},"end":{"line":16,"column":66}},"8":{"start":{"line":17,"column":4},"end":{"line":17,"column":50}},"9":{"start":{"line":20,"column":16},"end":{"line":23,"column":2}},"10":{"start":{"line":21,"column":22},"end":{"line":21,"column":67}},"11":{"start":{"line":22,"column":4},"end":{"line":22,"column":49}},"12":{"start":{"line":25,"column":16},"end":{"line":28,"column":2}},"13":{"start":{"line":26,"column":23},"end":{"line":26,"column":82}},"14":{"start":{"line":27,"column":4},"end":{"line":27,"column":50}},"15":{"start":{"line":30,"column":21},"end":{"line":33,"column":2}},"16":{"start":{"line":31,"column":23},"end":{"line":31,"column":60}},"17":{"start":{"line":32,"column":4},"end":{"line":32,"column":50}},"18":{"start":{"line":35,"column":15},"end":{"line":51,"column":2}},"19":{"start":{"line":36,"column":22},"end":{"line":36,"column":61}},"20":{"start":{"line":39,"column":4},"end":{"line":48,"column":6}},"21":{"start":{"line":50,"column":4},"end":{"line":50,"column":61}},"22":{"start":{"line":53,"column":15},"end":{"line":68,"column":2}},"23":{"start":{"line":54,"column":22},"end":{"line":54,"column":76}},"24":{"start":{"line":57,"column":4},"end":{"line":65,"column":6}},"25":{"start":{"line":67,"column":4},"end":{"line":67,"column":49}},"26":{"start":{"line":70,"column":21},"end":{"line":93,"column":2}},"27":{"start":{"line":71,"column":23},"end":{"line":71,"column":31}},"28":{"start":{"line":74,"column":28},"end":{"line":74,"column":73}},"29":{"start":{"line":75,"column":25},"end":{"line":75,"column":57}},"30":{"start":{"line":77,"column":22},"end":{"line":77,"column":80}},"31":{"start":{"line":80,"column":4},"end":{"line":90,"column":6}},"32":{"start":{"line":92,"column":4},"end":{"line":92,"column":49}},"33":{"start":{"line":95,"column":15},"end":{"line":111,"column":2}},"34":{"start":{"line":96,"column":22},"end":{"line":96,"column":67}},"35":{"start":{"line":97,"column":4},"end":{"line":97,"column":49}},"36":{"start":{"line":100,"column":4},"end":{"line":108,"column":6}},"37":{"start":{"line":110,"column":4},"end":{"line":110,"column":63}},"38":{"start":{"line":113,"column":17},"end":{"line":116,"column":2}},"39":{"start":{"line":114,"column":18},"end":{"line":114,"column":51}},"40":{"start":{"line":115,"column":4},"end":{"line":115,"column":45}},"41":{"start":{"line":118,"column":18},"end":{"line":121,"column":2}},"42":{"start":{"line":119,"column":19},"end":{"line":119,"column":53}},"43":{"start":{"line":120,"column":4},"end":{"line":120,"column":46}},"44":{"start":{"line":123,"column":0},"end":{"line":123,"column":130}}},"fnMap":{"0":{"name":"(anonymous_0)","decl":{"start":{"line":10,"column":28},"end":{"line":10,"column":29}},"loc":{"start":{"line":10,"column":48},"end":{"line":13,"column":1}},"line":10},"1":{"name":"(anonymous_1)","decl":{"start":{"line":15,"column":31},"end":{"line":15,"column":32}},"loc":{"start":{"line":15,"column":51},"end":{"line":18,"column":1}},"line":15},"2":{"name":"(anonymous_2)","decl":{"start":{"line":20,"column":29},"end":{"line":20,"column":30}},"loc":{"start":{"line":20,"column":49},"end":{"line":23,"column":1}},"line":20},"3":{"name":"(anonymous_3)","decl":{"start":{"line":25,"column":29},"end":{"line":25,"column":30}},"loc":{"start":{"line":25,"column":49},"end":{"line":28,"column":1}},"line":25},"4":{"name":"(anonymous_4)","decl":{"start":{"line":30,"column":34},"end":{"line":30,"column":35}},"loc":{"start":{"line":30,"column":54},"end":{"line":33,"column":1}},"line":30},"5":{"name":"(anonymous_5)","decl":{"start":{"line":35,"column":28},"end":{"line":35,"column":29}},"loc":{"start":{"line":35,"column":48},"end":{"line":51,"column":1}},"line":35},"6":{"name":"(anonymous_6)","decl":{"start":{"line":53,"column":28},"end":{"line":53,"column":29}},"loc":{"start":{"line":53,"column":48},"end":{"line":68,"column":1}},"line":53},"7":{"name":"(anonymous_7)","decl":{"start":{"line":70,"column":34},"end":{"line":70,"column":35}},"loc":{"start":{"line":70,"column":54},"end":{"line":93,"column":1}},"line":70},"8":{"name":"(anonymous_8)","decl":{"start":{"line":95,"column":28},"end":{"line":95,"column":29}},"loc":{"start":{"line":95,"column":48},"end":{"line":111,"column":1}},"line":95},"9":{"name":"(anonymous_9)","decl":{"start":{"line":113,"column":30},"end":{"line":113,"column":31}},"loc":{"start":{"line":113,"column":50},"end":{"line":116,"column":1}},"line":113},"10":{"name":"(anonymous_10)","decl":{"start":{"line":118,"column":31},"end":{"line":118,"column":32}},"loc":{"start":{"line":118,"column":51},"end":{"line":121,"column":1}},"line":118}},"branchMap":{},"s":{"0":0,"1":0,"2":0,"3":0,"4":0,"5":0,"6":0,"7":0,"8":0,"9":0,"10":0,"11":0,"12":0,"13":0,"14":0,"15":0,"16":0,"17":0,"18":0,"19":0,"20":0,"21":0,"22":0,"23":0,"24":0,"25":0,"26":0,"27":0,"28":0,"29":0,"30":0,"31":0,"32":0,"33":0,"34":0,"35":0,"36":0,"37":0,"38":0,"39":0,"40":0,"41":0,"42":0,"43":0,"44":0},"f":{"0":0,"1":0,"2":0,"3":0,"4":0,"5":0,"6":0,"7":0,"8":0,"9":0,"10":0},"b":{}}
,"/home/tikaya/innovevents-manager/src/controllers/NoteController.js": {"path":"/home/tikaya/innovevents-manager/src/controllers/NoteController.js","statementMap":{"0":{"start":{"line":6,"column":20},"end":{"line":6,"column":54}},"1":{"start":{"line":7,"column":37},"end":{"line":7,"column":70}},"2":{"start":{"line":8,"column":25},"end":{"line":8,"column":63}},"3":{"start":{"line":10,"column":15},"end":{"line":13,"column":2}},"4":{"start":{"line":11,"column":18},"end":{"line":11,"column":53}},"5":{"start":{"line":12,"column":4},"end":{"line":12,"column":45}},"6":{"start":{"line":15,"column":16},"end":{"line":18,"column":2}},"7":{"start":{"line":16,"column":17},"end":{"line":16,"column":57}},"8":{"start":{"line":17,"column":4},"end":{"line":17,"column":44}},"9":{"start":{"line":20,"column":23},"end":{"line":23,"column":2}},"10":{"start":{"line":21,"column":18},"end":{"line":21,"column":74}},"11":{"start":{"line":22,"column":4},"end":{"line":22,"column":45}},"12":{"start":{"line":25,"column":20},"end":{"line":28,"column":2}},"13":{"start":{"line":26,"column":18},"end":{"line":26,"column":49}},"14":{"start":{"line":27,"column":4},"end":{"line":27,"column":45}},"15":{"start":{"line":30,"column":20},"end":{"line":34,"column":2}},"16":{"start":{"line":31,"column":18},"end":{"line":31,"column":48}},"17":{"start":{"line":32,"column":18},"end":{"line":32,"column":54}},"18":{"start":{"line":33,"column":4},"end":{"line":33,"column":45}},"19":{"start":{"line":36,"column":15},"end":{"line":52,"column":2}},"20":{"start":{"line":37,"column":17},"end":{"line":37,"column":76}},"21":{"start":{"line":40,"column":4},"end":{"line":49,"column":6}},"22":{"start":{"line":51,"column":4},"end":{"line":51,"column":56}},"23":{"start":{"line":54,"column":15},"end":{"line":69,"column":2}},"24":{"start":{"line":55,"column":17},"end":{"line":55,"column":91}},"25":{"start":{"line":58,"column":4},"end":{"line":66,"column":6}},"26":{"start":{"line":68,"column":4},"end":{"line":68,"column":44}},"27":{"start":{"line":71,"column":15},"end":{"line":88,"column":2}},"28":{"start":{"line":72,"column":17},"end":{"line":72,"column":57}},"29":{"start":{"line":74,"column":4},"end":{"line":74,"column":84}},"30":{"start":{"line":77,"column":4},"end":{"line":85,"column":6}},"31":{"start":{"line":87,"column":4},"end":{"line":87,"column":59}},"32":{"start":{"line":90,"column":0},"end":{"line":90,"column":103}}},"fnMap":{"0":{"name":"(anonymous_0)","decl":{"start":{"line":10,"column":28},"end":{"line":10,"column":29}},"loc":{"start":{"line":10,"column":48},"end":{"line":13,"column":1}},"line":10},"1":{"name":"(anonymous_1)","decl":{"start":{"line":15,"column":29},"end":{"line":15,"column":30}},"loc":{"start":{"line":15,"column":49},"end":{"line":18,"column":1}},"line":15},"2":{"name":"(anonymous_2)","decl":{"start":{"line":20,"column":36},"end":{"line":20,"column":37}},"loc":{"start":{"line":20,"column":56},"end":{"line":23,"column":1}},"line":20},"3":{"name":"(anonymous_3)","decl":{"start":{"line":25,"column":33},"end":{"line":25,"column":34}},"loc":{"start":{"line":25,"column":53},"end":{"line":28,"column":1}},"line":25},"4":{"name":"(anonymous_4)","decl":{"start":{"line":30,"column":33},"end":{"line":30,"column":34}},"loc":{"start":{"line":30,"column":53},"end":{"line":34,"column":1}},"line":30},"5":{"name":"(anonymous_5)","decl":{"start":{"line":36,"column":28},"end":{"line":36,"column":29}},"loc":{"start":{"line":36,"column":48},"end":{"line":52,"column":1}},"line":36},"6":{"name":"(anonymous_6)","decl":{"start":{"line":54,"column":28},"end":{"line":54,"column":29}},"loc":{"start":{"line":54,"column":48},"end":{"line":69,"column":1}},"line":54},"7":{"name":"(anonymous_7)","decl":{"start":{"line":71,"column":28},"end":{"line":71,"column":29}},"loc":{"start":{"line":71,"column":48},"end":{"line":88,"column":1}},"line":71}},"branchMap":{"0":{"loc":{"start":{"line":31,"column":18},"end":{"line":31,"column":48}},"type":"binary-expr","locations":[{"start":{"line":31,"column":18},"end":{"line":31,"column":43}},{"start":{"line":31,"column":47},"end":{"line":31,"column":48}}],"line":31}},"s":{"0":0,"1":0,"2":0,"3":0,"4":0,"5":0,"6":0,"7":0,"8":0,"9":0,"10":0,"11":0,"12":0,"13":0,"14":0,"15":0,"16":0,"17":0,"18":0,"19":0,"20":0,"21":0,"22":0,"23":0,"24":0,"25":0,"26":0,"27":0,"28":0,"29":0,"30":0,"31":0,"32":0},"f":{"0":0,"1":0,"2":0,"3":0,"4":0,"5":0,"6":0,"7":0},"b":{"0":[0,0]}}
,"/home/tikaya/innovevents-manager/src/controllers/ProspectController.js": {"path":"/home/tikaya/innovevents-manager/src/controllers/ProspectController.js","statementMap":{"0":{"start":{"line":6,"column":24},"end":{"line":6,"column":62}},"1":{"start":{"line":7,"column":37},"end":{"line":7,"column":70}},"2":{"start":{"line":8,"column":25},"end":{"line":8,"column":63}},"3":{"start":{"line":10,"column":15},"end":{"line":13,"column":2}},"4":{"start":{"line":11,"column":22},"end":{"line":11,"column":61}},"5":{"start":{"line":12,"column":4},"end":{"line":12,"column":49}},"6":{"start":{"line":15,"column":16},"end":{"line":18,"column":2}},"7":{"start":{"line":16,"column":21},"end":{"line":16,"column":65}},"8":{"start":{"line":17,"column":4},"end":{"line":17,"column":48}},"9":{"start":{"line":20,"column":15},"end":{"line":37,"column":2}},"10":{"start":{"line":21,"column":21},"end":{"line":21,"column":59}},"11":{"start":{"line":24,"column":4},"end":{"line":34,"column":6}},"12":{"start":{"line":36,"column":4},"end":{"line":36,"column":150}},"13":{"start":{"line":39,"column":15},"end":{"line":42,"column":2}},"14":{"start":{"line":40,"column":21},"end":{"line":40,"column":74}},"15":{"start":{"line":41,"column":4},"end":{"line":41,"column":48}},"16":{"start":{"line":44,"column":15},"end":{"line":61,"column":2}},"17":{"start":{"line":45,"column":30},"end":{"line":45,"column":38}},"18":{"start":{"line":46,"column":21},"end":{"line":46,"column":79}},"19":{"start":{"line":49,"column":4},"end":{"line":58,"column":6}},"20":{"start":{"line":60,"column":4},"end":{"line":60,"column":48}},"21":{"start":{"line":63,"column":16},"end":{"line":82,"column":2}},"22":{"start":{"line":64,"column":34},"end":{"line":64,"column":42}},"23":{"start":{"line":65,"column":21},"end":{"line":65,"column":65}},"24":{"start":{"line":66,"column":19},"end":{"line":66,"column":82}},"25":{"start":{"line":69,"column":4},"end":{"line":79,"column":6}},"26":{"start":{"line":81,"column":4},"end":{"line":81,"column":46}},"27":{"start":{"line":84,"column":15},"end":{"line":87,"column":2}},"28":{"start":{"line":85,"column":4},"end":{"line":85,"column":48}},"29":{"start":{"line":86,"column":4},"end":{"line":86,"column":62}},"30":{"start":{"line":89,"column":15},"end":{"line":92,"column":2}},"31":{"start":{"line":90,"column":22},"end":{"line":90,"column":63}},"32":{"start":{"line":91,"column":4},"end":{"line":91,"column":49}},"33":{"start":{"line":94,"column":0},"end":{"line":94,"column":86}}},"fnMap":{"0":{"name":"(anonymous_0)","decl":{"start":{"line":10,"column":28},"end":{"line":10,"column":29}},"loc":{"start":{"line":10,"column":48},"end":{"line":13,"column":1}},"line":10},"1":{"name":"(anonymous_1)","decl":{"start":{"line":15,"column":29},"end":{"line":15,"column":30}},"loc":{"start":{"line":15,"column":49},"end":{"line":18,"column":1}},"line":15},"2":{"name":"(anonymous_2)","decl":{"start":{"line":20,"column":28},"end":{"line":20,"column":29}},"loc":{"start":{"line":20,"column":48},"end":{"line":37,"column":1}},"line":20},"3":{"name":"(anonymous_3)","decl":{"start":{"line":39,"column":28},"end":{"line":39,"column":29}},"loc":{"start":{"line":39,"column":48},"end":{"line":42,"column":1}},"line":39},"4":{"name":"(anonymous_4)","decl":{"start":{"line":44,"column":28},"end":{"line":44,"column":29}},"loc":{"start":{"line":44,"column":48},"end":{"line":61,"column":1}},"line":44},"5":{"name":"(anonymous_5)","decl":{"start":{"line":63,"column":29},"end":{"line":63,"column":30}},"loc":{"start":{"line":63,"column":49},"end":{"line":82,"column":1}},"line":63},"6":{"name":"(anonymous_6)","decl":{"start":{"line":84,"column":28},"end":{"line":84,"column":29}},"loc":{"start":{"line":84,"column":48},"end":{"line":87,"column":1}},"line":84},"7":{"name":"(anonymous_7)","decl":{"start":{"line":89,"column":28},"end":{"line":89,"column":29}},"loc":{"start":{"line":89,"column":48},"end":{"line":92,"column":1}},"line":89}},"branchMap":{},"s":{"0":0,"1":0,"2":0,"3":0,"4":0,"5":0,"6":0,"7":0,"8":0,"9":0,"10":0,"11":0,"12":0,"13":0,"14":0,"15":0,"16":0,"17":0,"18":0,"19":0,"20":0,"21":0,"22":0,"23":0,"24":0,"25":0,"26":0,"27":0,"28":0,"29":0,"30":0,"31":0,"32":0,"33":0},"f":{"0":0,"1":0,"2":0,"3":0,"4":0,"5":0,"6":0,"7":0},"b":{}}
,"/home/tikaya/innovevents-manager/src/controllers/TacheController.js": {"path":"/home/tikaya/innovevents-manager/src/controllers/TacheController.js","statementMap":{"0":{"start":{"line":6,"column":21},"end":{"line":6,"column":56}},"1":{"start":{"line":7,"column":37},"end":{"line":7,"column":70}},"2":{"start":{"line":8,"column":25},"end":{"line":8,"column":63}},"3":{"start":{"line":10,"column":15},"end":{"line":13,"column":2}},"4":{"start":{"line":11,"column":19},"end":{"line":11,"column":55}},"5":{"start":{"line":12,"column":4},"end":{"line":12,"column":46}},"6":{"start":{"line":15,"column":16},"end":{"line":18,"column":2}},"7":{"start":{"line":16,"column":18},"end":{"line":16,"column":59}},"8":{"start":{"line":17,"column":4},"end":{"line":17,"column":45}},"9":{"start":{"line":20,"column":23},"end":{"line":23,"column":2}},"10":{"start":{"line":21,"column":19},"end":{"line":21,"column":76}},"11":{"start":{"line":22,"column":4},"end":{"line":22,"column":46}},"12":{"start":{"line":25,"column":16},"end":{"line":28,"column":2}},"13":{"start":{"line":26,"column":19},"end":{"line":26,"column":79}},"14":{"start":{"line":27,"column":4},"end":{"line":27,"column":46}},"15":{"start":{"line":30,"column":20},"end":{"line":33,"column":2}},"16":{"start":{"line":31,"column":19},"end":{"line":31,"column":51}},"17":{"start":{"line":32,"column":4},"end":{"line":32,"column":46}},"18":{"start":{"line":35,"column":15},"end":{"line":38,"column":2}},"19":{"start":{"line":36,"column":18},"end":{"line":36,"column":53}},"20":{"start":{"line":37,"column":4},"end":{"line":37,"column":57}},"21":{"start":{"line":40,"column":15},"end":{"line":63,"column":2}},"22":{"start":{"line":42,"column":26},"end":{"line":42,"column":67}},"23":{"start":{"line":43,"column":25},"end":{"line":43,"column":51}},"24":{"start":{"line":45,"column":18},"end":{"line":45,"column":68}},"25":{"start":{"line":48,"column":4},"end":{"line":60,"column":5}},"26":{"start":{"line":49,"column":8},"end":{"line":59,"column":10}},"27":{"start":{"line":62,"column":4},"end":{"line":62,"column":45}},"28":{"start":{"line":65,"column":21},"end":{"line":88,"column":2}},"29":{"start":{"line":66,"column":23},"end":{"line":66,"column":31}},"30":{"start":{"line":69,"column":26},"end":{"line":69,"column":67}},"31":{"start":{"line":70,"column":25},"end":{"line":70,"column":51}},"32":{"start":{"line":72,"column":18},"end":{"line":72,"column":97}},"33":{"start":{"line":75,"column":4},"end":{"line":85,"column":6}},"34":{"start":{"line":87,"column":4},"end":{"line":87,"column":45}},"35":{"start":{"line":90,"column":15},"end":{"line":93,"column":2}},"36":{"start":{"line":91,"column":4},"end":{"line":91,"column":45}},"37":{"start":{"line":92,"column":4},"end":{"line":92,"column":60}},"38":{"start":{"line":95,"column":0},"end":{"line":95,"column":113}}},"fnMap":{"0":{"name":"(anonymous_0)","decl":{"start":{"line":10,"column":28},"end":{"line":10,"column":29}},"loc":{"start":{"line":10,"column":48},"end":{"line":13,"column":1}},"line":10},"1":{"name":"(anonymous_1)","decl":{"start":{"line":15,"column":29},"end":{"line":15,"column":30}},"loc":{"start":{"line":15,"column":49},"end":{"line":18,"column":1}},"line":15},"2":{"name":"(anonymous_2)","decl":{"start":{"line":20,"column":36},"end":{"line":20,"column":37}},"loc":{"start":{"line":20,"column":56},"end":{"line":23,"column":1}},"line":20},"3":{"name":"(anonymous_3)","decl":{"start":{"line":25,"column":29},"end":{"line":25,"column":30}},"loc":{"start":{"line":25,"column":49},"end":{"line":28,"column":1}},"line":25},"4":{"name":"(anonymous_4)","decl":{"start":{"line":30,"column":33},"end":{"line":30,"column":34}},"loc":{"start":{"line":30,"column":53},"end":{"line":33,"column":1}},"line":30},"5":{"name":"(anonymous_5)","decl":{"start":{"line":35,"column":28},"end":{"line":35,"column":29}},"loc":{"start":{"line":35,"column":48},"end":{"line":38,"column":1}},"line":35},"6":{"name":"(anonymous_6)","decl":{"start":{"line":40,"column":28},"end":{"line":40,"column":29}},"loc":{"start":{"line":40,"column":48},"end":{"line":63,"column":1}},"line":40},"7":{"name":"(anonymous_7)","decl":{"start":{"line":65,"column":34},"end":{"line":65,"column":35}},"loc":{"start":{"line":65,"column":54},"end":{"line":88,"column":1}},"line":65},"8":{"name":"(anonymous_8)","decl":{"start":{"line":90,"column":28},"end":{"line":90,"column":29}},"loc":{"start":{"line":90,"column":48},"end":{"line":93,"column":1}},"line":90}},"branchMap":{"0":{"loc":{"start":{"line":48,"column":4},"end":{"line":60,"column":5}},"type":"if","locations":[{"start":{"line":48,"column":4},"end":{"line":60,"column":5}},{"start":{},"end":{}}],"line":48},"1":{"loc":{"start":{"line":48,"column":8},"end":{"line":48,"column":71}},"type":"binary-expr","locations":[{"start":{"line":48,"column":8},"end":{"line":48,"column":29}},{"start":{"line":48,"column":33},"end":{"line":48,"column":71}}],"line":48}},"s":{"0":0,"1":0,"2":0,"3":0,"4":0,"5":0,"6":0,"7":0,"8":0,"9":0,"10":0,"11":0,"12":0,"13":0,"14":0,"15":0,"16":0,"17":0,"18":0,"19":0,"20":0,"21":0,"22":0,"23":0,"24":0,"25":0,"26":0,"27":0,"28":0,"29":0,"30":0,"31":0,"32":0,"33":0,"34":0,"35":0,"36":0,"37":0,"38":0},"f":{"0":0,"1":0,"2":0,"3":0,"4":0,"5":0,"6":0,"7":0,"8":0},"b":{"0":[0,0],"1":[0,0]}}
,"/home/tikaya/innovevents-manager/src/controllers/index.js": {"path":"/home/tikaya/innovevents-manager/src/controllers/index.js","statementMap":{"0":{"start":{"line":6,"column":23},"end":{"line":6,"column":50}},"1":{"start":{"line":7,"column":27},"end":{"line":7,"column":58}},"2":{"start":{"line":8,"column":25},"end":{"line":8,"column":54}},"3":{"start":{"line":9,"column":28},"end":{"line":9,"column":60}},"4":{"start":{"line":10,"column":24},"end":{"line":10,"column":52}},"5":{"start":{"line":11,"column":23},"end":{"line":11,"column":50}},"6":{"start":{"line":12,"column":24},"end":{"line":12,"column":52}},"7":{"start":{"line":13,"column":23},"end":{"line":13,"column":50}},"8":{"start":{"line":14,"column":26},"end":{"line":14,"column":56}},"9":{"start":{"line":15,"column":28},"end":{"line":15,"column":60}},"10":{"start":{"line":17,"column":0},"end":{"line":28,"column":2}}},"fnMap":{},"branchMap":{},"s":{"0":0,"1":0,"2":0,"3":0,"4":0,"5":0,"6":0,"7":0,"8":0,"9":0,"10":0},"f":{},"b":{}}
,"/home/tikaya/innovevents-manager/src/middlewares/auth.js": {"path":"/home/tikaya/innovevents-manager/src/middlewares/auth.js","statementMap":{"0":{"start":{"line":6,"column":12},"end":{"line":6,"column":35}},"1":{"start":{"line":7,"column":20},"end":{"line":7,"column":52}},"2":{"start":{"line":12,"column":21},"end":{"line":65,"column":1}},"3":{"start":{"line":13,"column":4},"end":{"line":64,"column":5}},"4":{"start":{"line":15,"column":27},"end":{"line":15,"column":52}},"5":{"start":{"line":17,"column":8},"end":{"line":22,"column":9}},"6":{"start":{"line":18,"column":12},"end":{"line":21,"column":15}},"7":{"start":{"line":24,"column":22},"end":{"line":24,"column":46}},"8":{"start":{"line":27,"column":24},"end":{"line":27,"column":65}},"9":{"start":{"line":30,"column":21},"end":{"line":30,"column":59}},"10":{"start":{"line":32,"column":8},"end":{"line":37,"column":9}},"11":{"start":{"line":33,"column":12},"end":{"line":36,"column":15}},"12":{"start":{"line":40,"column":8},"end":{"line":45,"column":9}},"13":{"start":{"line":41,"column":12},"end":{"line":44,"column":15}},"14":{"start":{"line":48,"column":8},"end":{"line":48,"column":24}},"15":{"start":{"line":49,"column":8},"end":{"line":49,"column":15}},"16":{"start":{"line":51,"column":8},"end":{"line":56,"column":9}},"17":{"start":{"line":52,"column":12},"end":{"line":55,"column":15}},"18":{"start":{"line":57,"column":8},"end":{"line":62,"column":9}},"19":{"start":{"line":58,"column":12},"end":{"line":61,"column":15}},"20":{"start":{"line":63,"column":8},"end":{"line":63,"column":20}},"21":{"start":{"line":71,"column":18},"end":{"line":89,"column":1}},"22":{"start":{"line":72,"column":4},"end":{"line":88,"column":6}},"23":{"start":{"line":73,"column":8},"end":{"line":78,"column":9}},"24":{"start":{"line":74,"column":12},"end":{"line":77,"column":15}},"25":{"start":{"line":80,"column":8},"end":{"line":85,"column":9}},"26":{"start":{"line":81,"column":12},"end":{"line":84,"column":15}},"27":{"start":{"line":87,"column":8},"end":{"line":87,"column":15}},"28":{"start":{"line":94,"column":21},"end":{"line":112,"column":1}},"29":{"start":{"line":95,"column":4},"end":{"line":111,"column":5}},"30":{"start":{"line":96,"column":27},"end":{"line":96,"column":52}},"31":{"start":{"line":98,"column":8},"end":{"line":106,"column":9}},"32":{"start":{"line":99,"column":26},"end":{"line":99,"column":50}},"33":{"start":{"line":100,"column":28},"end":{"line":100,"column":69}},"34":{"start":{"line":101,"column":25},"end":{"line":101,"column":63}},"35":{"start":{"line":103,"column":12},"end":{"line":105,"column":13}},"36":{"start":{"line":104,"column":16},"end":{"line":104,"column":32}},"37":{"start":{"line":107,"column":8},"end":{"line":107,"column":15}},"38":{"start":{"line":110,"column":8},"end":{"line":110,"column":15}},"39":{"start":{"line":114,"column":0},"end":{"line":118,"column":2}}},"fnMap":{"0":{"name":"(anonymous_0)","decl":{"start":{"line":12,"column":21},"end":{"line":12,"column":22}},"loc":{"start":{"line":12,"column":47},"end":{"line":65,"column":1}},"line":12},"1":{"name":"(anonymous_1)","decl":{"start":{"line":71,"column":18},"end":{"line":71,"column":19}},"loc":{"start":{"line":71,"column":32},"end":{"line":89,"column":1}},"line":71},"2":{"name":"(anonymous_2)","decl":{"start":{"line":72,"column":11},"end":{"line":72,"column":12}},"loc":{"start":{"line":72,"column":31},"end":{"line":88,"column":5}},"line":72},"3":{"name":"(anonymous_3)","decl":{"start":{"line":94,"column":21},"end":{"line":94,"column":22}},"loc":{"start":{"line":94,"column":47},"end":{"line":112,"column":1}},"line":94}},"branchMap":{"0":{"loc":{"start":{"line":17,"column":8},"end":{"line":22,"column":9}},"type":"if","locations":[{"start":{"line":17,"column":8},"end":{"line":22,"column":9}},{"start":{},"end":{}}],"line":17},"1":{"loc":{"start":{"line":17,"column":12},"end":{"line":17,"column":60}},"type":"binary-expr","locations":[{"start":{"line":17,"column":12},"end":{"line":17,"column":23}},{"start":{"line":17,"column":27},"end":{"line":17,"column":60}}],"line":17},"2":{"loc":{"start":{"line":32,"column":8},"end":{"line":37,"column":9}},"type":"if","locations":[{"start":{"line":32,"column":8},"end":{"line":37,"column":9}},{"start":{},"end":{}}],"line":32},"3":{"loc":{"start":{"line":40,"column":8},"end":{"line":45,"column":9}},"type":"if","locations":[{"start":{"line":40,"column":8},"end":{"line":45,"column":9}},{"start":{},"end":{}}],"line":40},"4":{"loc":{"start":{"line":51,"column":8},"end":{"line":56,"column":9}},"type":"if","locations":[{"start":{"line":51,"column":8},"end":{"line":56,"column":9}},{"start":{},"end":{}}],"line":51},"5":{"loc":{"start":{"line":57,"column":8},"end":{"line":62,"column":9}},"type":"if","locations":[{"start":{"line":57,"column":8},"end":{"line":62,"column":9}},{"start":{},"end":{}}],"line":57},"6":{"loc":{"start":{"line":73,"column":8},"end":{"line":78,"column":9}},"type":"if","locations":[{"start":{"line":73,"column":8},"end":{"line":78,"column":9}},{"start":{},"end":{}}],"line":73},"7":{"loc":{"start":{"line":80,"column":8},"end":{"line":85,"column":9}},"type":"if","locations":[{"start":{"line":80,"column":8},"end":{"line":85,"column":9}},{"start":{},"end":{}}],"line":80},"8":{"loc":{"start":{"line":98,"column":8},"end":{"line":106,"column":9}},"type":"if","locations":[{"start":{"line":98,"column":8},"end":{"line":106,"column":9}},{"start":{},"end":{}}],"line":98},"9":{"loc":{"start":{"line":98,"column":12},"end":{"line":98,"column":58}},"type":"binary-expr","locations":[{"start":{"line":98,"column":12},"end":{"line":98,"column":22}},{"start":{"line":98,"column":26},"end":{"line":98,"column":58}}],"line":98},"10":{"loc":{"start":{"line":103,"column":12},"end":{"line":105,"column":13}},"type":"if","locations":[{"start":{"line":103,"column":12},"end":{"line":105,"column":13}},{"start":{},"end":{}}],"line":103},"11":{"loc":{"start":{"line":103,"column":16},"end":{"line":103,"column":59}},"type":"binary-expr","locations":[{"start":{"line":103,"column":16},"end":{"line":103,"column":20}},{"start":{"line":103,"column":24},"end":{"line":103,"column":59}}],"line":103}},"s":{"0":0,"1":0,"2":0,"3":0,"4":0,"5":0,"6":0,"7":0,"8":0,"9":0,"10":0,"11":0,"12":0,"13":0,"14":0,"15":0,"16":0,"17":0,"18":0,"19":0,"20":0,"21":0,"22":0,"23":0,"24":0,"25":0,"26":0,"27":0,"28":0,"29":0,"30":0,"31":0,"32":0,"33":0,"34":0,"35":0,"36":0,"37":0,"38":0,"39":0},"f":{"0":0,"1":0,"2":0,"3":0},"b":{"0":[0,0],"1":[0,0],"2":[0,0],"3":[0,0],"4":[0,0],"5":[0,0],"6":[0,0],"7":[0,0],"8":[0,0],"9":[0,0],"10":[0,0],"11":[0,0]}}
,"/home/tikaya/innovevents-manager/src/middlewares/errorHandler.js": {"path":"/home/tikaya/innovevents-manager/src/middlewares/errorHandler.js","statementMap":{"0":{"start":{"line":11,"column":8},"end":{"line":11,"column":23}},"1":{"start":{"line":12,"column":8},"end":{"line":12,"column":37}},"2":{"start":{"line":13,"column":8},"end":{"line":13,"column":31}},"3":{"start":{"line":14,"column":8},"end":{"line":14,"column":34}},"4":{"start":{"line":21,"column":17},"end":{"line":24,"column":1}},"5":{"start":{"line":22,"column":18},"end":{"line":22,"column":76}},"6":{"start":{"line":23,"column":4},"end":{"line":23,"column":16}},"7":{"start":{"line":29,"column":21},"end":{"line":80,"column":1}},"8":{"start":{"line":30,"column":21},"end":{"line":30,"column":42}},"9":{"start":{"line":31,"column":18},"end":{"line":31,"column":57}},"10":{"start":{"line":34,"column":4},"end":{"line":40,"column":5}},"11":{"start":{"line":35,"column":8},"end":{"line":39,"column":11}},"12":{"start":{"line":43,"column":4},"end":{"line":66,"column":5}},"13":{"start":{"line":44,"column":8},"end":{"line":65,"column":9}},"14":{"start":{"line":46,"column":16},"end":{"line":46,"column":33}},"15":{"start":{"line":47,"column":16},"end":{"line":47,"column":53}},"16":{"start":{"line":48,"column":16},"end":{"line":48,"column":22}},"17":{"start":{"line":50,"column":16},"end":{"line":50,"column":33}},"18":{"start":{"line":51,"column":16},"end":{"line":51,"column":73}},"19":{"start":{"line":52,"column":16},"end":{"line":52,"column":22}},"20":{"start":{"line":54,"column":16},"end":{"line":54,"column":33}},"21":{"start":{"line":55,"column":16},"end":{"line":55,"column":60}},"22":{"start":{"line":56,"column":16},"end":{"line":56,"column":22}},"23":{"start":{"line":58,"column":16},"end":{"line":58,"column":33}},"24":{"start":{"line":59,"column":16},"end":{"line":59,"column":55}},"25":{"start":{"line":60,"column":16},"end":{"line":60,"column":22}},"26":{"start":{"line":62,"column":16},"end":{"line":62,"column":33}},"27":{"start":{"line":63,"column":16},"end":{"line":63,"column":68}},"28":{"start":{"line":64,"column":16},"end":{"line":64,"column":22}},"29":{"start":{"line":69,"column":21},"end":{"line":77,"column":5}},"30":{"start":{"line":79,"column":4},"end":{"line":79,"column":42}},"31":{"start":{"line":85,"column":21},"end":{"line":87,"column":1}},"32":{"start":{"line":85,"column":29},"end":{"line":87,"column":1}},"33":{"start":{"line":86,"column":4},"end":{"line":86,"column":52}},"34":{"start":{"line":89,"column":0},"end":{"line":94,"column":2}}},"fnMap":{"0":{"name":"(anonymous_0)","decl":{"start":{"line":10,"column":4},"end":{"line":10,"column":5}},"loc":{"start":{"line":10,"column":53},"end":{"line":15,"column":5}},"line":10},"1":{"name":"(anonymous_1)","decl":{"start":{"line":21,"column":17},"end":{"line":21,"column":18}},"loc":{"start":{"line":21,"column":37},"end":{"line":24,"column":1}},"line":21},"2":{"name":"(anonymous_2)","decl":{"start":{"line":29,"column":21},"end":{"line":29,"column":22}},"loc":{"start":{"line":29,"column":46},"end":{"line":80,"column":1}},"line":29},"3":{"name":"(anonymous_3)","decl":{"start":{"line":85,"column":21},"end":{"line":85,"column":22}},"loc":{"start":{"line":85,"column":29},"end":{"line":87,"column":1}},"line":85},"4":{"name":"(anonymous_4)","decl":{"start":{"line":85,"column":29},"end":{"line":85,"column":30}},"loc":{"start":{"line":85,"column":49},"end":{"line":87,"column":1}},"line":85}},"branchMap":{"0":{"loc":{"start":{"line":10,"column":37},"end":{"line":10,"column":51}},"type":"default-arg","locations":[{"start":{"line":10,"column":47},"end":{"line":10,"column":51}}],"line":10},"1":{"loc":{"start":{"line":30,"column":21},"end":{"line":30,"column":42}},"type":"binary-expr","locations":[{"start":{"line":30,"column":21},"end":{"line":30,"column":35}},{"start":{"line":30,"column":39},"end":{"line":30,"column":42}}],"line":30},"2":{"loc":{"start":{"line":31,"column":18},"end":{"line":31,"column":57}},"type":"binary-expr","locations":[{"start":{"line":31,"column":18},"end":{"line":31,"column":29}},{"start":{"line":31,"column":33},"end":{"line":31,"column":57}}],"line":31},"3":{"loc":{"start":{"line":34,"column":4},"end":{"line":40,"column":5}},"type":"if","locations":[{"start":{"line":34,"column":4},"end":{"line":40,"column":5}},{"start":{},"end":{}}],"line":34},"4":{"loc":{"start":{"line":43,"column":4},"end":{"line":66,"column":5}},"type":"if","locations":[{"start":{"line":43,"column":4},"end":{"line":66,"column":5}},{"start":{},"end":{}}],"line":43},"5":{"loc":{"start":{"line":44,"column":8},"end":{"line":65,"column":9}},"type":"switch","locations":[{"start":{"line":45,"column":12},"end":{"line":48,"column":22}},{"start":{"line":49,"column":12},"end":{"line":52,"column":22}},{"start":{"line":53,"column":12},"end":{"line":56,"column":22}},{"start":{"line":57,"column":12},"end":{"line":60,"column":22}},{"start":{"line":61,"column":12},"end":{"line":64,"column":22}}],"line":44},"6":{"loc":{"start":{"line":72,"column":12},"end":{"line":75,"column":9}},"type":"binary-expr","locations":[{"start":{"line":72,"column":12},"end":{"line":72,"column":50}},{"start":{"line":72,"column":54},"end":{"line":75,"column":9}}],"line":72},"7":{"loc":{"start":{"line":76,"column":12},"end":{"line":76,"column":51}},"type":"binary-expr","locations":[{"start":{"line":76,"column":12},"end":{"line":76,"column":23}},{"start":{"line":76,"column":27},"end":{"line":76,"column":51}}],"line":76}},"s":{"0":0,"1":0,"2":0,"3":0,"4":0,"5":0,"6":0,"7":0,"8":0,"9":0,"10":0,"11":0,"12":0,"13":0,"14":0,"15":0,"16":0,"17":0,"18":0,"19":0,"20":0,"21":0,"22":0,"23":0,"24":0,"25":0,"26":0,"27":0,"28":0,"29":0,"30":0,"31":0,"32":0,"33":0,"34":0},"f":{"0":0,"1":0,"2":0,"3":0,"4":0},"b":{"0":[0],"1":[0,0],"2":[0,0],"3":[0,0],"4":[0,0],"5":[0,0,0,0,0],"6":[0,0],"7":[0,0]}}
,"/home/tikaya/innovevents-manager/src/middlewares/index.js": {"path":"/home/tikaya/innovevents-manager/src/middlewares/index.js","statementMap":{"0":{"start":{"line":6,"column":50},"end":{"line":6,"column":67}},"1":{"start":{"line":7,"column":59},"end":{"line":7,"column":84}},"2":{"start":{"line":8,"column":19},"end":{"line":8,"column":42}},"3":{"start":{"line":10,"column":0},"end":{"line":24,"column":2}}},"fnMap":{},"branchMap":{},"s":{"0":0,"1":0,"2":0,"3":0},"f":{},"b":{}}
,"/home/tikaya/innovevents-manager/src/middlewares/validation.js": {"path":"/home/tikaya/innovevents-manager/src/middlewares/validation.js","statementMap":{"0":{"start":{"line":6,"column":49},"end":{"line":6,"column":77}},"1":{"start":{"line":11,"column":25},"end":{"line":21,"column":1}},"2":{"start":{"line":12,"column":19},"end":{"line":12,"column":40}},"3":{"start":{"line":13,"column":4},"end":{"line":19,"column":5}},"4":{"start":{"line":14,"column":8},"end":{"line":18,"column":11}},"5":{"start":{"line":20,"column":4},"end":{"line":20,"column":11}},"6":{"start":{"line":26,"column":22},"end":{"line":31,"column":113}},"7":{"start":{"line":36,"column":25},"end":{"line":43,"column":1}},"8":{"start":{"line":48,"column":22},"end":{"line":52,"column":1}},"9":{"start":{"line":57,"column":31},"end":{"line":66,"column":1}},"10":{"start":{"line":71,"column":25},"end":{"line":83,"column":1}},"11":{"start":{"line":88,"column":23},"end":{"line":95,"column":1}},"12":{"start":{"line":100,"column":26},"end":{"line":107,"column":1}},"13":{"start":{"line":112,"column":27},"end":{"line":116,"column":1}},"14":{"start":{"line":121,"column":21},"end":{"line":124,"column":1}},"15":{"start":{"line":129,"column":22},"end":{"line":134,"column":1}},"16":{"start":{"line":139,"column":21},"end":{"line":143,"column":1}},"17":{"start":{"line":148,"column":24},"end":{"line":153,"column":1}},"18":{"start":{"line":158,"column":19},"end":{"line":161,"column":1}},"19":{"start":{"line":163,"column":0},"end":{"line":177,"column":2}}},"fnMap":{"0":{"name":"(anonymous_0)","decl":{"start":{"line":11,"column":25},"end":{"line":11,"column":26}},"loc":{"start":{"line":11,"column":45},"end":{"line":21,"column":1}},"line":11}},"branchMap":{"0":{"loc":{"start":{"line":13,"column":4},"end":{"line":19,"column":5}},"type":"if","locations":[{"start":{"line":13,"column":4},"end":{"line":19,"column":5}},{"start":{},"end":{}}],"line":13}},"s":{"0":0,"1":0,"2":0,"3":0,"4":0,"5":0,"6":0,"7":0,"8":0,"9":0,"10":0,"11":0,"12":0,"13":0,"14":0,"15":0,"16":0,"17":0,"18":0,"19":0},"f":{"0":0},"b":{"0":[0,0]}}
,"/home/tikaya/innovevents-manager/src/models/Avis.js": {"path":"/home/tikaya/innovevents-manager/src/models/Avis.js","statementMap":{"0":{"start":{"line":6,"column":18},"end":{"line":6,"column":47}},"1":{"start":{"line":13,"column":18},"end":{"line":21,"column":9}},"2":{"start":{"line":22,"column":23},"end":{"line":22,"column":25}},"3":{"start":{"line":23,"column":25},"end":{"line":23,"column":26}},"4":{"start":{"line":25,"column":8},"end":{"line":28,"column":9}},"5":{"start":{"line":26,"column":12},"end":{"line":26,"column":59}},"6":{"start":{"line":27,"column":12},"end":{"line":27,"column":45}},"7":{"start":{"line":30,"column":8},"end":{"line":33,"column":9}},"8":{"start":{"line":31,"column":12},"end":{"line":31,"column":60}},"9":{"start":{"line":32,"column":12},"end":{"line":32,"column":46}},"10":{"start":{"line":35,"column":8},"end":{"line":38,"column":9}},"11":{"start":{"line":36,"column":12},"end":{"line":36,"column":57}},"12":{"start":{"line":37,"column":12},"end":{"line":37,"column":43}},"13":{"start":{"line":40,"column":8},"end":{"line":40,"column":53}},"14":{"start":{"line":41,"column":23},"end":{"line":41,"column":47}},"15":{"start":{"line":42,"column":8},"end":{"line":42,"column":27}},"16":{"start":{"line":49,"column":20},"end":{"line":58,"column":9}},"17":{"start":{"line":59,"column":23},"end":{"line":59,"column":39}},"18":{"start":{"line":60,"column":8},"end":{"line":60,"column":27}},"19":{"start":{"line":67,"column":20},"end":{"line":76,"column":9}},"20":{"start":{"line":77,"column":23},"end":{"line":77,"column":39}},"21":{"start":{"line":78,"column":8},"end":{"line":78,"column":27}},"22":{"start":{"line":85,"column":20},"end":{"line":93,"column":9}},"23":{"start":{"line":94,"column":23},"end":{"line":94,"column":45}},"24":{"start":{"line":95,"column":8},"end":{"line":95,"column":38}},"25":{"start":{"line":102,"column":20},"end":{"line":102,"column":99}},"26":{"start":{"line":103,"column":23},"end":{"line":103,"column":64}},"27":{"start":{"line":104,"column":8},"end":{"line":104,"column":50}},"28":{"start":{"line":111,"column":73},"end":{"line":111,"column":77}},"29":{"start":{"line":113,"column":20},"end":{"line":117,"column":9}},"30":{"start":{"line":118,"column":23},"end":{"line":118,"column":85}},"31":{"start":{"line":119,"column":23},"end":{"line":119,"column":47}},"32":{"start":{"line":120,"column":8},"end":{"line":120,"column":30}},"33":{"start":{"line":127,"column":48},"end":{"line":127,"column":52}},"34":{"start":{"line":129,"column":20},"end":{"line":135,"column":9}},"35":{"start":{"line":136,"column":23},"end":{"line":136,"column":74}},"36":{"start":{"line":137,"column":8},"end":{"line":137,"column":38}},"37":{"start":{"line":144,"column":20},"end":{"line":144,"column":85}},"38":{"start":{"line":145,"column":23},"end":{"line":145,"column":53}},"39":{"start":{"line":146,"column":8},"end":{"line":146,"column":38}},"40":{"start":{"line":153,"column":20},"end":{"line":153,"column":57}},"41":{"start":{"line":154,"column":23},"end":{"line":154,"column":45}},"42":{"start":{"line":155,"column":8},"end":{"line":155,"column":35}},"43":{"start":{"line":162,"column":20},"end":{"line":162,"column":93}},"44":{"start":{"line":163,"column":23},"end":{"line":163,"column":39}},"45":{"start":{"line":164,"column":8},"end":{"line":164,"column":55}},"46":{"start":{"line":171,"column":20},"end":{"line":171,"column":90}},"47":{"start":{"line":172,"column":23},"end":{"line":172,"column":39}},"48":{"start":{"line":173,"column":8},"end":{"line":173,"column":27}},"49":{"start":{"line":177,"column":0},"end":{"line":177,"column":22}}},"fnMap":{"0":{"name":"(anonymous_0)","decl":{"start":{"line":12,"column":4},"end":{"line":12,"column":5}},"loc":{"start":{"line":12,"column":39},"end":{"line":43,"column":5}},"line":12},"1":{"name":"(anonymous_1)","decl":{"start":{"line":48,"column":4},"end":{"line":48,"column":5}},"loc":{"start":{"line":48,"column":31},"end":{"line":61,"column":5}},"line":48},"2":{"name":"(anonymous_2)","decl":{"start":{"line":66,"column":4},"end":{"line":66,"column":5}},"loc":{"start":{"line":66,"column":33},"end":{"line":79,"column":5}},"line":66},"3":{"name":"(anonymous_3)","decl":{"start":{"line":84,"column":4},"end":{"line":84,"column":5}},"loc":{"start":{"line":84,"column":30},"end":{"line":96,"column":5}},"line":84},"4":{"name":"(anonymous_4)","decl":{"start":{"line":101,"column":4},"end":{"line":101,"column":5}},"loc":{"start":{"line":101,"column":64},"end":{"line":105,"column":5}},"line":101},"5":{"name":"(anonymous_5)","decl":{"start":{"line":110,"column":4},"end":{"line":110,"column":5}},"loc":{"start":{"line":110,"column":30},"end":{"line":121,"column":5}},"line":110},"6":{"name":"(anonymous_6)","decl":{"start":{"line":126,"column":4},"end":{"line":126,"column":5}},"loc":{"start":{"line":126,"column":34},"end":{"line":138,"column":5}},"line":126},"7":{"name":"(anonymous_7)","decl":{"start":{"line":143,"column":4},"end":{"line":143,"column":5}},"loc":{"start":{"line":143,"column":42},"end":{"line":147,"column":5}},"line":143},"8":{"name":"(anonymous_8)","decl":{"start":{"line":152,"column":4},"end":{"line":152,"column":5}},"loc":{"start":{"line":152,"column":28},"end":{"line":156,"column":5}},"line":152},"9":{"name":"(anonymous_9)","decl":{"start":{"line":161,"column":4},"end":{"line":161,"column":5}},"loc":{"start":{"line":161,"column":34},"end":{"line":165,"column":5}},"line":161},"10":{"name":"(anonymous_10)","decl":{"start":{"line":170,"column":4},"end":{"line":170,"column":5}},"loc":{"start":{"line":170,"column":33},"end":{"line":174,"column":5}},"line":170}},"branchMap":{"0":{"loc":{"start":{"line":12,"column":25},"end":{"line":12,"column":37}},"type":"default-arg","locations":[{"start":{"line":12,"column":35},"end":{"line":12,"column":37}}],"line":12},"1":{"loc":{"start":{"line":25,"column":8},"end":{"line":28,"column":9}},"type":"if","locations":[{"start":{"line":25,"column":8},"end":{"line":28,"column":9}},{"start":{},"end":{}}],"line":25},"2":{"loc":{"start":{"line":30,"column":8},"end":{"line":33,"column":9}},"type":"if","locations":[{"start":{"line":30,"column":8},"end":{"line":33,"column":9}},{"start":{},"end":{}}],"line":30},"3":{"loc":{"start":{"line":35,"column":8},"end":{"line":38,"column":9}},"type":"if","locations":[{"start":{"line":35,"column":8},"end":{"line":38,"column":9}},{"start":{},"end":{}}],"line":35},"4":{"loc":{"start":{"line":95,"column":15},"end":{"line":95,"column":37}},"type":"binary-expr","locations":[{"start":{"line":95,"column":15},"end":{"line":95,"column":29}},{"start":{"line":95,"column":33},"end":{"line":95,"column":37}}],"line":95},"5":{"loc":{"start":{"line":118,"column":35},"end":{"line":118,"column":59}},"type":"binary-expr","locations":[{"start":{"line":11
[...]
,"end":{"line":146,"column":43}},"45":{"start":{"line":149,"column":12},"end":{"line":153,"column":13}},"46":{"start":{"line":150,"column":16},"end":{"line":150,"column":74}},"47":{"start":{"line":152,"column":16},"end":{"line":152,"column":74}},"48":{"start":{"line":155,"column":12},"end":{"line":155,"column":47}},"49":{"start":{"line":157,"column":12},"end":{"line":157,"column":45}},"50":{"start":{"line":158,"column":12},"end":{"line":158,"column":24}},"51":{"start":{"line":160,"column":12},"end":{"line":160,"column":31}},"52":{"start":{"line":168,"column":24},"end":{"line":168,"column":49}},"53":{"start":{"line":169,"column":8},"end":{"line":171,"column":9}},"54":{"start":{"line":170,"column":12},"end":{"line":170,"column":51}},"55":{"start":{"line":172,"column":8},"end":{"line":172,"column":20}},"56":{"start":{"line":179,"column":8},"end":{"line":179,"column":37}},"57":{"start":{"line":183,"column":0},"end":{"line":183,"column":33}}},"fnMap":{"0":{"name":"(anonymous_0)","decl":{"start":{"line":18,"column":4},"end":{"line":18,"column":5}},"loc":{"start":{"line":18,"column":38},"end":{"line":20,"column":5}},"line":18},"1":{"name":"(anonymous_1)","decl":{"start":{"line":25,"column":4},"end":{"line":25,"column":5}},"loc":{"start":{"line":25,"column":29},"end":{"line":31,"column":5}},"line":25},"2":{"name":"(anonymous_2)","decl":{"start":{"line":36,"column":4},"end":{"line":36,"column":5}},"loc":{"start":{"line":36,"column":30},"end":{"line":54,"column":5}},"line":36},"3":{"name":"(anonymous_3)","decl":{"start":{"line":59,"column":4},"end":{"line":59,"column":5}},"loc":{"start":{"line":59,"column":34},"end":{"line":65,"column":5}},"line":59},"4":{"name":"(anonymous_4)","decl":{"start":{"line":70,"column":4},"end":{"line":70,"column":5}},"loc":{"start":{"line":70,"column":42},"end":{"line":86,"column":5}},"line":70},"5":{"name":"(anonymous_5)","decl":{"start":{"line":91,"column":4},"end":{"line":91,"column":5}},"loc":{"start":{"line":91,"column":74},"end":{"line":162,"column":5}},"line":91},"6":{"name":"(anonymous_6)","decl":{"start":{"line":167,"column":4},"end":{"line":167,"column":5}},"loc":{"start":{"line":167,"column":28},"end":{"line":173,"column":5}},"line":167},"7":{"name":"(anonymous_7)","decl":{"start":{"line":178,"column":4},"end":{"line":178,"column":5}},"loc":{"start":{"line":178,"column":30},"end":{"line":180,"column":5}},"line":178}},"branchMap":{"0":{"loc":{"start":{"line":18,"column":24},"end":{"line":18,"column":36}},"type":"default-arg","locations":[{"start":{"line":18,"column":34},"end":{"line":18,"column":36}}],"line":18},"1":{"loc":{"start":{"line":27,"column":8},"end":{"line":29,"column":9}},"type":"if","locations":[{"start":{"line":27,"column":8},"end":{"line":29,"column":9}},{"start":{},"end":{}}],"line":27},"2":{"loc":{"start":{"line":61,"column":8},"end":{"line":63,"column":9}},"type":"if","locations":[{"start":{"line":61,"column":8},"end":{"line":63,"column":9}},{"start":{},"end":{}}],"line":61},"3":{"loc":{"start":{"line":72,"column":8},"end":{"line":74,"column":9}},"type":"if","locations":[{"start":{"line":72,"column":8},"end":{"line":74,"column":9}},{"start":{},"end":{}}],"line":72},"4":{"loc":{"start":{"line":91,"column":37},"end":{"line":91,"column":52}},"type":"default-arg","locations":[{"start":{"line":91,"column":50},"end":{"line":91,"column":52}}],"line":91},"5":{"loc":{"start":{"line":91,"column":54},"end":{"line":91,"column":72}},"type":"default-arg","locations":[{"start":{"line":91,"column":70},"end":{"line":91,"column":72}}],"line":91},"6":{"loc":{"start":{"line":93,"column":8},"end":{"line":95,"column":9}},"type":"if","locations":[{"start":{"line":93,"column":8},"end":{"line":95,"column":9}},{"start":{},"end":{}}],"line":93},"7":{"loc":{"start":{"line":97,"column":8},"end":{"line":99,"column":9}},"type":"if","locations":[{"start":{"line":97,"column":8},"end":{"line":99,"column":9}},{"start":{},"end":{}}],"line":97},"8":{"loc":{"start":{"line":108,"column":23},"end":{"line":108,"column":73}},"type":"binary-expr","locations":[{"start":{"line":108,"column":23},"end":{"line":108,"column":46}},{"start":{"line":108,"column":50},"end":{"line":108,"column":73}}],"line":108},"9":{"loc":{"start":{"line":109,"column":21},"end":{"line":109,"column":68}},"type":"binary-expr","locations":[{"start":{"line":109,"column":21},"end":{"line":109,"column":43}},{"start":{"line":109,"column":47},"end":{"line":109,"column":68}}],"line":109},"10":{"loc":{"start":{"line":110,"column":24},"end":{"line":110,"column":77}},"type":"binary-expr","locations":[{"start":{"line":110,"column":24},"end":{"line":110,"column":49}},{"start":{"line":110,"column":53},"end":{"line":110,"column":77}}],"line":110},"11":{"loc":{"start":{"line":115,"column":39},"end":{"line":115,"column":98}},"type":"binary-expr","locations":[{"start":{"line":115,"column":39},"end":{"line":115,"column":71}},{"start":{"line":115,"column":75},"end":{"line":115,"column":98}}],"line":115},"12":{"loc":{"start":{"line":116,"column":29},"end":{"line":116,"column":76}},"type":"binary-expr","locations":[{"start":{"line":116,"column":29},"end":{"line":116,"column":51}},{"start":{"line":116,"column":55},"end":{"line":116,"column":76}}],"line":116},"13":{"loc":{"start":{"line":117,"column":32},"end":{"line":117,"column":85}},"type":"binary-expr","locations":[{"start":{"line":117,"column":32},"end":{"line":117,"column":57}},{"start":{"line":117,"column":61},"end":{"line":117,"column":85}}],"line":117},"14":{"loc":{"start":{"line":118,"column":30},"end":{"line":118,"column":80}},"type":"binary-expr","locations":[{"start":{"line":118,"column":30},"end":{"line":118,"column":53}},{"start":{"line":118,"column":57},"end":{"line":118,"column":80}}],"line":118},"15":{"loc":{"start":{"line":119,"column":34},"end":{"line":119,"column":92}},"type":"binary-expr","locations":[{"start":{"line":119,"column":34},"end":{"line":119,"column":61}},{"start":{"line":119,"column":65},"end":{"line":119,"column":92}}],"line":119},"16":{"loc":{"start":{"line":120,"column":32},"end":{"line":120,"column":65}},"type":"binary-expr","locations":[{"start":{"line":120,"column":32},"end":{"line":120,"column":57}},{"start":{"line":120,"column":61},"end":{"line":120,"column":65}}],"line":120},"17":{"loc":{"start":{"line":121,"column":36},"end":{"line":121,"column":73}},"type":"binary-expr","locations":[{"start":{"line":121,"column":36},"end":{"line":121,"column":65}},{"start":{"line":121,"column":69},"end":{"line":121,"column":73}}],"line":121},"18":{"loc":{"start":{"line":122,"column":30},"end":{"line":122,"column":61}},"type":"binary-expr","locations":[{"start":{"line":122,"column":30},"end":{"line":122,"column":53}},{"start":{"line":122,"column":57},"end":{"line":122,"column":61}}],"line":122},"19":{"loc":{"start":{"line":129,"column":31},"end":{"line":129,"column":128}},"type":"binary-expr","locations":[{"start":{"line":129,"column":31},"end":{"line":129,"column":58}},{"start":{"line":129,"column":62},"end":{"line":129,"column":128}}],"line":129},"20":{"loc":{"start":{"line":130,"column":28},"end":{"line":130,"column":79}},"type":"binary-expr","locations":[{"start":{"line":130,"column":28},"end":{"line":130,"column":52}},{"start":{"line":130,"column":56},"end":{"line":130,"column":79}}],"line":130},"21":{"loc":{"start":{"line":131,"column":29},"end":{"line":131,"column":62}},"type":"binary-expr","locations":[{"start":{"line":131,"column":29},"end":{"line":131,"column":54}},{"start":{"line":131,"column":58},"end":{"line":131,"column":62}}],"line":131},"22":{"loc":{"start":{"line":132,"column":26},"end":{"line":132,"column":75}},"type":"binary-expr","locations":[{"start":{"line":132,"column":26},"end":{"line":132,"column":48}},{"start":{"line":132,"column":52},"end":{"line":132,"column":75}}],"line":132},"23":{"loc":{"start":{"line":133,"column":27},"end":{"line":133,"column":58}},"type":"binary-expr","locations":[{"start":{"line":133,"column":27},"end":{"line":133,"column":50}},{"start":{"line":133,"column":54},"end":{"line":133,"column":58}}],"line":133},"24":{"loc":{"start":{"line":134,"column":32},"end":{"line":134,"column":86}},"type":"binary-expr","locations":[{"start":{"line":134,"column":32},"end":{"line":134,"column":60}},{"start":{"line":134,"column":64},"end":{"line":134,"column":86}}],"line":134},"25":{"loc":{"start":{"line":135,"column":32},"end":{"line":135,"column":96}},"type":"binary-expr","locations":[{"start":{"line":135,"column":32},"end":{"line":135,"column":60}},{"start":{"line":135,"column":64},"end":{"line":135,"column":96}}],"line":135},"26":{"loc":{"start":{"line":136,"column":33},"end":{"line":136,"column":70}},"type":"binary-expr","locations":[{"start":{"line":136,"column":33},"end":{"line":136,"column":62}},{"start":{"line":136,"column":66},"end":{"line":136,"column":70}}],"line":136},"27":{"loc":{"start":{"line":169,"column":8},"end":{"line":171,"column":9}},"type":"if","locations":[{"start":{"line":169,"column":8},"end":{"line":171,"column":9}},{"start":{},"end":{}}],"line":169}},"s":{"0":0,"1":0,"2":0,"3":0,"4":0,"5":0,"6":0,"7":0,"8":0,"9":0,"10":0,"11":0,"12":0,"13":0,"14":0,"15":0,"16":0,"17":0,"18":0,"19":0,"20":0,"21":0,"22":0,"23":0,"24":0,"25":0,"26":0,"27":0,"28":0,"29":0,"30":0,"31":0,"32":0,"33":0,"34":0,"35":0,"36":0,"37":0,"38":0,"39":0,"40":0,"41":0,"42":0,"43":0,"44":0,"45":0,"46":0,"47":0,"48":0,"49":0,"50":0,"51":0,"52":0,"53":0,"54":0,"55":0,"56":0,"57":0},"f":{"0":0,"1":0,"2":0,"3":0,"4":0,"5":0,"6":0,"7":0},"b":{"0":[0],"1":[0,0],"2":[0,0],"3":[0,0],"4":[0],"5":[0],"6":[0,0],"7":[0,0],"8":[0,0],"9":[0,0],"10":[0,0],"11":[0,0],"12":[0,0],"13":[0,0],"14":[0,0],"15":[0,0],"16":[0,0],"17":[0,0],"18":[0,0],"19":[0,0],"20":[0,0],"21":[0,0],"22":[0,0],"23":[0,0],"24":[0,0],"25":[0,0],"26":[0,0],"27":[0,0]}}
,"/home/tikaya/innovevents-manager/src/services/TacheService.js": {"path":"/home/tikaya/innovevents-manager/src/services/TacheService.js","statementMap":{"0":{"start":{"line":6,"column":14},"end":{"line":6,"column":40}},"1":{"start":{"line":7,"column":18},"end":{"line":7,"column":48}},"2":{"start":{"line":8,"column":20},"end":{"line":8,"column":52}},"3":{"start":{"line":12,"column":8},"end":{"line":12,"column":38}},"4":{"start":{"line":16,"column":22},"end":{"line":16,"column":46}},"5":{"start":{"line":17,"column":8},"end":{"line":17,"column":57}},"6":{"start":{"line":17,"column":20},"end":{"line":17,"column":57}},"7":{"start":{"line":18,"column":8},"end":{"line":18,"column":21}},"8":{"start":{"line":22,"column":8},"end":{"line":22,"column":50}},"9":{"start":{"line":26,"column":8},"end":{"line":26,"column":54}},"10":{"start":{"line":30,"column":8},"end":{"line":30,"column":36}},"11":{"start":{"line":35,"column":8},"end":{"line":38,"column":9}},"12":{"start":{"line":36,"column":24},"end":{"line":36,"column":67}},"13":{"start":{"line":37,"column":12},"end":{"line":37,"column":62}},"14":{"start":{"line":37,"column":22},"end":{"line":37,"column":62}},"15":{"start":{"line":40,"column":21},"end":{"line":40,"column":68}},"16":{"start":{"line":41,"column":8},"end":{"line":41,"column":61}},"17":{"start":{"line":41,"column":19},"end":{"line":41,"column":61}},"18":{"start":{"line":42,"column":8},"end":{"line":44,"column":9}},"19":{"start":{"line":43,"column":12},"end":{"line":43,"column":63}},"20":{"start":{"line":46,"column":8},"end":{"line":46,"column":34}},"21":{"start":{"line":50,"column":8},"end":{"line":55,"column":9}},"22":{"start":{"line":51,"column":25},"end":{"line":51,"column":72}},"23":{"start":{"line":52,"column":12},"end":{"line":54,"column":13}},"24":{"start":{"line":53,"column":16},"end":{"line":53,"column":67}},"25":{"start":{"line":58,"column":8},"end":{"line":61,"column":9}},"26":{"start":{"line":59,"column":24},"end":{"line":59,"column":67}},"27":{"start":{"line":60,"column":12},"end":{"line":60,"column":62}},"28":{"start":{"line":60,"column":22},"end":{"line":60,"column":62}},"29":{"start":{"line":63,"column":22},"end":{"line":63,"column":50}},"30":{"start":{"line":64,"column":8},"end":{"line":64,"column":57}},"31":{"start":{"line":64,"column":20},"end":{"line":64,"column":57}},"32":{"start":{"line":65,"column":8},"end":{"line":65,"column":21}},"33":{"start":{"line":69,"column":22},"end":{"line":69,"column":56}},"34":{"start":{"line":70,"column":8},"end":{"line":70,"column":72}},"35":{"start":{"line":70,"column":37},"end":{"line":70,"column":72}},"36":{"start":{"line":72,"column":22},"end":{"line":72,"column":46}},"37":{"start":{"line":73,"column":8},"end":{"line":73,"column":57}},"38":{"start":{"line":73,"column":20},"end":{"line":73,"column":57}},"39":{"start":{"line":74,"column":8},"end":{"line":76,"column":9}},"40":{"start":{"line":75,"column":12},"end":{"line":75,"column":71}},"41":{"start":{"line":78,"column":8},"end":{"line":78,"column":46}},"42":{"start":{"line":82,"column":24},"end":{"line":82,"column":46}},"43":{"start":{"line":83,"column":8},"end":{"line":83,"column":59}},"44":{"start":{"line":83,"column":22},"end":{"line":83,"column":59}},"45":{"start":{"line":84,"column":8},"end":{"line":84,"column":20}},"46":{"start":{"line":88,"column":8},"end":{"line":88,"column":48}},"47":{"start":{"line":92,"column":0},"end":{"line":92,"column":30}}},"fnMap":{"0":{"name":"(anonymous_0)","decl":{"start":{"line":11,"column":4},"end":{"line":11,"column":5}},"loc":{"start":{"line":11,"column":38},"end":{"line":13,"column":5}},"line":11},"1":{"name":"(anonymous_1)","decl":{"start":{"line":15,"column":4},"end":{"line":15,"column":5}},"loc":{"start":{"line":15,"column":29},"end":{"line":19,"column":5}},"line":15},"2":{"name":"(anonymous_2)","decl":{"start":{"line":21,"column":4},"end":{"line":21,"column":5}},"loc":{"start":{"line":21,"column":45},"end":{"line":23,"column":5}},"line":21},"3":{"name":"(anonymous_3)","decl":{"start":{"line":25,"column":4},"end":{"line":25,"column":5}},"loc":{"start":{"line":25,"column":49},"end":{"line":27,"column":5}},"line":25},"4":{"name":"(anonymous_4)","decl":{"start":{"line":29,"column":4},"end":{"line":29,"column":5}},"loc":{"start":{"line":29,"column":31},"end":{"line":31,"column":5}},"line":29},"5":{"name":"(anonymous_5)","decl":{"start":{"line":33,"column":4},"end":{"line":33,"column":5}},"loc":{"start":{"line":33,"column":30},"end":{"line":47,"column":5}},"line":33},"6":{"name":"(anonymous_6)","decl":{"start":{"line":49,"column":4},"end":{"line":49,"column":5}},"loc":{"start":{"line":49,"column":34},"end":{"line":66,"column":5}},"line":49},"7":{"name":"(anonymous_7)","decl":{"start":{"line":68,"column":4},"end":{"line":68,"column":5}},"loc":{"start":{"line":68,"column":57},"end":{"line":79,"column":5}},"line":68},"8":{"name":"(anonymous_8)","decl":{"start":{"line":81,"column":4},"end":{"line":81,"column":5}},"loc":{"start":{"line":81,"column":28},"end":{"line":85,"column":5}},"line":81},"9":{"name":"(anonymous_9)","decl":{"start":{"line":87,"column":4},"end":{"line":87,"column":5}},"loc":{"start":{"line":87,"column":51},"end":{"line":89,"column":5}},"line":87}},"branchMap":{"0":{"loc":{"start":{"line":11,"column":24},"end":{"line":11,"column":36}},"type":"default-arg","locations":[{"start":{"line":11,"column":34},"end":{"line":11,"column":36}}],"line":11},"1":{"loc":{"start":{"line":17,"column":8},"end":{"line":17,"column":57}},"type":"if","locations":[{"start":{"line":17,"column":8},"end":{"line":17,"column":57}},{"start":{},"end":{}}],"line":17},"2":{"loc":{"start":{"line":35,"column":8},"end":{"line":38,"column":9}},"type":"if","locations":[{"start":{"line":35,"column":8},"end":{"line":38,"column":9}},{"start":{},"end":{}}],"line":35},"3":{"loc":{"start":{"line":37,"column":12},"end":{"line":37,"column":62}},"type":"if","locations":[{"start":{"line":37,"column":12},"end":{"line":37,"column":62}},{"start":{},"end":{}}],"line":37},"4":{"loc":{"start":{"line":41,"column":8},"end":{"line":41,"column":61}},"type":"if","locations":[{"start":{"line":41,"column":8},"end":{"line":41,"column":61}},{"start":{},"end":{}}],"line":41},"5":{"loc":{"start":{"line":42,"column":8},"end":{"line":44,"column":9}},"type":"if","locations":[{"start":{"line":42,"column":8},"end":{"line":44,"column":9}},{"start":{},"end":{}}],"line":42},"6":{"loc":{"start":{"line":50,"column":8},"end":{"line":55,"column":9}},"type":"if","locations":[{"start":{"line":50,"column":8},"end":{"line":55,"column":9}},{"start":{},"end":{}}],"line":50},"7":{"loc":{"start":{"line":52,"column":12},"end":{"line":54,"column":13}},"type":"if","locations":[{"start":{"line":52,"column":12},"end":{"line":54,"column":13}},{"start":{},"end":{}}],"line":52},"8":{"loc":{"start":{"line":52,"column":16},"end":{"line":52,"column":66}},"type":"binary-expr","locations":[{"start":{"line":52,"column":16},"end":{"line":52,"column":21}},{"start":{"line":52,"column":25},"end":{"line":52,"column":66}}],"line":52},"9":{"loc":{"start":{"line":58,"column":8},"end":{"line":61,"column":9}},"type":"if","locations":[{"start":{"line":58,"column":8},"end":{"line":61,"column":9}},{"start":{},"end":{}}],"line":58},"10":{"loc":{"start":{"line":60,"column":12},"end":{"line":60,"column":62}},"type":"if","locations":[{"start":{"line":60,"column":12},"end":{"line":60,"column":62}},{"start":{},"end":{}}],"line":60},"11":{"loc":{"start":{"line":64,"column":8},"end":{"line":64,"column":57}},"type":"if","locations":[{"start":{"line":64,"column":8},"end":{"line":64,"column":57}},{"start":{},"end":{}}],"line":64},"12":{"loc":{"start":{"line":70,"column":8},"end":{"line":70,"column":72}},"type":"if","locations":[{"start":{"line":70,"column":8},"end":{"line":70,"column":72}},{"start":{},"end":{}}],"line":70},"13":{"loc":{"start":{"line":73,"column":8},"end":{"line":73,"column":57}},"type":"if","locations":[{"start":{"line":73,"column":8},"end":{"line":73,"column":57}},{"start":{},"end":{}}],"line":73},"14":{"loc":{"start":{"line":74,"column":8},"end":{"line":76,"column":9}},"type":"if","locations":[{"start":{"line":74,"column":8},"end":{"line":76,"column":9}},{"start":{},"end":{}}],"line":74},"15":{"loc":{"start":{"line":83,"column":8},"end":{"line":83,"column":59}},"type":"if","locations":[{"start":{"line":83,"column":8},"end":{"line":83,"column":59}},{"start":{},"end":{}}],"line":83},"16":{"loc":{"start":{"line":87,"column":31},"end":{"line":87,"column":49}},"type":"default-arg","locations":[{"start":{"line":87,"column":45},"end":{"line":87,"column":49}}],"line":87}},"s":{"0":0,"1":0,"2":0,"3":0,"4":0,"5":0,"6":0,"7":0,"8":0,"9":0,"10":0,"11":0,"12":0,"13":0,"14":0,"15":0,"16":0,"17":0,"18":0,"19":0,"20":0,"21":0,"22":0,"23":0,"24":0,"25":0,"26":0,"27":0,"28":0,"29":0,"30":0,"31":0,"32":0,"33":0,"34":0,"35":0,"36":0,"37":0,"38":0,"39":0,"40":0,"41":0,"42":0,"43":0,"44":0,"45":0,"46":0,"47":0},"f":{"0":0,"1":0,"2":0,"3":0,"4":0,"5":0,"6":0,"7":0,"8":0,"9":0},"b":{"0":[0],"1":[0,0],"2":[0,0],"3":[0,0],"4":[0,0],"5":[0,0],"6":[0,0],"7":[0,0],"8":[0,0],"9":[0,0],"10":[0,0],"11":[0,0],"12":[0,0],"13":[0,0],"14":[0,0],"15":[0,0],"16":[0]}}
,"/home/tikaya/innovevents-manager/src/services/index.js": {"path":"/home/tikaya/innovevents-manager/src/services/index.js","statementMap":{"0":{"start":{"line":6,"column":20},"end":{"line":6,"column":44}},"1":{"start":{"line":7,"column":21},"end":{"line":7,"column":46}},"2":{"start":{"line":8,"column":19},"end":{"line":8,"column":42}},"3":{"start":{"line":9,"column":24},"end":{"line":9,"column":52}},"4":{"start":{"line":10,"column":22},"end":{"line":10,"column":48}},"5":{"start":{"line":11,"column":25},"end":{"line":11,"column":54}},"6":{"start":{"line":12,"column":21},"end":{"line":12,"column":46}},"7":{"start":{"line":13,"column":20},"end":{"line":13,"column":44}},"8":{"start":{"line":14,"column":21},"end":{"line":14,"column":46}},"9":{"start":{"line":15,"column":20},"end":{"line":15,"column":44}},"10":{"start":{"line":16,"column":23},"end":{"line":16,"column":50}},"11":{"start":{"line":18,"column":0},"end":{"line":30,"column":2}}},"fnMap":{},"branchMap":{},"s":{"0":0,"1":0,"2":0,"3":0,"4":0,"5":0,"6":0,"7":0,"8":0,"9":0,"10":0,"11":0},"f":{},"b":{}}
}
